[ 2015-09-16T10:12:04+08:00 ] 127.0.0.1 /
INFO: [ app_init ] --START--
INFO: Run Behavior\BuildLiteBehavior [ RunTime:0.000000s ]
INFO: [ app_init ] --END-- [ RunTime:0.958055s ]
INFO: [ app_begin ] --START--
INFO: Run Behavior\ReadHtmlCacheBehavior [ RunTime:0.071004s ]
INFO: [ app_begin ] --END-- [ RunTime:0.071004s ]
INFO: [ app_end ] --START--
INFO: Run Behavior\ShowPageTraceBehavior [ RunTime:0.006000s ]
INFO: [ app_end ] --END-- [ RunTime:0.007000s ]

[ 2015-09-16T10:20:39+08:00 ] 127.0.0.1 /Home/Index/
INFO: [ app_init ] --START--
INFO: Run Behavior\BuildLiteBehavior [ RunTime:0.000000s ]
INFO: [ app_init ] --END-- [ RunTime:0.001000s ]
INFO: [ app_begin ] --START--
INFO: Run Behavior\ReadHtmlCacheBehavior [ RunTime:0.001000s ]
INFO: [ app_begin ] --END-- [ RunTime:0.001000s ]
INFO: [ app_end ] --START--
INFO: Run Behavior\ShowPageTraceBehavior [ RunTime:0.000000s ]
INFO: [ app_end ] --END-- [ RunTime:0.001001s ]

[ 2015-09-16T10:20:42+08:00 ] 127.0.0.1 /Home/Index/add
INFO: [ app_init ] --START--
INFO: Run Behavior\BuildLiteBehavior [ RunTime:0.000000s ]
INFO: [ app_init ] --END-- [ RunTime:0.001001s ]
INFO: [ app_begin ] --START--
INFO: Run Behavior\ReadHtmlCacheBehavior [ RunTime:0.001000s ]
INFO: [ app_begin ] --END-- [ RunTime:0.001000s ]
INFO: [ app_end ] --START--
INFO: Run Behavior\ShowPageTraceBehavior [ RunTime:0.000000s ]
INFO: [ app_end ] --END-- [ RunTime:0.001000s ]

[ 2015-09-16T10:28:41+08:00 ] 127.0.0.1 /Home/Index/newsList
INFO: [ app_init ] --START--
INFO: Run Behavior\BuildLiteBehavior [ RunTime:0.000000s ]
INFO: [ app_init ] --END-- [ RunTime:0.001000s ]
INFO: [ app_begin ] --START--
INFO: Run Behavior\ReadHtmlCacheBehavior [ RunTime:0.001000s ]
INFO: [ app_begin ] --END-- [ RunTime:0.001000s ]
INFO: [ app_end ] --START--
INFO: Run Behavior\ShowPageTraceBehavior [ RunTime:0.001000s ]
INFO: [ app_end ] --END-- [ RunTime:0.001000s ]

[ 2015-09-16T10:34:09+08:00 ] 127.0.0.1 /Home/Index/newsList
INFO: [ app_init ] --START--
INFO: Run Behavior\BuildLiteBehavior [ RunTime:0.000000s ]
INFO: [ app_init ] --END-- [ RunTime:0.001000s ]
INFO: [ app_begin ] --START--
INFO: Run Behavior\ReadHtmlCacheBehavior [ RunTime:0.001000s ]
INFO: [ app_begin ] --END-- [ RunTime:0.002000s ]
INFO: [ app_end ] --START--
INFO: Run Behavior\ShowPageTraceBehavior [ RunTime:0.000000s ]
INFO: [ app_end ] --END-- [ RunTime:0.001000s ]

[ 2015-09-16T10:40:46+08:00 ] 127.0.0.1 /Home/Index/newsList
INFO: [ app_init ] --START--
INFO: Run Behavior\BuildLiteBehavior [ RunTime:0.000000s ]
INFO: [ app_init ] --END-- [ RunTime:0.001000s ]
INFO: [ app_begin ] --START--
INFO: Run Behavior\ReadHtmlCacheBehavior [ RunTime:0.001000s ]
INFO: [ app_begin ] --END-- [ RunTime:0.001000s ]

[ 2015-09-16T10:47:10+08:00 ] 127.0.0.1 /Home/Index/newsList
INFO: [ app_init ] --START--
INFO: Run Behavior\BuildLiteBehavior [ RunTime:0.000000s ]
INFO: [ app_init ] --END-- [ RunTime:0.000000s ]
INFO: [ app_begin ] --START--
INFO: Run Behavior\ReadHtmlCacheBehavior [ RunTime:0.002000s ]
INFO: [ app_begin ] --END-- [ RunTime:0.003000s ]

[ 2015-09-16T10:48:51+08:00 ] 127.0.0.1 /Home/Index/newsList
INFO: [ app_init ] --START--
INFO: Run Behavior\BuildLiteBehavior [ RunTime:0.000000s ]
INFO: [ app_init ] --END-- [ RunTime:0.003000s ]
INFO: [ app_begin ] --START--
INFO: Run Behavior\ReadHtmlCacheBehavior [ RunTime:0.001000s ]
INFO: [ app_begin ] --END-- [ RunTime:0.001000s ]

[ 2015-09-16T10:49:09+08:00 ] 127.0.0.1 /Home/Index/newsList
INFO: [ app_init ] --START--
INFO: Run Behavior\BuildLiteBehavior [ RunTime:0.000000s ]
INFO: [ app_init ] --END-- [ RunTime:0.001000s ]
INFO: [ app_begin ] --START--
INFO: Run Behavior\ReadHtmlCacheBehavior [ RunTime:0.001000s ]
INFO: [ app_begin ] --END-- [ RunTime:0.001000s ]

[ 2015-09-16T10:49:24+08:00 ] 127.0.0.1 /Home/Index/newsList
INFO: [ app_init ] --START--
INFO: Run Behavior\BuildLiteBehavior [ RunTime:0.000000s ]
INFO: [ app_init ] --END-- [ RunTime:0.001000s ]
INFO: [ app_begin ] --START--
INFO: Run Behavior\ReadHtmlCacheBehavior [ RunTime:0.001000s ]
INFO: [ app_begin ] --END-- [ RunTime:0.001000s ]

[ 2015-09-16T10:51:37+08:00 ] 127.0.0.1 /Home/Index/newsList
INFO: [ app_init ] --START--
INFO: Run Behavior\BuildLiteBehavior [ RunTime:0.000000s ]
INFO: [ app_init ] --END-- [ RunTime:0.002001s ]
INFO: [ app_begin ] --START--
INFO: Run Behavior\ReadHtmlCacheBehavior [ RunTime:0.000000s ]
INFO: [ app_begin ] --END-- [ RunTime:0.001000s ]

[ 2015-09-16T11:02:08+08:00 ] 127.0.0.1 /Home/Index/newsList
INFO: [ app_init ] --START--
INFO: Run Behavior\BuildLiteBehavior [ RunTime:0.000000s ]
INFO: [ app_init ] --END-- [ RunTime:0.001000s ]
INFO: [ app_begin ] --START--
INFO: Run Behavior\ReadHtmlCacheBehavior [ RunTime:0.000000s ]
INFO: [ app_begin ] --END-- [ RunTime:0.002000s ]
ERR: SQLSTATE[42S02]: Base table or view not found: 1146 Table 'news.data_content_257' doesn't exist

[ 2015-09-16T11:02:21+08:00 ] 127.0.0.1 /Home/Index/newsList
INFO: [ app_init ] --START--
INFO: Run Behavior\BuildLiteBehavior [ RunTime:0.000000s ]
INFO: [ app_init ] --END-- [ RunTime:0.000000s ]
INFO: [ app_begin ] --START--
INFO: Run Behavior\ReadHtmlCacheBehavior [ RunTime:0.000000s ]
INFO: [ app_begin ] --END-- [ RunTime:0.000000s ]
NOTIC: [8] Undefined index: type E:\wamp\www\news\Application\Home\Controller\IndexController.class.php 第 11 行.
ERR: SQLSTATE[42S02]: Base table or view not found: 1146 Table 'news.data_content_257' doesn't exist

[ 2015-09-16T11:16:00+08:00 ] 127.0.0.1 /Home/Index/newsList
INFO: [ app_init ] --START--
INFO: Run Behavior\BuildLiteBehavior [ RunTime:0.000000s ]
INFO: [ app_init ] --END-- [ RunTime:0.001000s ]
INFO: [ app_begin ] --START--
INFO: Run Behavior\ReadHtmlCacheBehavior [ RunTime:0.001000s ]
INFO: [ app_begin ] --END-- [ RunTime:0.001000s ]
NOTIC: [8] Undefined index: type E:\wamp\www\news\Application\Home\Controller\IndexController.class.php 第 11 行.
ERR: SQLSTATE[42S02]: Base table or view not found: 1146 Table 'news.data_content_257' doesn't exist

[ 2015-09-16T11:17:40+08:00 ] 127.0.0.1 /Home/Index/newsList
INFO: [ app_init ] --START--
INFO: Run Behavior\BuildLiteBehavior [ RunTime:0.000000s ]
INFO: [ app_init ] --END-- [ RunTime:0.000000s ]
INFO: [ app_begin ] --START--
INFO: Run Behavior\ReadHtmlCacheBehavior [ RunTime:0.001000s ]
INFO: [ app_begin ] --END-- [ RunTime:0.001000s ]
NOTIC: [8] Undefined index: type E:\wamp\www\news\Application\Home\Controller\IndexController.class.php 第 11 行.
SQL: SHOW COLUMNS FROM `nc_admin` [ RunTime:0.0830s ]
ERR: SQLSTATE[42S22]: Column not found: 1054 Unknown column 'id' in 'order clause'

[ 2015-09-16T11:17:58+08:00 ] 127.0.0.1 /Home/Index/newsList
INFO: [ app_init ] --START--
INFO: Run Behavior\BuildLiteBehavior [ RunTime:0.000000s ]
INFO: [ app_init ] --END-- [ RunTime:0.000000s ]
INFO: [ app_begin ] --START--
INFO: Run Behavior\ReadHtmlCacheBehavior [ RunTime:0.001000s ]
INFO: [ app_begin ] --END-- [ RunTime:0.001000s ]
NOTIC: [8] Undefined index: type E:\wamp\www\news\Application\Home\Controller\IndexController.class.php 第 11 行.
SQL: SHOW COLUMNS FROM `nc_admin` [ RunTime:0.5470s ]
SQL: SELECT * FROM `nc_admin` LIMIT 10   [ RunTime:0.9151s ]

[ 2015-09-16T11:18:22+08:00 ] 127.0.0.1 /Home/Index/newsList
INFO: [ app_init ] --START--
INFO: Run Behavior\BuildLiteBehavior [ RunTime:0.000000s ]
INFO: [ app_init ] --END-- [ RunTime:0.001000s ]
INFO: [ app_begin ] --START--
INFO: Run Behavior\ReadHtmlCacheBehavior [ RunTime:0.002000s ]
INFO: [ app_begin ] --END-- [ RunTime:0.002000s ]
NOTIC: [8] Undefined index: type E:\wamp\www\news\Application\Home\Controller\IndexController.class.php 第 11 行.
ERR: SQLSTATE[42S02]: Base table or view not found: 1146 Table 'yangsheng.nc_content_257' doesn't exist

[ 2015-09-16T11:18:42+08:00 ] 127.0.0.1 /Home/Index/newsList
INFO: [ app_init ] --START--
INFO: Run Behavior\BuildLiteBehavior [ RunTime:0.000000s ]
INFO: [ app_init ] --END-- [ RunTime:0.001000s ]
INFO: [ app_begin ] --START--
INFO: Run Behavior\ReadHtmlCacheBehavior [ RunTime:0.003000s ]
INFO: [ app_begin ] --END-- [ RunTime:0.003000s ]
NOTIC: [8] Undefined index: type E:\wamp\www\news\Application\Home\Controller\IndexController.class.php 第 11 行.
ERR: SQLSTATE[42S02]: Base table or view not found: 1146 Table 'news.data_content_257' doesn't exist

[ 2015-09-16T11:25:54+08:00 ] 127.0.0.1 /Home/Index/newsList
INFO: [ app_init ] --START--
INFO: Run Behavior\BuildLiteBehavior [ RunTime:0.000000s ]
INFO: [ app_init ] --END-- [ RunTime:0.001000s ]
INFO: [ app_begin ] --START--
INFO: Run Behavior\ReadHtmlCacheBehavior [ RunTime:0.001000s ]
INFO: [ app_begin ] --END-- [ RunTime:0.001000s ]
NOTIC: [8] Undefined index: type E:\wamp\www\news\Application\Home\Controller\IndexController.class.php 第 11 行.
ERR: SQLSTATE[42S02]: Base table or view not found: 1146 Table 'news.data_content' doesn't exist

[ 2015-09-16T11:26:12+08:00 ] 127.0.0.1 /Home/Index/newsList
INFO: [ app_init ] --START--
INFO: Run Behavior\BuildLiteBehavior [ RunTime:0.000000s ]
INFO: [ app_init ] --END-- [ RunTime:0.000000s ]
INFO: [ app_begin ] --START--
INFO: Run Behavior\ReadHtmlCacheBehavior [ RunTime:0.000000s ]
INFO: [ app_begin ] --END-- [ RunTime:0.001000s ]
NOTIC: [8] Undefined index: type E:\wamp\www\news\Application\Home\Controller\IndexController.class.php 第 11 行.
ERR: SQLSTATE[42S02]: Base table or view not found: 1146 Table 'news.data_content' doesn't exist

[ 2015-09-16T11:27:08+08:00 ] 127.0.0.1 /Home/Index/newsList
INFO: [ app_init ] --START--
INFO: Run Behavior\BuildLiteBehavior [ RunTime:0.000000s ]
INFO: [ app_init ] --END-- [ RunTime:0.000000s ]
INFO: [ app_begin ] --START--
INFO: Run Behavior\ReadHtmlCacheBehavior [ RunTime:0.001000s ]
INFO: [ app_begin ] --END-- [ RunTime:0.001000s ]
NOTIC: [8] Undefined index: type E:\wamp\www\news\Application\Home\Controller\IndexController.class.php 第 11 行.
ERR: SQLSTATE[42S02]: Base table or view not found: 1146 Table 'news.data_content' doesn't exist

[ 2015-09-16T11:28:29+08:00 ] 127.0.0.1 /Home/Index/newsList
INFO: [ app_init ] --START--
INFO: Run Behavior\BuildLiteBehavior [ RunTime:0.000000s ]
INFO: [ app_init ] --END-- [ RunTime:0.001000s ]
INFO: [ app_begin ] --START--
INFO: Run Behavior\ReadHtmlCacheBehavior [ RunTime:0.001000s ]
INFO: [ app_begin ] --END-- [ RunTime:0.003000s ]
NOTIC: [8] Undefined index: type E:\wamp\www\news\Application\Home\Controller\IndexController.class.php 第 11 行.
ERR: SQLSTATE[42S02]: Base table or view not found: 1146 Table 'news.data_content' doesn't exist

[ 2015-09-16T11:28:43+08:00 ] 127.0.0.1 /Home/Index/newsList
INFO: [ app_init ] --START--
INFO: Run Behavior\BuildLiteBehavior [ RunTime:0.000000s ]
INFO: [ app_init ] --END-- [ RunTime:0.001000s ]
INFO: [ app_begin ] --START--
INFO: Run Behavior\ReadHtmlCacheBehavior [ RunTime:0.001000s ]
INFO: [ app_begin ] --END-- [ RunTime:0.001000s ]
NOTIC: [8] Undefined index: type E:\wamp\www\news\Application\Home\Controller\IndexController.class.php 第 11 行.
ERR: SQLSTATE[42S02]: Base table or view not found: 1146 Table 'news.content' doesn't exist

[ 2015-09-16T15:09:28+08:00 ] 127.0.0.1 /Home/Index/newsList
INFO: [ app_init ] --START--
INFO: Run Behavior\BuildLiteBehavior [ RunTime:0.000000s ]
INFO: [ app_init ] --END-- [ RunTime:0.013001s ]
INFO: [ app_begin ] --START--
INFO: Run Behavior\ReadHtmlCacheBehavior [ RunTime:0.015001s ]
INFO: [ app_begin ] --END-- [ RunTime:0.015001s ]
NOTIC: [8] Undefined index: type E:\wamp\www\news\Application\Home\Controller\IndexController.class.php 第 11 行.
ERR: SQLSTATE[42S02]: Base table or view not found: 1146 Table 'news.data_content' doesn't exist

[ 2015-09-16T15:10:06+08:00 ] 127.0.0.1 /Home/Index/newsList
INFO: [ app_init ] --START--
INFO: Run Behavior\BuildLiteBehavior [ RunTime:0.000000s ]
INFO: [ app_init ] --END-- [ RunTime:0.000000s ]
INFO: [ app_begin ] --START--
INFO: Run Behavior\ReadHtmlCacheBehavior [ RunTime:0.001000s ]
INFO: [ app_begin ] --END-- [ RunTime:0.001000s ]
NOTIC: [8] Undefined index: type E:\wamp\www\news\Application\Home\Controller\IndexController.class.php 第 11 行.
ERR: SQLSTATE[42S02]: Base table or view not found: 1146 Table 'news.data_content_257' doesn't exist

[ 2015-09-16T15:10:19+08:00 ] 127.0.0.1 /Home/Index/newsList
INFO: [ app_init ] --START--
INFO: Run Behavior\BuildLiteBehavior [ RunTime:0.001000s ]
INFO: [ app_init ] --END-- [ RunTime:0.001000s ]
INFO: [ app_begin ] --START--
INFO: Run Behavior\ReadHtmlCacheBehavior [ RunTime:0.001000s ]
INFO: [ app_begin ] --END-- [ RunTime:0.002000s ]
NOTIC: [8] Undefined index: type E:\wamp\www\news\Application\Home\Controller\IndexController.class.php 第 11 行.
ERR: SQLSTATE[42S02]: Base table or view not found: 1146 Table 'news.data_content_257' doesn't exist

[ 2015-09-16T15:10:34+08:00 ] 127.0.0.1 /Home/Index/newsList
INFO: [ app_init ] --START--
INFO: Run Behavior\BuildLiteBehavior [ RunTime:0.000000s ]
INFO: [ app_init ] --END-- [ RunTime:0.000000s ]
INFO: [ app_begin ] --START--
INFO: Run Behavior\ReadHtmlCacheBehavior [ RunTime:0.001001s ]
INFO: [ app_begin ] --END-- [ RunTime:0.001001s ]
NOTIC: [8] Undefined index: type E:\wamp\www\news\Application\Home\Controller\IndexController.class.php 第 11 行.
ERR: SQLSTATE[42S02]: Base table or view not found: 1146 Table 'news.data_content' doesn't exist

[ 2015-09-16T15:12:27+08:00 ] 127.0.0.1 /Home/Index/newsList
INFO: [ app_init ] --START--
INFO: Run Behavior\BuildLiteBehavior [ RunTime:0.000000s ]
INFO: [ app_init ] --END-- [ RunTime:0.000000s ]
INFO: [ app_begin ] --START--
INFO: Run Behavior\ReadHtmlCacheBehavior [ RunTime:0.001000s ]
INFO: [ app_begin ] --END-- [ RunTime:0.001000s ]
NOTIC: [8] Undefined index: type E:\wamp\www\news\Application\Home\Controller\IndexController.class.php 第 11 行.
ERR: SQLSTATE[42S02]: Base table or view not found: 1146 Table 'news.data_content' doesn't exist

[ 2015-09-16T15:16:36+08:00 ] 127.0.0.1 /Home/Index/newsList
INFO: [ app_init ] --START--
INFO: Run Behavior\BuildLiteBehavior [ RunTime:0.000000s ]
INFO: [ app_init ] --END-- [ RunTime:0.000000s ]
INFO: [ app_begin ] --START--
INFO: Run Behavior\ReadHtmlCacheBehavior [ RunTime:0.001000s ]
INFO: [ app_begin ] --END-- [ RunTime:0.002000s ]
NOTIC: [8] Undefined index: type E:\wamp\www\news\Application\Home\Controller\IndexController.class.php 第 11 行.
ERR: SQLSTATE[42S02]: Base table or view not found: 1146 Table 'news.data_content' doesn't exist

[ 2015-09-16T15:17:12+08:00 ] 127.0.0.1 /Home/Index/newsList
INFO: [ app_init ] --START--
INFO: Run Behavior\BuildLiteBehavior [ RunTime:0.000000s ]
INFO: [ app_init ] --END-- [ RunTime:0.001000s ]
INFO: [ app_begin ] --START--
INFO: Run Behavior\ReadHtmlCacheBehavior [ RunTime:0.000000s ]
INFO: [ app_begin ] --END-- [ RunTime:0.002000s ]
NOTIC: [8] Undefined index: type E:\wamp\www\news\Application\Home\Controller\IndexController.class.php 第 11 行.
ERR: SQLSTATE[42S02]: Base table or view not found: 1146 Table 'news.data_content' doesn't exist

[ 2015-09-16T15:18:05+08:00 ] 127.0.0.1 /Home/Index/newsList
INFO: [ app_init ] --START--
INFO: Run Behavior\BuildLiteBehavior [ RunTime:0.000000s ]
INFO: [ app_init ] --END-- [ RunTime:0.001000s ]
INFO: [ app_begin ] --START--
INFO: Run Behavior\ReadHtmlCacheBehavior [ RunTime:0.000000s ]
INFO: [ app_begin ] --END-- [ RunTime:0.002000s ]
NOTIC: [8] Undefined index: type E:\wamp\www\news\Application\Home\Controller\IndexController.class.php 第 11 行.
ERR: SQLSTATE[42S02]: Base table or view not found: 1146 Table 'news.data_content' doesn't exist

[ 2015-09-16T15:18:16+08:00 ] 127.0.0.1 /Home/Index/newsList
INFO: [ app_init ] --START--
INFO: Run Behavior\BuildLiteBehavior [ RunTime:0.000000s ]
INFO: [ app_init ] --END-- [ RunTime:0.001000s ]
INFO: [ app_begin ] --START--
INFO: Run Behavior\ReadHtmlCacheBehavior [ RunTime:0.001000s ]
INFO: [ app_begin ] --END-- [ RunTime:0.002000s ]
NOTIC: [8] Undefined index: type E:\wamp\www\news\Application\Home\Controller\IndexController.class.php 第 11 行.
ERR: SQLSTATE[42S02]: Base table or view not found: 1146 Table 'news.data_content' doesn't exist

[ 2015-09-16T15:20:34+08:00 ] 127.0.0.1 /Home/Index/newsList
INFO: [ app_init ] --START--
INFO: Run Behavior\BuildLiteBehavior [ RunTime:0.000000s ]
INFO: [ app_init ] --END-- [ RunTime:0.001000s ]
INFO: [ app_begin ] --START--
INFO: Run Behavior\ReadHtmlCacheBehavior [ RunTime:0.001000s ]
INFO: [ app_begin ] --END-- [ RunTime:0.001000s ]
NOTIC: [8] Undefined index: type E:\wamp\www\news\Application\Home\Controller\IndexController.class.php 第 11 行.
ERR: SQLSTATE[42S02]: Base table or view not found: 1146 Table 'news.data_content' doesn't exist

[ 2015-09-16T15:20:43+08:00 ] 127.0.0.1 /Home/Index/newsList
INFO: [ app_init ] --START--
INFO: Run Behavior\BuildLiteBehavior [ RunTime:0.000000s ]
INFO: [ app_init ] --END-- [ RunTime:0.001000s ]
INFO: [ app_begin ] --START--
INFO: Run Behavior\ReadHtmlCacheBehavior [ RunTime:0.001000s ]
INFO: [ app_begin ] --END-- [ RunTime:0.001000s ]
NOTIC: [8] Undefined index: type E:\wamp\www\news\Application\Home\Controller\IndexController.class.php 第 11 行.
ERR: SQLSTATE[42S02]: Base table or view not found: 1146 Table 'news.data_content' doesn't exist

[ 2015-09-16T15:21:12+08:00 ] 127.0.0.1 /Home/Index/newsList
INFO: [ app_init ] --START--
INFO: Run Behavior\BuildLiteBehavior [ RunTime:0.000000s ]
INFO: [ app_init ] --END-- [ RunTime:0.000000s ]
INFO: [ app_begin ] --START--
INFO: Run Behavior\ReadHtmlCacheBehavior [ RunTime:0.001000s ]
INFO: [ app_begin ] --END-- [ RunTime:0.001000s ]
NOTIC: [8] Undefined index: type E:\wamp\www\news\Application\Home\Controller\IndexController.class.php 第 11 行.
ERR: SQLSTATE[42S02]: Base table or view not found: 1146 Table 'news.data_content' doesn't exist

[ 2015-09-16T15:23:32+08:00 ] 127.0.0.1 /Home/Index/newsList
INFO: [ app_init ] --START--
INFO: Run Behavior\BuildLiteBehavior [ RunTime:0.000000s ]
INFO: [ app_init ] --END-- [ RunTime:0.001000s ]
INFO: [ app_begin ] --START--
INFO: Run Behavior\ReadHtmlCacheBehavior [ RunTime:0.001000s ]
INFO: [ app_begin ] --END-- [ RunTime:0.001000s ]
NOTIC: [8] Undefined index: type E:\wamp\www\news\Application\Home\Controller\IndexController.class.php 第 11 行.
ERR: SQLSTATE[42S02]: Base table or view not found: 1146 Table 'news.data_content' doesn't exist

[ 2015-09-16T15:39:07+08:00 ] 127.0.0.1 /Home/Index/newsList
INFO: [ app_init ] --START--
INFO: Run Behavior\BuildLiteBehavior [ RunTime:0.000000s ]
INFO: [ app_init ] --END-- [ RunTime:0.001001s ]
INFO: [ app_begin ] --START--
INFO: Run Behavior\ReadHtmlCacheBehavior [ RunTime:0.001000s ]
INFO: [ app_begin ] --END-- [ RunTime:0.001000s ]
NOTIC: [8] Undefined index: type E:\wamp\www\news\Application\Home\Controller\IndexController.class.php 第 11 行.
ERR: SQLSTATE[42S02]: Base table or view not found: 1146 Table 'news.data_content' doesn't exist

[ 2015-09-16T15:39:11+08:00 ] 127.0.0.1 /Home/Index/newsList
INFO: [ app_init ] --START--
INFO: Run Behavior\BuildLiteBehavior [ RunTime:0.000000s ]
INFO: [ app_init ] --END-- [ RunTime:0.000000s ]
INFO: [ app_begin ] --START--
INFO: Run Behavior\ReadHtmlCacheBehavior [ RunTime:0.001000s ]
INFO: [ app_begin ] --END-- [ RunTime:0.001000s ]
NOTIC: [8] Undefined index: type E:\wamp\www\news\Application\Home\Controller\IndexController.class.php 第 11 行.
ERR: SQLSTATE[42S02]: Base table or view not found: 1146 Table 'news.data_content' doesn't exist

[ 2015-09-16T15:39:50+08:00 ] 127.0.0.1 /Home/Index/newsList
INFO: [ app_init ] --START--
INFO: Run Behavior\BuildLiteBehavior [ RunTime:0.000000s ]
INFO: [ app_init ] --END-- [ RunTime:0.001000s ]
INFO: [ app_begin ] --START--
INFO: Run Behavior\ReadHtmlCacheBehavior [ RunTime:0.001000s ]
INFO: [ app_begin ] --END-- [ RunTime:0.001000s ]
NOTIC: [8] Undefined index: type E:\wamp\www\news\Application\Home\Controller\IndexController.class.php 第 11 行.
ERR: SQLSTATE[42S02]: Base table or view not found: 1146 Table 'news.data_content' doesn't exist

[ 2015-09-16T15:41:33+08:00 ] 127.0.0.1 /Home/Index/newsList
INFO: [ app_init ] --START--
INFO: Run Behavior\BuildLiteBehavior [ RunTime:0.000000s ]
INFO: [ app_init ] --END-- [ RunTime:0.000000s ]
INFO: [ app_begin ] --START--
INFO: Run Behavior\ReadHtmlCacheBehavior [ RunTime:0.000000s ]
INFO: [ app_begin ] --END-- [ RunTime:0.002000s ]
NOTIC: [8] Undefined index: type E:\wamp\www\news\Application\Home\Controller\IndexController.class.php 第 11 行.
ERR: SQLSTATE[42S02]: Base table or view not found: 1146 Table 'news.data_content' doesn't exist

[ 2015-09-16T15:42:42+08:00 ] 127.0.0.1 /Home/Index/newsList
INFO: [ app_init ] --START--
INFO: Run Behavior\BuildLiteBehavior [ RunTime:0.000000s ]
INFO: [ app_init ] --END-- [ RunTime:0.001000s ]
INFO: [ app_begin ] --START--
INFO: Run Behavior\ReadHtmlCacheBehavior [ RunTime:0.001000s ]
INFO: [ app_begin ] --END-- [ RunTime:0.001000s ]
NOTIC: [8] Undefined index: type E:\wamp\www\news\Application\Home\Controller\IndexController.class.php 第 11 行.
ERR: SQLSTATE[42S02]: Base table or view not found: 1146 Table 'news.data_content' doesn't exist

[ 2015-09-16T15:47:11+08:00 ] 127.0.0.1 /Home/Index/newsList
INFO: [ app_init ] --START--
INFO: Run Behavior\BuildLiteBehavior [ RunTime:0.000000s ]
INFO: [ app_init ] --END-- [ RunTime:0.000000s ]
INFO: [ app_begin ] --START--
INFO: Run Behavior\ReadHtmlCacheBehavior [ RunTime:0.001000s ]
INFO: [ app_begin ] --END-- [ RunTime:0.001000s ]
NOTIC: [8] Undefined index: type E:\wamp\www\news\Application\Home\Controller\IndexController.class.php 第 11 行.
ERR: SQLSTATE[42S02]: Base table or view not found: 1146 Table 'news.data_content' doesn't exist

[ 2015-09-16T15:48:02+08:00 ] 127.0.0.1 /Home/Index/newsList
INFO: [ app_init ] --START--
INFO: Run Behavior\BuildLiteBehavior [ RunTime:0.000000s ]
INFO: [ app_init ] --END-- [ RunTime:0.001000s ]
INFO: [ app_begin ] --START--
INFO: Run Behavior\ReadHtmlCacheBehavior [ RunTime:0.001000s ]
INFO: [ app_begin ] --END-- [ RunTime:0.001000s ]
NOTIC: [8] Undefined index: type E:\wamp\www\news\Application\Home\Controller\IndexController.class.php 第 11 行.
ERR: SQLSTATE[42S02]: Base table or view not found: 1146 Table 'news.data_content' doesn't exist

[ 2015-09-16T15:48:10+08:00 ] 127.0.0.1 /Home/Index/newsList
INFO: [ app_init ] --START--
INFO: Run Behavior\BuildLiteBehavior [ RunTime:0.000000s ]
INFO: [ app_init ] --END-- [ RunTime:0.000000s ]
INFO: [ app_begin ] --START--
INFO: Run Behavior\ReadHtmlCacheBehavior [ RunTime:0.001000s ]
INFO: [ app_begin ] --END-- [ RunTime:0.001000s ]
NOTIC: [8] Undefined index: type E:\wamp\www\news\Application\Home\Controller\IndexController.class.php 第 11 行.
ERR: SQLSTATE[42S02]: Base table or view not found: 1146 Table 'news.data_content' doesn't exist

[ 2015-09-16T15:49:47+08:00 ] 127.0.0.1 /Home/Index/newsList
INFO: [ app_init ] --START--
INFO: Run Behavior\BuildLiteBehavior [ RunTime:0.000000s ]
INFO: [ app_init ] --END-- [ RunTime:0.001000s ]
INFO: [ app_begin ] --START--
INFO: Run Behavior\ReadHtmlCacheBehavior [ RunTime:0.003000s ]
INFO: [ app_begin ] --END-- [ RunTime:0.003000s ]
NOTIC: [8] Undefined index: type E:\wamp\www\news\Application\Home\Controller\IndexController.class.php 第 11 行.

[ 2015-09-16T15:51:34+08:00 ] 127.0.0.1 /Home/Index/newsList
INFO: [ app_init ] --START--
INFO: Run Behavior\BuildLiteBehavior [ RunTime:0.000000s ]
INFO: [ app_init ] --END-- [ RunTime:0.001000s ]
INFO: [ app_begin ] --START--
INFO: Run Behavior\ReadHtmlCacheBehavior [ RunTime:0.001000s ]
INFO: [ app_begin ] --END-- [ RunTime:0.001000s ]
NOTIC: [8] Undefined index: type E:\wamp\www\news\Application\Home\Controller\IndexController.class.php 第 11 行.

[ 2015-09-16T15:51:35+08:00 ] 127.0.0.1 /Home/Index/newsList
INFO: [ app_init ] --START--
INFO: Run Behavior\BuildLiteBehavior [ RunTime:0.000000s ]
INFO: [ app_init ] --END-- [ RunTime:0.001000s ]
INFO: [ app_begin ] --START--
INFO: Run Behavior\ReadHtmlCacheBehavior [ RunTime:0.001001s ]
INFO: [ app_begin ] --END-- [ RunTime:0.001001s ]
NOTIC: [8] Undefined index: type E:\wamp\www\news\Application\Home\Controller\IndexController.class.php 第 11 行.

[ 2015-09-16T15:51:51+08:00 ] 127.0.0.1 /Home/Index/newsList
INFO: [ app_init ] --START--
INFO: Run Behavior\BuildLiteBehavior [ RunTime:0.000000s ]
INFO: [ app_init ] --END-- [ RunTime:0.001000s ]
INFO: [ app_begin ] --START--
INFO: Run Behavior\ReadHtmlCacheBehavior [ RunTime:0.000000s ]
INFO: [ app_begin ] --END-- [ RunTime:0.001000s ]
NOTIC: [8] Undefined index: type E:\wamp\www\news\Application\Home\Controller\IndexController.class.php 第 11 行.

[ 2015-09-16T15:52:20+08:00 ] 127.0.0.1 /Home/Index/newsList
INFO: [ app_init ] --START--
INFO: Run Behavior\BuildLiteBehavior [ RunTime:0.000000s ]
INFO: [ app_init ] --END-- [ RunTime:0.001000s ]
INFO: [ app_begin ] --START--
INFO: Run Behavior\ReadHtmlCacheBehavior [ RunTime:0.001000s ]
INFO: [ app_begin ] --END-- [ RunTime:0.001000s ]
NOTIC: [8] Undefined index: type E:\wamp\www\news\Application\Home\Controller\IndexController.class.php 第 11 行.
ERR: SQLSTATE[42S02]: Base table or view not found: 1146 Table 'news.data_content' doesn't exist

[ 2015-09-16T15:52:30+08:00 ] 127.0.0.1 /Home/Index/newsList
INFO: [ app_init ] --START--
INFO: Run Behavior\BuildLiteBehavior [ RunTime:0.000000s ]
INFO: [ app_init ] --END-- [ RunTime:0.000000s ]
INFO: [ app_begin ] --START--
INFO: Run Behavior\ReadHtmlCacheBehavior [ RunTime:0.001000s ]
INFO: [ app_begin ] --END-- [ RunTime:0.002000s ]
NOTIC: [8] Undefined index: type E:\wamp\www\news\Application\Home\Controller\IndexController.class.php 第 11 行.

[ 2015-09-16T15:53:47+08:00 ] 127.0.0.1 /Home/Index/newsList
INFO: [ app_init ] --START--
INFO: Run Behavior\BuildLiteBehavior [ RunTime:0.000000s ]
INFO: [ app_init ] --END-- [ RunTime:0.000000s ]
INFO: [ app_begin ] --START--
INFO: Run Behavior\ReadHtmlCacheBehavior [ RunTime:0.001000s ]
INFO: [ app_begin ] --END-- [ RunTime:0.001000s ]
NOTIC: [8] Undefined index: type E:\wamp\www\news\Application\Home\Controller\IndexController.class.php 第 11 行.
ERR: SQLSTATE[42S02]: Base table or view not found: 1146 Table 'news.data_content' doesn't exist

[ 2015-09-16T15:54:25+08:00 ] 127.0.0.1 /Home/Index/newsList
INFO: [ app_init ] --START--
INFO: Run Behavior\BuildLiteBehavior [ RunTime:0.000000s ]
INFO: [ app_init ] --END-- [ RunTime:0.001000s ]
INFO: [ app_begin ] --START--
INFO: Run Behavior\ReadHtmlCacheBehavior [ RunTime:0.001000s ]
INFO: [ app_begin ] --END-- [ RunTime:0.001000s ]
NOTIC: [8] Undefined index: type E:\wamp\www\news\Application\Home\Controller\IndexController.class.php 第 11 行.
SQL: SHOW COLUMNS FROM `Data_Content_257` [ RunTime:0.0550s ]
SQL: SELECT * FROM `Data_Content_257` ORDER BY id LIMIT 10   [ RunTime:7.2984s ]
INFO: [ app_end ] --START--
INFO: Run Behavior\ShowPageTraceBehavior [ RunTime:0.019001s ]
INFO: [ app_end ] --END-- [ RunTime:0.020001s ]

[ 2015-09-16T15:54:33+08:00 ] 127.0.0.1 /Home/Index/newsList.hdBigPic.js
INFO: [ app_init ] --START--
INFO: Run Behavior\BuildLiteBehavior [ RunTime:0.000000s ]
INFO: [ app_init ] --END-- [ RunTime:0.001000s ]
INFO: [ app_begin ] --START--
INFO: Run Behavior\ReadHtmlCacheBehavior [ RunTime:0.001000s ]
INFO: [ app_begin ] --END-- [ RunTime:0.002000s ]
ERR: 非法操作:newsList.hdBigPic.js

[ 2015-09-16T15:56:08+08:00 ] 127.0.0.1 /Home/Index/newsList
INFO: [ app_init ] --START--
INFO: Run Behavior\BuildLiteBehavior [ RunTime:0.000000s ]
INFO: [ app_init ] --END-- [ RunTime:0.001000s ]
INFO: [ app_begin ] --START--
INFO: Run Behavior\ReadHtmlCacheBehavior [ RunTime:0.001000s ]
INFO: [ app_begin ] --END-- [ RunTime:0.001000s ]
NOTIC: [8] Undefined index: type E:\wamp\www\news\Application\Home\Controller\IndexController.class.php 第 11 行.
ERR: SQLSTATE[42S02]: Base table or view not found: 1146 Table 'news.data_content' doesn't exist

[ 2015-09-16T16:00:43+08:00 ] 127.0.0.1 /Home/Index/newsList
INFO: [ app_init ] --START--
INFO: Run Behavior\BuildLiteBehavior [ RunTime:0.000000s ]
INFO: [ app_init ] --END-- [ RunTime:0.001000s ]
INFO: [ app_begin ] --START--
INFO: Run Behavior\ReadHtmlCacheBehavior [ RunTime:0.001000s ]
INFO: [ app_begin ] --END-- [ RunTime:0.002000s ]
NOTIC: [8] Undefined index: type E:\wamp\www\news\Application\Home\Controller\IndexController.class.php 第 11 行.
SQL: SHOW COLUMNS FROM `nc_admin` [ RunTime:0.3100s ]
ERR: SQLSTATE[42S22]: Column not found: 1054 Unknown column 'id' in 'order clause'

[ 2015-09-16T16:01:19+08:00 ] 127.0.0.1 /Home/Index/newsList
INFO: [ app_init ] --START--
INFO: Run Behavior\BuildLiteBehavior [ RunTime:0.001000s ]
INFO: [ app_init ] --END-- [ RunTime:0.001000s ]
INFO: [ app_begin ] --START--
INFO: Run Behavior\ReadHtmlCacheBehavior [ RunTime:0.002000s ]
INFO: [ app_begin ] --END-- [ RunTime:0.002000s ]
NOTIC: [8] Undefined index: type E:\wamp\www\news\Application\Home\Controller\IndexController.class.php 第 11 行.
SQL: SHOW COLUMNS FROM `nc_admin` [ RunTime:0.0370s ]
ERR: SQLSTATE[42S22]: Column not found: 1054 Unknown column 'id' in 'order clause'

[ 2015-09-16T16:02:19+08:00 ] 127.0.0.1 /Home/Index/newsList
INFO: [ app_init ] --START--
INFO: Run Behavior\BuildLiteBehavior [ RunTime:0.000000s ]
INFO: [ app_init ] --END-- [ RunTime:0.001000s ]
INFO: [ app_begin ] --START--
INFO: Run Behavior\ReadHtmlCacheBehavior [ RunTime:0.001000s ]
INFO: [ app_begin ] --END-- [ RunTime:0.001000s ]
NOTIC: [8] Undefined index: type E:\wamp\www\news\Application\Home\Controller\IndexController.class.php 第 11 行.
SQL: SHOW COLUMNS FROM `nc_admin` [ RunTime:0.2990s ]
ERR: Think\Model:addw方法不存在！

[ 2015-09-16T16:02:34+08:00 ] 127.0.0.1 /Home/Index/newsList
INFO: [ app_init ] --START--
INFO: Run Behavior\BuildLiteBehavior [ RunTime:0.000000s ]
INFO: [ app_init ] --END-- [ RunTime:0.001000s ]
INFO: [ app_begin ] --START--
INFO: Run Behavior\ReadHtmlCacheBehavior [ RunTime:0.002001s ]
INFO: [ app_begin ] --END-- [ RunTime:0.002001s ]
NOTIC: [8] Undefined index: type E:\wamp\www\news\Application\Home\Controller\IndexController.class.php 第 11 行.
SQL: SHOW COLUMNS FROM `nc_admin` [ RunTime:0.0710s ]
ERR: Think\Model:addw方法不存在！

[ 2015-09-16T16:06:10+08:00 ] 127.0.0.1 /Home/Index/newsList
INFO: [ app_init ] --START--
INFO: Run Behavior\BuildLiteBehavior [ RunTime:0.000000s ]
INFO: [ app_init ] --END-- [ RunTime:0.001000s ]
INFO: [ app_begin ] --START--
INFO: Run Behavior\ReadHtmlCacheBehavior [ RunTime:0.001000s ]
INFO: [ app_begin ] --END-- [ RunTime:0.001000s ]
NOTIC: [8] Undefined index: type E:\wamp\www\news\Application\Home\Controller\IndexController.class.php 第 11 行.
SQL: SHOW COLUMNS FROM `nc_admin` [ RunTime:0.0400s ]
ERR: Think\Model:addw方法不存在！

[ 2015-09-16T16:06:20+08:00 ] 127.0.0.1 /Home/Index/newsList
INFO: [ app_init ] --START--
INFO: Run Behavior\BuildLiteBehavior [ RunTime:0.000000s ]
INFO: [ app_init ] --END-- [ RunTime:0.001000s ]
INFO: [ app_begin ] --START--
INFO: Run Behavior\ReadHtmlCacheBehavior [ RunTime:0.001000s ]
INFO: [ app_begin ] --END-- [ RunTime:0.001000s ]
NOTIC: [8] Undefined index: type E:\wamp\www\news\Application\Home\Controller\IndexController.class.php 第 11 行.
SQL: SHOW COLUMNS FROM `nc_admin` [ RunTime:0.0540s ]
ERR: Think\Model:addw方法不存在！

[ 2015-09-16T16:06:31+08:00 ] 127.0.0.1 /Home/Index/newsList
INFO: [ app_init ] --START--
INFO: Run Behavior\BuildLiteBehavior [ RunTime:0.000000s ]
INFO: [ app_init ] --END-- [ RunTime:0.001001s ]
INFO: [ app_begin ] --START--
INFO: Run Behavior\ReadHtmlCacheBehavior [ RunTime:0.001000s ]
INFO: [ app_begin ] --END-- [ RunTime:0.001000s ]
NOTIC: [8] Undefined index: type E:\wamp\www\news\Application\Home\Controller\IndexController.class.php 第 11 行.
SQL: SHOW COLUMNS FROM `nc_admin` [ RunTime:0.0440s ]
SQL: SELECT * FROM `nc_admin`  [ RunTime:0.0700s ]
ERR: SQLSTATE[42S22]: Column not found: 1054 Unknown column 'id' in 'order clause'

[ 2015-09-16T16:08:41+08:00 ] 127.0.0.1 /Home/Index/newsList
INFO: [ app_init ] --START--
INFO: Run Behavior\BuildLiteBehavior [ RunTime:0.000000s ]
INFO: [ app_init ] --END-- [ RunTime:0.001000s ]
INFO: [ app_begin ] --START--
INFO: Run Behavior\ReadHtmlCacheBehavior [ RunTime:0.001000s ]
INFO: [ app_begin ] --END-- [ RunTime:0.001000s ]
NOTIC: [8] Undefined index: type E:\wamp\www\news\Application\Home\Controller\IndexController.class.php 第 11 行.
SQL: SHOW COLUMNS FROM `nc_admin` [ RunTime:0.0560s ]
ERR: Think\Model:addw方法不存在！

[ 2015-09-16T16:08:50+08:00 ] 127.0.0.1 /Home/Index/newsList
INFO: [ app_init ] --START--
INFO: Run Behavior\BuildLiteBehavior [ RunTime:0.001000s ]
INFO: [ app_init ] --END-- [ RunTime:0.001000s ]
INFO: [ app_begin ] --START--
INFO: Run Behavior\ReadHtmlCacheBehavior [ RunTime:0.001000s ]
INFO: [ app_begin ] --END-- [ RunTime:0.001000s ]
NOTIC: [8] Undefined index: type E:\wamp\www\news\Application\Home\Controller\IndexController.class.php 第 11 行.
SQL: SHOW COLUMNS FROM `nc_admin` [ RunTime:0.0360s ]
ERR: Think\Model:addw方法不存在！

[ 2015-09-16T16:11:02+08:00 ] 127.0.0.1 /Home/Index/newsList
INFO: [ app_init ] --START--
INFO: Run Behavior\BuildLiteBehavior [ RunTime:0.000000s ]
INFO: [ app_init ] --END-- [ RunTime:0.001000s ]
INFO: [ app_begin ] --START--
INFO: Run Behavior\ReadHtmlCacheBehavior [ RunTime:0.001000s ]
INFO: [ app_begin ] --END-- [ RunTime:0.001000s ]
NOTIC: [8] Undefined index: type E:\wamp\www\news\Application\Home\Controller\IndexController.class.php 第 11 行.

[ 2015-09-16T16:13:03+08:00 ] 127.0.0.1 /Home/Index/newsList
INFO: [ app_init ] --START--
INFO: Run Behavior\BuildLiteBehavior [ RunTime:0.000000s ]
INFO: [ app_init ] --END-- [ RunTime:0.001000s ]
INFO: [ app_begin ] --START--
INFO: Run Behavior\ReadHtmlCacheBehavior [ RunTime:0.001000s ]
INFO: [ app_begin ] --END-- [ RunTime:0.002000s ]
NOTIC: [8] Undefined index: type E:\wamp\www\news\Application\Home\Controller\IndexController.class.php 第 11 行.

[ 2015-09-16T16:15:05+08:00 ] 127.0.0.1 /Home/Index/newsList
INFO: [ app_init ] --START--
INFO: Run Behavior\BuildLiteBehavior [ RunTime:0.000000s ]
INFO: [ app_init ] --END-- [ RunTime:0.000000s ]
INFO: [ app_begin ] --START--
INFO: Run Behavior\ReadHtmlCacheBehavior [ RunTime:0.001000s ]
INFO: [ app_begin ] --END-- [ RunTime:0.001000s ]
NOTIC: [8] Undefined index: type E:\wamp\www\news\Application\Home\Controller\IndexController.class.php 第 11 行.
SQL: SHOW COLUMNS FROM `nc_admin` [ RunTime:0.1250s ]
ERR: SQLSTATE[42S22]: Column not found: 1054 Unknown column 'id' in 'order clause'

[ 2015-09-16T16:16:33+08:00 ] 127.0.0.1 /Home/Index/newsList
INFO: [ app_init ] --START--
INFO: Run Behavior\BuildLiteBehavior [ RunTime:0.000000s ]
INFO: [ app_init ] --END-- [ RunTime:0.001000s ]
INFO: [ app_begin ] --START--
INFO: Run Behavior\ReadHtmlCacheBehavior [ RunTime:0.001000s ]
INFO: [ app_begin ] --END-- [ RunTime:0.001000s ]
NOTIC: [8] Undefined index: type E:\wamp\www\news\Application\Home\Controller\IndexController.class.php 第 11 行.
ERR: Think\Model:addw方法不存在！

[ 2015-09-16T16:17:22+08:00 ] 127.0.0.1 /Home/Index/newsList
INFO: [ app_init ] --START--
INFO: Run Behavior\BuildLiteBehavior [ RunTime:0.000000s ]
INFO: [ app_init ] --END-- [ RunTime:0.001000s ]
INFO: [ app_begin ] --START--
INFO: Run Behavior\ReadHtmlCacheBehavior [ RunTime:0.002000s ]
INFO: [ app_begin ] --END-- [ RunTime:0.002000s ]
NOTIC: [8] Undefined index: type E:\wamp\www\news\Application\Home\Controller\IndexController.class.php 第 11 行.
SQL: SELECT * FROM `Data_Content_257` ORDER BY id LIMIT 10   [ RunTime:5.2873s ]
INFO: [ app_end ] --START--
INFO: Run Behavior\ShowPageTraceBehavior [ RunTime:0.002000s ]
INFO: [ app_end ] --END-- [ RunTime:0.002000s ]

[ 2015-09-16T16:17:31+08:00 ] 127.0.0.1 /Home/Index/newsList.hdBigPic.js
INFO: [ app_init ] --START--
INFO: Run Behavior\BuildLiteBehavior [ RunTime:0.001000s ]
INFO: [ app_init ] --END-- [ RunTime:0.001000s ]
INFO: [ app_begin ] --START--
INFO: Run Behavior\ReadHtmlCacheBehavior [ RunTime:0.001000s ]
INFO: [ app_begin ] --END-- [ RunTime:0.001000s ]
ERR: 非法操作:newsList.hdBigPic.js

[ 2015-09-16T16:18:01+08:00 ] 127.0.0.1 /Home/Index/newsList
INFO: [ app_init ] --START--
INFO: Run Behavior\BuildLiteBehavior [ RunTime:0.000000s ]
INFO: [ app_init ] --END-- [ RunTime:0.001000s ]
INFO: [ app_begin ] --START--
INFO: Run Behavior\ReadHtmlCacheBehavior [ RunTime:0.001000s ]
INFO: [ app_begin ] --END-- [ RunTime:0.001000s ]
NOTIC: [8] Undefined index: type E:\wamp\www\news\Application\Home\Controller\IndexController.class.php 第 11 行.
SQL: SELECT * FROM `Data_Content_257` ORDER BY id LIMIT 10   [ RunTime:5.2363s ]
INFO: [ app_end ] --START--
INFO: Run Behavior\ShowPageTraceBehavior [ RunTime:0.001000s ]
INFO: [ app_end ] --END-- [ RunTime:0.001000s ]

[ 2015-09-16T16:18:11+08:00 ] 127.0.0.1 /Home/Index/newsList.hdBigPic.js
INFO: [ app_init ] --START--
INFO: Run Behavior\BuildLiteBehavior [ RunTime:0.001000s ]
INFO: [ app_init ] --END-- [ RunTime:0.001000s ]
INFO: [ app_begin ] --START--
INFO: Run Behavior\ReadHtmlCacheBehavior [ RunTime:0.001000s ]
INFO: [ app_begin ] --END-- [ RunTime:0.002000s ]
ERR: 非法操作:newsList.hdBigPic.js

[ 2015-09-16T16:18:54+08:00 ] 127.0.0.1 /Home/Index/newsList
INFO: [ app_init ] --START--
INFO: Run Behavior\BuildLiteBehavior [ RunTime:0.001000s ]
INFO: [ app_init ] --END-- [ RunTime:0.002001s ]
INFO: [ app_begin ] --START--
INFO: Run Behavior\ReadHtmlCacheBehavior [ RunTime:0.001000s ]
INFO: [ app_begin ] --END-- [ RunTime:0.002000s ]
NOTIC: [8] Undefined index: type E:\wamp\www\news\Application\Home\Controller\IndexController.class.php 第 11 行.
SQL: SELECT * FROM `Data_Content_257` ORDER BY id LIMIT 10   [ RunTime:5.5363s ]
NOTIC: [8] Undefined index: 标题 E:\wamp\www\news\Application\Home\Controller\IndexController.class.php 第 45 行.
INFO: [ app_end ] --START--
INFO: Run Behavior\ShowPageTraceBehavior [ RunTime:0.001000s ]
INFO: [ app_end ] --END-- [ RunTime:0.002000s ]

[ 2015-09-16T16:19:05+08:00 ] 127.0.0.1 /Home/Index/newsList
INFO: [ app_init ] --START--
INFO: Run Behavior\BuildLiteBehavior [ RunTime:0.000000s ]
INFO: [ app_init ] --END-- [ RunTime:0.000000s ]
INFO: [ app_begin ] --START--
INFO: Run Behavior\ReadHtmlCacheBehavior [ RunTime:0.001000s ]
INFO: [ app_begin ] --END-- [ RunTime:0.001000s ]
NOTIC: [8] Undefined index: type E:\wamp\www\news\Application\Home\Controller\IndexController.class.php 第 11 行.
SQL: SELECT * FROM `Data_Content_257` ORDER BY id LIMIT 10   [ RunTime:5.2173s ]
NOTIC: [8] Undefined index: 标题 E:\wamp\www\news\Application\Home\Controller\IndexController.class.php 第 45 行.
INFO: [ app_end ] --START--
INFO: Run Behavior\ShowPageTraceBehavior [ RunTime:0.001000s ]
INFO: [ app_end ] --END-- [ RunTime:0.002000s ]

[ 2015-09-16T16:19:24+08:00 ] 127.0.0.1 /Home/Index/newsList
INFO: [ app_init ] --START--
INFO: Run Behavior\BuildLiteBehavior [ RunTime:0.000000s ]
INFO: [ app_init ] --END-- [ RunTime:0.001001s ]
INFO: [ app_begin ] --START--
INFO: Run Behavior\ReadHtmlCacheBehavior [ RunTime:0.001000s ]
INFO: [ app_begin ] --END-- [ RunTime:0.002000s ]
NOTIC: [8] Undefined index: type E:\wamp\www\news\Application\Home\Controller\IndexController.class.php 第 11 行.
SQL: SELECT * FROM `Data_Content_257` ORDER BY id LIMIT 10   [ RunTime:5.2543s ]
INFO: [ app_end ] --START--
INFO: Run Behavior\ShowPageTraceBehavior [ RunTime:0.001000s ]
INFO: [ app_end ] --END-- [ RunTime:0.001000s ]

[ 2015-09-16T16:22:27+08:00 ] 127.0.0.1 /Home/Index/newsList
INFO: [ app_init ] --START--
INFO: Run Behavior\BuildLiteBehavior [ RunTime:0.000000s ]
INFO: [ app_init ] --END-- [ RunTime:0.001000s ]
INFO: [ app_begin ] --START--
INFO: Run Behavior\ReadHtmlCacheBehavior [ RunTime:0.001000s ]
INFO: [ app_begin ] --END-- [ RunTime:0.001000s ]
NOTIC: [8] Undefined index: type E:\wamp\www\news\Application\Home\Controller\IndexController.class.php 第 11 行.

[ 2015-09-16T16:22:39+08:00 ] 127.0.0.1 /Home/Index/newsList
INFO: [ app_init ] --START--
INFO: Run Behavior\BuildLiteBehavior [ RunTime:0.000000s ]
INFO: [ app_init ] --END-- [ RunTime:0.001000s ]
INFO: [ app_begin ] --START--
INFO: Run Behavior\ReadHtmlCacheBehavior [ RunTime:0.001000s ]
INFO: [ app_begin ] --END-- [ RunTime:0.002000s ]
NOTIC: [8] Undefined index: type E:\wamp\www\news\Application\Home\Controller\IndexController.class.php 第 11 行.
SQL: SHOW COLUMNS FROM `Data_Content_257` [ RunTime:0.1360s ]
SQL: SELECT * FROM `Data_Content_257` ORDER BY id LIMIT 10   [ RunTime:5.4173s ]
INFO: [ app_end ] --START--
INFO: Run Behavior\ShowPageTraceBehavior [ RunTime:0.001000s ]
INFO: [ app_end ] --END-- [ RunTime:0.001000s ]

[ 2015-09-16T16:34:05+08:00 ] 127.0.0.1 /Home/Index/newsList
INFO: [ app_init ] --START--
INFO: Run Behavior\BuildLiteBehavior [ RunTime:0.000000s ]
INFO: [ app_init ] --END-- [ RunTime:0.001000s ]
INFO: [ app_begin ] --START--
INFO: Run Behavior\ReadHtmlCacheBehavior [ RunTime:0.001000s ]
INFO: [ app_begin ] --END-- [ RunTime:0.001000s ]
SQL: SHOW COLUMNS FROM `Data_Content_257` [ RunTime:0.1660s ]
ERR: Think\Model:setsetTable方法不存在！

[ 2015-09-16T16:34:45+08:00 ] 127.0.0.1 /Home/Index/newsList
INFO: [ app_init ] --START--
INFO: Run Behavior\BuildLiteBehavior [ RunTime:0.000000s ]
INFO: [ app_init ] --END-- [ RunTime:0.001000s ]
INFO: [ app_begin ] --START--
INFO: Run Behavior\ReadHtmlCacheBehavior [ RunTime:0.001000s ]
INFO: [ app_begin ] --END-- [ RunTime:0.001000s ]
SQL: SHOW COLUMNS FROM `Data_Content_257` [ RunTime:0.0510s ]
NOTIC: [8] Undefined variable: trueTableName E:\wamp\www\news\Application\Home\Model\ContentModel.class.php 第 12 行.
SQL: SELECT * FROM `Data_Content_257` ORDER BY id desc LIMIT 0,10   [ RunTime:2.6712s ]

[ 2015-09-16T16:35:40+08:00 ] 127.0.0.1 /Home/Index/newsList
INFO: [ app_init ] --START--
INFO: Run Behavior\BuildLiteBehavior [ RunTime:0.000000s ]
INFO: [ app_init ] --END-- [ RunTime:0.001000s ]
INFO: [ app_begin ] --START--
INFO: Run Behavior\ReadHtmlCacheBehavior [ RunTime:0.001000s ]
INFO: [ app_begin ] --END-- [ RunTime:0.002000s ]
SQL: SHOW COLUMNS FROM `Data_Content_257` [ RunTime:0.0340s ]
NOTIC: [8] Undefined variable: trueTableName E:\wamp\www\news\Application\Home\Model\ContentModel.class.php 第 12 行.
SQL: SELECT * FROM `Data_Content_257` ORDER BY id desc LIMIT 0,1   [ RunTime:0.1390s ]

[ 2015-09-16T16:41:04+08:00 ] 127.0.0.1 /Home/Index/newsList
INFO: [ app_init ] --START--
INFO: Run Behavior\BuildLiteBehavior [ RunTime:0.000000s ]
INFO: [ app_init ] --END-- [ RunTime:0.001001s ]
INFO: [ app_begin ] --START--
INFO: Run Behavior\ReadHtmlCacheBehavior [ RunTime:0.000000s ]
INFO: [ app_begin ] --END-- [ RunTime:0.001000s ]
SQL: SHOW COLUMNS FROM `Data_Content_257` [ RunTime:0.0340s ]
NOTIC: [8] Undefined variable: trueTableName E:\wamp\www\news\Application\Home\Model\ContentModel.class.php 第 12 行.
NOTIC: [8] Undefined variable: trueTableName E:\wamp\www\news\Application\Home\Model\ContentModel.class.php 第 13 行.
SQL: SELECT * FROM `Data_Content_257` ORDER BY id desc LIMIT 0,1   [ RunTime:0.1440s ]

[ 2015-09-16T16:45:35+08:00 ] 127.0.0.1 /Home/Index/newsList
INFO: [ app_init ] --START--
INFO: Run Behavior\BuildLiteBehavior [ RunTime:0.000000s ]
INFO: [ app_init ] --END-- [ RunTime:0.001000s ]
INFO: [ app_begin ] --START--
INFO: Run Behavior\ReadHtmlCacheBehavior [ RunTime:0.002000s ]
INFO: [ app_begin ] --END-- [ RunTime:0.002000s ]
SQL: SHOW COLUMNS FROM `Data_Content_258` [ RunTime:0.6020s ]
SQL: SELECT * FROM `Data_Content_265` ORDER BY id desc LIMIT 0,1   [ RunTime:2.1481s ]

[ 2015-09-16T17:57:39+08:00 ] 111.199.87.141 /news/Home/Index/newsList
INFO: [ app_init ] --START--
INFO: Run Behavior\BuildLiteBehavior [ RunTime:0.000018s ]
INFO: [ app_init ] --END-- [ RunTime:0.000279s ]
INFO: [ app_begin ] --START--
INFO: Run Behavior\ReadHtmlCacheBehavior [ RunTime:0.000394s ]
INFO: [ app_begin ] --END-- [ RunTime:0.000490s ]
SQL: SHOW COLUMNS FROM `Data_Content_257` [ RunTime:0.0487s ]
NOTIC: [8] Undefined index: limit /var/www/html/news/Application/Home/Controller/IndexController.class.php 第 47 行.
NOTIC: [8] Undefined index: page /var/www/html/news/Application/Home/Controller/IndexController.class.php 第 50 行.
SQL: SELECT * FROM `Data_Content_257` ORDER BY id desc LIMIT 0,10   [ RunTime:0.0017s ]

[ 2015-09-16T17:59:21+08:00 ] 111.199.87.141 /news/Home/Index/newsList
INFO: [ app_init ] --START--
INFO: Run Behavior\BuildLiteBehavior [ RunTime:0.000023s ]
INFO: [ app_init ] --END-- [ RunTime:0.000423s ]
INFO: [ app_begin ] --START--
INFO: Run Behavior\ReadHtmlCacheBehavior [ RunTime:0.000326s ]
INFO: [ app_begin ] --END-- [ RunTime:0.000385s ]
SQL: SHOW COLUMNS FROM `Data_Content_257` [ RunTime:0.0012s ]
NOTIC: [8] Undefined index: limit /var/www/html/news/Application/Home/Controller/IndexController.class.php 第 47 行.
SQL: SELECT * FROM `Data_Content_257` ORDER BY id desc LIMIT 0,10   [ RunTime:0.0023s ]

[ 2015-09-16T18:14:12+08:00 ] 111.199.87.141 /news/Home/Index/newsList
INFO: [ app_init ] --START--
INFO: Run Behavior\BuildLiteBehavior [ RunTime:0.000017s ]
INFO: [ app_init ] --END-- [ RunTime:0.000292s ]
INFO: [ app_begin ] --START--
INFO: Run Behavior\ReadHtmlCacheBehavior [ RunTime:0.000325s ]
INFO: [ app_begin ] --END-- [ RunTime:0.000383s ]
SQL: SHOW COLUMNS FROM `Data_Content_257` [ RunTime:0.0010s ]
NOTIC: [8] Undefined index: limit /var/www/html/news/Application/Home/Controller/IndexController.class.php 第 47 行.
SQL: SELECT * FROM `Data_Content_257` ORDER BY id desc LIMIT 0,10   [ RunTime:0.0015s ]
NOTIC: [2] json_encode(): Invalid UTF-8 sequence in argument /var/www/html/news/Application/Home/Common/function.php 第 30 行.
NOTIC: [2] json_encode(): Invalid UTF-8 sequence in argument /var/www/html/news/Application/Home/Common/function.php 第 30 行.
NOTIC: [2] json_encode(): Invalid UTF-8 sequence in argument /var/www/html/news/Application/Home/Common/function.php 第 30 行.
NOTIC: [2] json_encode(): Invalid UTF-8 sequence in argument /var/www/html/news/Application/Home/Common/function.php 第 30 行.
NOTIC: [2] json_encode(): Invalid UTF-8 sequence in argument /var/www/html/news/Application/Home/Common/function.php 第 30 行.
NOTIC: [2] json_encode(): Invalid UTF-8 sequence in argument /var/www/html/news/Application/Home/Common/function.php 第 30 行.
NOTIC: [2] json_encode(): Invalid UTF-8 sequence in argument /var/www/html/news/Application/Home/Common/function.php 第 30 行.
NOTIC: [2] json_encode(): Invalid UTF-8 sequence in argument /var/www/html/news/Application/Home/Common/function.php 第 30 行.
NOTIC: [2] json_encode(): Invalid UTF-8 sequence in argument /var/www/html/news/Application/Home/Common/function.php 第 30 行.
NOTIC: [2] json_encode(): Invalid UTF-8 sequence in argument /var/www/html/news/Application/Home/Common/function.php 第 30 行.

[ 2015-09-16T18:15:39+08:00 ] 111.199.87.141 /news/Home/Index/newsList
INFO: [ app_init ] --START--
INFO: Run Behavior\BuildLiteBehavior [ RunTime:0.000015s ]
INFO: [ app_init ] --END-- [ RunTime:0.000288s ]
INFO: [ app_begin ] --START--
INFO: Run Behavior\ReadHtmlCacheBehavior [ RunTime:0.000322s ]
INFO: [ app_begin ] --END-- [ RunTime:0.000380s ]
SQL: SHOW COLUMNS FROM `Data_Content_257` [ RunTime:0.0011s ]
NOTIC: [8] Undefined index: limit /var/www/html/news/Application/Home/Controller/IndexController.class.php 第 47 行.
SQL: SELECT * FROM `Data_Content_257` ORDER BY id desc LIMIT 0,10   [ RunTime:0.0021s ]
NOTIC: [2] json_encode(): Invalid UTF-8 sequence in argument /var/www/html/news/Application/Home/Common/function.php 第 30 行.
NOTIC: [2] json_encode(): Invalid UTF-8 sequence in argument /var/www/html/news/Application/Home/Common/function.php 第 30 行.
NOTIC: [2] json_encode(): Invalid UTF-8 sequence in argument /var/www/html/news/Application/Home/Common/function.php 第 30 行.
NOTIC: [2] json_encode(): Invalid UTF-8 sequence in argument /var/www/html/news/Application/Home/Common/function.php 第 30 行.
NOTIC: [2] json_encode(): Invalid UTF-8 sequence in argument /var/www/html/news/Application/Home/Common/function.php 第 30 行.
NOTIC: [2] json_encode(): Invalid UTF-8 sequence in argument /var/www/html/news/Application/Home/Common/function.php 第 30 行.
NOTIC: [2] json_encode(): Invalid UTF-8 sequence in argument /var/www/html/news/Application/Home/Common/function.php 第 30 行.
NOTIC: [2] json_encode(): Invalid UTF-8 sequence in argument /var/www/html/news/Application/Home/Common/function.php 第 30 行.
NOTIC: [2] json_encode(): Invalid UTF-8 sequence in argument /var/www/html/news/Application/Home/Common/function.php 第 30 行.
NOTIC: [2] json_encode(): Invalid UTF-8 sequence in argument /var/www/html/news/Application/Home/Common/function.php 第 30 行.

[ 2015-09-16T18:15:49+08:00 ] 111.199.87.141 /news/Home/Index/newsList
INFO: [ app_init ] --START--
INFO: Run Behavior\BuildLiteBehavior [ RunTime:0.000016s ]
INFO: [ app_init ] --END-- [ RunTime:0.000290s ]
INFO: [ app_begin ] --START--
INFO: Run Behavior\ReadHtmlCacheBehavior [ RunTime:0.000353s ]
INFO: [ app_begin ] --END-- [ RunTime:0.000411s ]
SQL: SHOW COLUMNS FROM `Data_Content_257` [ RunTime:0.0010s ]
SQL: SELECT * FROM `Data_Content_257` ORDER BY id desc LIMIT 0,10   [ RunTime:0.0019s ]
NOTIC: [2] json_encode(): Invalid UTF-8 sequence in argument /var/www/html/news/Application/Home/Common/function.php 第 30 行.
NOTIC: [2] json_encode(): Invalid UTF-8 sequence in argument /var/www/html/news/Application/Home/Common/function.php 第 30 行.
NOTIC: [2] json_encode(): Invalid UTF-8 sequence in argument /var/www/html/news/Application/Home/Common/function.php 第 30 行.
NOTIC: [2] json_encode(): Invalid UTF-8 sequence in argument /var/www/html/news/Application/Home/Common/function.php 第 30 行.
NOTIC: [2] json_encode(): Invalid UTF-8 sequence in argument /var/www/html/news/Application/Home/Common/function.php 第 30 行.
NOTIC: [2] json_encode(): Invalid UTF-8 sequence in argument /var/www/html/news/Application/Home/Common/function.php 第 30 行.
NOTIC: [2] json_encode(): Invalid UTF-8 sequence in argument /var/www/html/news/Application/Home/Common/function.php 第 30 行.
NOTIC: [2] json_encode(): Invalid UTF-8 sequence in argument /var/www/html/news/Application/Home/Common/function.php 第 30 行.
NOTIC: [2] json_encode(): Invalid UTF-8 sequence in argument /var/www/html/news/Application/Home/Common/function.php 第 30 行.
NOTIC: [2] json_encode(): Invalid UTF-8 sequence in argument /var/www/html/news/Application/Home/Common/function.php 第 30 行.

[ 2015-09-16T18:16:10+08:00 ] 111.199.87.141 /news/Home/Index/newsList
INFO: [ app_init ] --START--
INFO: Run Behavior\BuildLiteBehavior [ RunTime:0.000017s ]
INFO: [ app_init ] --END-- [ RunTime:0.000272s ]
INFO: [ app_begin ] --START--
INFO: Run Behavior\ReadHtmlCacheBehavior [ RunTime:0.000322s ]
INFO: [ app_begin ] --END-- [ RunTime:0.000379s ]
SQL: SHOW COLUMNS FROM `Data_Content_257` [ RunTime:0.0009s ]
SQL: SELECT * FROM `Data_Content_257` ORDER BY id desc LIMIT 0,10   [ RunTime:0.0020s ]
NOTIC: [2] json_encode(): Invalid UTF-8 sequence in argument /var/www/html/news/Application/Home/Common/function.php 第 30 行.
NOTIC: [2] json_encode(): Invalid UTF-8 sequence in argument /var/www/html/news/Application/Home/Common/function.php 第 30 行.
NOTIC: [2] json_encode(): Invalid UTF-8 sequence in argument /var/www/html/news/Application/Home/Common/function.php 第 30 行.
NOTIC: [2] json_encode(): Invalid UTF-8 sequence in argument /var/www/html/news/Application/Home/Common/function.php 第 30 行.
NOTIC: [2] json_encode(): Invalid UTF-8 sequence in argument /var/www/html/news/Application/Home/Common/function.php 第 30 行.
NOTIC: [2] json_encode(): Invalid UTF-8 sequence in argument /var/www/html/news/Application/Home/Common/function.php 第 30 行.
NOTIC: [2] json_encode(): Invalid UTF-8 sequence in argument /var/www/html/news/Application/Home/Common/function.php 第 30 行.
NOTIC: [2] json_encode(): Invalid UTF-8 sequence in argument /var/www/html/news/Application/Home/Common/function.php 第 30 行.
NOTIC: [2] json_encode(): Invalid UTF-8 sequence in argument /var/www/html/news/Application/Home/Common/function.php 第 30 行.
NOTIC: [2] json_encode(): Invalid UTF-8 sequence in argument /var/www/html/news/Application/Home/Common/function.php 第 30 行.

[ 2015-09-16T18:17:13+08:00 ] 111.199.87.141 /news/Home/Index/newsList
INFO: [ app_init ] --START--
INFO: Run Behavior\BuildLiteBehavior [ RunTime:0.000022s ]
INFO: [ app_init ] --END-- [ RunTime:0.000431s ]
INFO: [ app_begin ] --START--
INFO: Run Behavior\ReadHtmlCacheBehavior [ RunTime:0.000392s ]
INFO: [ app_begin ] --END-- [ RunTime:0.000451s ]
SQL: SHOW COLUMNS FROM `Data_Content_257` [ RunTime:0.0010s ]
SQL: SELECT * FROM `Data_Content_257` ORDER BY id desc LIMIT 0,10   [ RunTime:0.0023s ]
NOTIC: [2] json_encode(): Invalid UTF-8 sequence in argument /var/www/html/news/Application/Home/Common/function.php 第 30 行.
NOTIC: [2] json_encode(): Invalid UTF-8 sequence in argument /var/www/html/news/Application/Home/Common/function.php 第 30 行.
NOTIC: [2] json_encode(): Invalid UTF-8 sequence in argument /var/www/html/news/Application/Home/Common/function.php 第 30 行.
NOTIC: [2] json_encode(): Invalid UTF-8 sequence in argument /var/www/html/news/Application/Home/Common/function.php 第 30 行.
NOTIC: [2] json_encode(): Invalid UTF-8 sequence in argument /var/www/html/news/Application/Home/Common/function.php 第 30 行.
NOTIC: [2] json_encode(): Invalid UTF-8 sequence in argument /var/www/html/news/Application/Home/Common/function.php 第 30 行.
NOTIC: [2] json_encode(): Invalid UTF-8 sequence in argument /var/www/html/news/Application/Home/Common/function.php 第 30 行.
NOTIC: [2] json_encode(): Invalid UTF-8 sequence in argument /var/www/html/news/Application/Home/Common/function.php 第 30 行.
NOTIC: [2] json_encode(): Invalid UTF-8 sequence in argument /var/www/html/news/Application/Home/Common/function.php 第 30 行.
NOTIC: [2] json_encode(): Invalid UTF-8 sequence in argument /var/www/html/news/Application/Home/Common/function.php 第 30 行.

[ 2015-09-16T18:18:54+08:00 ] 111.199.87.141 /news/Home/Index/newsList
INFO: [ app_init ] --START--
INFO: Run Behavior\BuildLiteBehavior [ RunTime:0.000015s ]
INFO: [ app_init ] --END-- [ RunTime:0.000291s ]
INFO: [ app_begin ] --START--
INFO: Run Behavior\ReadHtmlCacheBehavior [ RunTime:0.000366s ]
INFO: [ app_begin ] --END-- [ RunTime:0.000427s ]
SQL: SHOW COLUMNS FROM `Data_Content_257` [ RunTime:0.0010s ]
SQL: SELECT * FROM `Data_Content_257` ORDER BY id desc LIMIT 0,10   [ RunTime:0.0025s ]
NOTIC: [2] json_encode(): Invalid UTF-8 sequence in argument /var/www/html/news/Application/Home/Common/function.php 第 30 行.
NOTIC: [2] json_encode(): Invalid UTF-8 sequence in argument /var/www/html/news/Application/Home/Common/function.php 第 30 行.
NOTIC: [2] json_encode(): Invalid UTF-8 sequence in argument /var/www/html/news/Application/Home/Common/function.php 第 30 行.
NOTIC: [2] json_encode(): Invalid UTF-8 sequence in argument /var/www/html/news/Application/Home/Common/function.php 第 30 行.
NOTIC: [2] json_encode(): Invalid UTF-8 sequence in argument /var/www/html/news/Application/Home/Common/function.php 第 30 行.
NOTIC: [2] json_encode(): Invalid UTF-8 sequence in argument /var/www/html/news/Application/Home/Common/function.php 第 30 行.
NOTIC: [2] json_encode(): Invalid UTF-8 sequence in argument /var/www/html/news/Application/Home/Common/function.php 第 30 行.
NOTIC: [2] json_encode(): Invalid UTF-8 sequence in argument /var/www/html/news/Application/Home/Common/function.php 第 30 行.
NOTIC: [2] json_encode(): Invalid UTF-8 sequence in argument /var/www/html/news/Application/Home/Common/function.php 第 30 行.
NOTIC: [2] json_encode(): Invalid UTF-8 sequence in argument /var/www/html/news/Application/Home/Common/function.php 第 30 行.

[ 2015-09-16T18:20:31+08:00 ] 111.199.87.141 /news/Home/Index/newsList
INFO: [ app_init ] --START--
INFO: Run Behavior\BuildLiteBehavior [ RunTime:0.000015s ]
INFO: [ app_init ] --END-- [ RunTime:0.000270s ]
INFO: [ app_begin ] --START--
INFO: Run Behavior\ReadHtmlCacheBehavior [ RunTime:0.000351s ]
INFO: [ app_begin ] --END-- [ RunTime:0.000409s ]
SQL: SHOW COLUMNS FROM `Data_Content_257` [ RunTime:0.0011s ]
SQL: SELECT * FROM `Data_Content_257` ORDER BY id desc LIMIT 0,10   [ RunTime:0.0019s ]
NOTIC: [2] json_encode(): Invalid UTF-8 sequence in argument /var/www/html/news/Application/Home/Common/function.php 第 30 行.
NOTIC: [2] json_encode(): Invalid UTF-8 sequence in argument /var/www/html/news/Application/Home/Common/function.php 第 30 行.
NOTIC: [2] json_encode(): Invalid UTF-8 sequence in argument /var/www/html/news/Application/Home/Common/function.php 第 30 行.
NOTIC: [2] json_encode(): Invalid UTF-8 sequence in argument /var/www/html/news/Application/Home/Common/function.php 第 30 行.
NOTIC: [2] json_encode(): Invalid UTF-8 sequence in argument /var/www/html/news/Application/Home/Common/function.php 第 30 行.
NOTIC: [2] json_encode(): Invalid UTF-8 sequence in argument /var/www/html/news/Application/Home/Common/function.php 第 30 行.
NOTIC: [2] json_encode(): Invalid UTF-8 sequence in argument /var/www/html/news/Application/Home/Common/function.php 第 30 行.
NOTIC: [2] json_encode(): Invalid UTF-8 sequence in argument /var/www/html/news/Application/Home/Common/function.php 第 30 行.
NOTIC: [2] json_encode(): Invalid UTF-8 sequence in argument /var/www/html/news/Application/Home/Common/function.php 第 30 行.
NOTIC: [2] json_encode(): Invalid UTF-8 sequence in argument /var/www/html/news/Application/Home/Common/function.php 第 30 行.

[ 2015-09-16T18:21:10+08:00 ] 111.199.87.141 /news/Home/Index/newsList
INFO: [ app_init ] --START--
INFO: Run Behavior\BuildLiteBehavior [ RunTime:0.000016s ]
INFO: [ app_init ] --END-- [ RunTime:0.000269s ]
INFO: [ app_begin ] --START--
INFO: Run Behavior\ReadHtmlCacheBehavior [ RunTime:0.000328s ]
INFO: [ app_begin ] --END-- [ RunTime:0.000386s ]
SQL: SHOW COLUMNS FROM `Data_Content_257` [ RunTime:0.0010s ]
SQL: SELECT * FROM `Data_Content_257` ORDER BY id desc LIMIT 0,10   [ RunTime:0.0015s ]
NOTIC: [2] json_encode(): Invalid UTF-8 sequence in argument /var/www/html/news/Application/Home/Common/function.php 第 30 行.
NOTIC: [2] json_encode(): Invalid UTF-8 sequence in argument /var/www/html/news/Application/Home/Common/function.php 第 30 行.
NOTIC: [2] json_encode(): Invalid UTF-8 sequence in argument /var/www/html/news/Application/Home/Common/function.php 第 30 行.
NOTIC: [2] json_encode(): Invalid UTF-8 sequence in argument /var/www/html/news/Application/Home/Common/function.php 第 30 行.
NOTIC: [2] json_encode(): Invalid UTF-8 sequence in argument /var/www/html/news/Application/Home/Common/function.php 第 30 行.
NOTIC: [2] json_encode(): Invalid UTF-8 sequence in argument /var/www/html/news/Application/Home/Common/function.php 第 30 行.
NOTIC: [2] json_encode(): Invalid UTF-8 sequence in argument /var/www/html/news/Application/Home/Common/function.php 第 30 行.
NOTIC: [2] json_encode(): Invalid UTF-8 sequence in argument /var/www/html/news/Application/Home/Common/function.php 第 30 行.
NOTIC: [2] json_encode(): Invalid UTF-8 sequence in argument /var/www/html/news/Application/Home/Common/function.php 第 30 行.
NOTIC: [2] json_encode(): Invalid UTF-8 sequence in argument /var/www/html/news/Application/Home/Common/function.php 第 30 行.

[ 2015-09-16T18:22:32+08:00 ] 111.199.87.141 /news/Home/Index/newsList
INFO: [ app_init ] --START--
INFO: Run Behavior\BuildLiteBehavior [ RunTime:0.000017s ]
INFO: [ app_init ] --END-- [ RunTime:0.000305s ]
INFO: [ app_begin ] --START--
INFO: Run Behavior\ReadHtmlCacheBehavior [ RunTime:0.000382s ]
INFO: [ app_begin ] --END-- [ RunTime:0.000465s ]
SQL: SHOW COLUMNS FROM `Data_Content_257` [ RunTime:0.0010s ]
SQL: SELECT * FROM `Data_Content_265` ORDER BY id desc LIMIT 0,1   [ RunTime:0.0004s ]
NOTIC: [2] json_encode(): Invalid UTF-8 sequence in argument /var/www/html/news/Application/Home/Common/function.php 第 30 行.

[ 2015-09-16T18:22:45+08:00 ] 111.199.87.141 /news/Home/Index/newsList
INFO: [ app_init ] --START--
INFO: Run Behavior\BuildLiteBehavior [ RunTime:0.000016s ]
INFO: [ app_init ] --END-- [ RunTime:0.000265s ]
INFO: [ app_begin ] --START--
INFO: Run Behavior\ReadHtmlCacheBehavior [ RunTime:0.000380s ]
INFO: [ app_begin ] --END-- [ RunTime:0.000439s ]
SQL: SHOW COLUMNS FROM `Data_Content_257` [ RunTime:0.0014s ]
SQL: SELECT * FROM `Data_Content_257` ORDER BY id desc LIMIT 0,1   [ RunTime:0.0006s ]
NOTIC: [2] json_encode(): Invalid UTF-8 sequence in argument /var/www/html/news/Application/Home/Common/function.php 第 30 行.

[ 2015-09-16T18:22:58+08:00 ] 111.199.87.141 /news/Home/Index/newsList
INFO: [ app_init ] --START--
INFO: Run Behavior\BuildLiteBehavior [ RunTime:0.000016s ]
INFO: [ app_init ] --END-- [ RunTime:0.000267s ]
INFO: [ app_begin ] --START--
INFO: Run Behavior\ReadHtmlCacheBehavior [ RunTime:0.000326s ]
INFO: [ app_begin ] --END-- [ RunTime:0.000407s ]
SQL: SHOW COLUMNS FROM `Data_Content_257` [ RunTime:0.0010s ]
SQL: SELECT * FROM `Data_Content_257` ORDER BY id desc LIMIT 0,10   [ RunTime:0.0021s ]
NOTIC: [2] json_encode(): Invalid UTF-8 sequence in argument /var/www/html/news/Application/Home/Common/function.php 第 30 行.
NOTIC: [2] json_encode(): Invalid UTF-8 sequence in argument /var/www/html/news/Application/Home/Common/function.php 第 30 行.
NOTIC: [2] json_encode(): Invalid UTF-8 sequence in argument /var/www/html/news/Application/Home/Common/function.php 第 30 行.
NOTIC: [2] json_encode(): Invalid UTF-8 sequence in argument /var/www/html/news/Application/Home/Common/function.php 第 30 行.
NOTIC: [2] json_encode(): Invalid UTF-8 sequence in argument /var/www/html/news/Application/Home/Common/function.php 第 30 行.
NOTIC: [2] json_encode(): Invalid UTF-8 sequence in argument /var/www/html/news/Application/Home/Common/function.php 第 30 行.
NOTIC: [2] json_encode(): Invalid UTF-8 sequence in argument /var/www/html/news/Application/Home/Common/function.php 第 30 行.
NOTIC: [2] json_encode(): Invalid UTF-8 sequence in argument /var/www/html/news/Application/Home/Common/function.php 第 30 行.
NOTIC: [2] json_encode(): Invalid UTF-8 sequence in argument /var/www/html/news/Application/Home/Common/function.php 第 30 行.
NOTIC: [2] json_encode(): Invalid UTF-8 sequence in argument /var/www/html/news/Application/Home/Common/function.php 第 30 行.

[ 2015-09-16T18:23:46+08:00 ] 111.199.87.141 /news/Home/Index/newsList
INFO: [ app_init ] --START--
INFO: Run Behavior\BuildLiteBehavior [ RunTime:0.000016s ]
INFO: [ app_init ] --END-- [ RunTime:0.000268s ]
INFO: [ app_begin ] --START--
INFO: Run Behavior\ReadHtmlCacheBehavior [ RunTime:0.000366s ]
INFO: [ app_begin ] --END-- [ RunTime:0.000424s ]
SQL: SHOW COLUMNS FROM `Data_Content_257` [ RunTime:0.0010s ]
SQL: SELECT * FROM `Data_Content_265` ORDER BY id desc LIMIT 0,10   [ RunTime:0.0011s ]
NOTIC: [2] json_encode(): Invalid UTF-8 sequence in argument /var/www/html/news/Application/Home/Common/function.php 第 30 行.
NOTIC: [2] json_encode(): Invalid UTF-8 sequence in argument /var/www/html/news/Application/Home/Common/function.php 第 30 行.
NOTIC: [2] json_encode(): Invalid UTF-8 sequence in argument /var/www/html/news/Application/Home/Common/function.php 第 30 行.
NOTIC: [2] json_encode(): Invalid UTF-8 sequence in argument /var/www/html/news/Application/Home/Common/function.php 第 30 行.
NOTIC: [2] json_encode(): Invalid UTF-8 sequence in argument /var/www/html/news/Application/Home/Common/function.php 第 30 行.
NOTIC: [2] json_encode(): Invalid UTF-8 sequence in argument /var/www/html/news/Application/Home/Common/function.php 第 30 行.
NOTIC: [2] json_encode(): Invalid UTF-8 sequence in argument /var/www/html/news/Application/Home/Common/function.php 第 30 行.
NOTIC: [2] json_encode(): Invalid UTF-8 sequence in argument /var/www/html/news/Application/Home/Common/function.php 第 30 行.
NOTIC: [2] json_encode(): Invalid UTF-8 sequence in argument /var/www/html/news/Application/Home/Common/function.php 第 30 行.
NOTIC: [2] json_encode(): Invalid UTF-8 sequence in argument /var/www/html/news/Application/Home/Common/function.php 第 30 行.

[ 2015-09-16T18:23:58+08:00 ] 111.199.87.141 /news/Home/Index/newsList
INFO: [ app_init ] --START--
INFO: Run Behavior\BuildLiteBehavior [ RunTime:0.000016s ]
INFO: [ app_init ] --END-- [ RunTime:0.000271s ]
INFO: [ app_begin ] --START--
INFO: Run Behavior\ReadHtmlCacheBehavior [ RunTime:0.000363s ]
INFO: [ app_begin ] --END-- [ RunTime:0.000421s ]
SQL: SHOW COLUMNS FROM `Data_Content_257` [ RunTime:0.0010s ]
SQL: SELECT * FROM `Data_Content_265` ORDER BY id desc LIMIT 0,1   [ RunTime:0.0005s ]
NOTIC: [2] json_encode(): Invalid UTF-8 sequence in argument /var/www/html/news/Application/Home/Common/function.php 第 30 行.

[ 2015-09-16T18:25:21+08:00 ] 111.199.87.141 /news/Home/Index/newsList
INFO: [ app_init ] --START--
INFO: Run Behavior\BuildLiteBehavior [ RunTime:0.000016s ]
INFO: [ app_init ] --END-- [ RunTime:0.000259s ]
INFO: [ app_begin ] --START--
INFO: Run Behavior\ReadHtmlCacheBehavior [ RunTime:0.000348s ]
INFO: [ app_begin ] --END-- [ RunTime:0.000413s ]
SQL: SHOW COLUMNS FROM `Data_Content_257` [ RunTime:0.0010s ]
SQL: SELECT * FROM `Data_Content_265` ORDER BY id desc LIMIT 0,1   [ RunTime:0.0005s ]
NOTIC: [2] json_encode(): Invalid UTF-8 sequence in argument /var/www/html/news/Application/Home/Common/function.php 第 30 行.

[ 2015-09-16T18:25:41+08:00 ] 111.199.87.141 /news/Home/Index/newsList
INFO: [ app_init ] --START--
INFO: Run Behavior\BuildLiteBehavior [ RunTime:0.000015s ]
INFO: [ app_init ] --END-- [ RunTime:0.000257s ]
INFO: [ app_begin ] --START--
INFO: Run Behavior\ReadHtmlCacheBehavior [ RunTime:0.000390s ]
INFO: [ app_begin ] --END-- [ RunTime:0.000446s ]
SQL: SHOW COLUMNS FROM `Data_Content_257` [ RunTime:0.0010s ]
SQL: SELECT * FROM `Data_Content_265` ORDER BY id desc LIMIT 0,1   [ RunTime:0.0004s ]
NOTIC: [2] json_encode(): Invalid UTF-8 sequence in argument /var/www/html/news/Application/Home/Common/function.php 第 30 行.

[ 2015-09-16T18:26:06+08:00 ] 111.199.87.141 /news/Home/Index/newsList
INFO: [ app_init ] --START--
INFO: Run Behavior\BuildLiteBehavior [ RunTime:0.000016s ]
INFO: [ app_init ] --END-- [ RunTime:0.000292s ]
INFO: [ app_begin ] --START--
INFO: Run Behavior\ReadHtmlCacheBehavior [ RunTime:0.000348s ]
INFO: [ app_begin ] --END-- [ RunTime:0.000427s ]
SQL: SHOW COLUMNS FROM `Data_Content_257` [ RunTime:0.0011s ]
SQL: SELECT * FROM `Data_Content_265` ORDER BY id desc LIMIT 0,1   [ RunTime:0.0004s ]
NOTIC: [2] json_encode(): Invalid UTF-8 sequence in argument /var/www/html/news/Application/Home/Common/function.php 第 30 行.

[ 2015-09-16T18:27:48+08:00 ] 111.199.87.141 /news/Home/Index/newsList
INFO: [ app_init ] --START--
INFO: Run Behavior\BuildLiteBehavior [ RunTime:0.000016s ]
INFO: [ app_init ] --END-- [ RunTime:0.000298s ]
INFO: [ app_begin ] --START--
INFO: Run Behavior\ReadHtmlCacheBehavior [ RunTime:0.000354s ]
INFO: [ app_begin ] --END-- [ RunTime:0.000412s ]
SQL: SHOW COLUMNS FROM `Data_Content_257` [ RunTime:0.0009s ]
SQL: SELECT * FROM `Data_Content_257` ORDER BY id desc LIMIT 0,10   [ RunTime:0.0016s ]
NOTIC: [2] strlen() expects exactly 1 parameter, 2 given /var/www/html/news/Application/Home/Controller/IndexController.class.php 第 56 行.
NOTIC: [2] strlen() expects exactly 1 parameter, 2 given /var/www/html/news/Application/Home/Controller/IndexController.class.php 第 56 行.
NOTIC: [2] strlen() expects exactly 1 parameter, 2 given /var/www/html/news/Application/Home/Controller/IndexController.class.php 第 56 行.
NOTIC: [2] strlen() expects exactly 1 parameter, 2 given /var/www/html/news/Application/Home/Controller/IndexController.class.php 第 56 行.
NOTIC: [2] strlen() expects exactly 1 parameter, 2 given /var/www/html/news/Application/Home/Controller/IndexController.class.php 第 56 行.
NOTIC: [2] strlen() expects exactly 1 parameter, 2 given /var/www/html/news/Application/Home/Controller/IndexController.class.php 第 56 行.
NOTIC: [2] strlen() expects exactly 1 parameter, 2 given /var/www/html/news/Application/Home/Controller/IndexController.class.php 第 56 行.
NOTIC: [2] strlen() expects exactly 1 parameter, 2 given /var/www/html/news/Application/Home/Controller/IndexController.class.php 第 56 行.
NOTIC: [2] strlen() expects exactly 1 parameter, 2 given /var/www/html/news/Application/Home/Controller/IndexController.class.php 第 56 行.
NOTIC: [2] strlen() expects exactly 1 parameter, 2 given /var/www/html/news/Application/Home/Controller/IndexController.class.php 第 56 行.

[ 2015-09-16T18:28:57+08:00 ] 111.199.87.141 /news/Home/Index/newsList
INFO: [ app_init ] --START--
INFO: Run Behavior\BuildLiteBehavior [ RunTime:0.000017s ]
INFO: [ app_init ] --END-- [ RunTime:0.000270s ]
INFO: [ app_begin ] --START--
INFO: Run Behavior\ReadHtmlCacheBehavior [ RunTime:0.000327s ]
INFO: [ app_begin ] --END-- [ RunTime:0.000384s ]
SQL: SHOW COLUMNS FROM `Data_Content_257` [ RunTime:0.0010s ]
SQL: SELECT * FROM `Data_Content_257` ORDER BY id desc LIMIT 0,10   [ RunTime:0.0019s ]
NOTIC: [2] strlen() expects exactly 1 parameter, 2 given /var/www/html/news/Application/Home/Controller/IndexController.class.php 第 56 行.
NOTIC: [2] strlen() expects exactly 1 parameter, 2 given /var/www/html/news/Application/Home/Controller/IndexController.class.php 第 56 行.
NOTIC: [2] strlen() expects exactly 1 parameter, 2 given /var/www/html/news/Application/Home/Controller/IndexController.class.php 第 56 行.
NOTIC: [2] strlen() expects exactly 1 parameter, 2 given /var/www/html/news/Application/Home/Controller/IndexController.class.php 第 56 行.
NOTIC: [2] strlen() expects exactly 1 parameter, 2 given /var/www/html/news/Application/Home/Controller/IndexController.class.php 第 56 行.
NOTIC: [2] strlen() expects exactly 1 parameter, 2 given /var/www/html/news/Application/Home/Controller/IndexController.class.php 第 56 行.
NOTIC: [2] strlen() expects exactly 1 parameter, 2 given /var/www/html/news/Application/Home/Controller/IndexController.class.php 第 56 行.
NOTIC: [2] strlen() expects exactly 1 parameter, 2 given /var/www/html/news/Application/Home/Controller/IndexController.class.php 第 56 行.
NOTIC: [2] strlen() expects exactly 1 parameter, 2 given /var/www/html/news/Application/Home/Controller/IndexController.class.php 第 56 行.
NOTIC: [2] strlen() expects exactly 1 parameter, 2 given /var/www/html/news/Application/Home/Controller/IndexController.class.php 第 56 行.

[ 2015-09-16T18:33:40+08:00 ] 111.199.87.141 /news/Home/Index/newsList
INFO: [ app_init ] --START--
INFO: Run Behavior\BuildLiteBehavior [ RunTime:0.000018s ]
INFO: [ app_init ] --END-- [ RunTime:0.000278s ]
INFO: [ app_begin ] --START--
INFO: Run Behavior\ReadHtmlCacheBehavior [ RunTime:0.000362s ]
INFO: [ app_begin ] --END-- [ RunTime:0.000422s ]
SQL: SHOW COLUMNS FROM `Data_Content_257` [ RunTime:0.0010s ]
SQL: SELECT * FROM `Data_Content_257` ORDER BY id desc LIMIT 0,10   [ RunTime:0.0015s ]
NOTIC: [2] strlen() expects exactly 1 parameter, 2 given /var/www/html/news/Application/Home/Controller/IndexController.class.php 第 56 行.
NOTIC: [2] strlen() expects exactly 1 parameter, 2 given /var/www/html/news/Application/Home/Controller/IndexController.class.php 第 56 行.
NOTIC: [2] strlen() expects exactly 1 parameter, 2 given /var/www/html/news/Application/Home/Controller/IndexController.class.php 第 56 行.
NOTIC: [2] strlen() expects exactly 1 parameter, 2 given /var/www/html/news/Application/Home/Controller/IndexController.class.php 第 56 行.
NOTIC: [2] strlen() expects exactly 1 parameter, 2 given /var/www/html/news/Application/Home/Controller/IndexController.class.php 第 56 行.
NOTIC: [2] strlen() expects exactly 1 parameter, 2 given /var/www/html/news/Application/Home/Controller/IndexController.class.php 第 56 行.
NOTIC: [2] strlen() expects exactly 1 parameter, 2 given /var/www/html/news/Application/Home/Controller/IndexController.class.php 第 56 行.
NOTIC: [2] strlen() expects exactly 1 parameter, 2 given /var/www/html/news/Application/Home/Controller/IndexController.class.php 第 56 行.
NOTIC: [2] strlen() expects exactly 1 parameter, 2 given /var/www/html/news/Application/Home/Controller/IndexController.class.php 第 56 行.
NOTIC: [2] strlen() expects exactly 1 parameter, 2 given /var/www/html/news/Application/Home/Controller/IndexController.class.php 第 56 行.

[ 2015-09-16T18:36:41+08:00 ] 111.199.87.141 /news/Home/Index/newsList
INFO: [ app_init ] --START--
INFO: Run Behavior\BuildLiteBehavior [ RunTime:0.000016s ]
INFO: [ app_init ] --END-- [ RunTime:0.000289s ]
INFO: [ app_begin ] --START--
INFO: Run Behavior\ReadHtmlCacheBehavior [ RunTime:0.000346s ]
INFO: [ app_begin ] --END-- [ RunTime:0.000405s ]
SQL: SHOW COLUMNS FROM `Data_Content_257` [ RunTime:0.0010s ]
SQL: SELECT * FROM `Data_Content_257` ORDER BY id desc LIMIT 0,10   [ RunTime:0.0020s ]
NOTIC: [2] strlen() expects exactly 1 parameter, 2 given /var/www/html/news/Application/Home/Controller/IndexController.class.php 第 56 行.
NOTIC: [2] strlen() expects exactly 1 parameter, 2 given /var/www/html/news/Application/Home/Controller/IndexController.class.php 第 56 行.
NOTIC: [2] strlen() expects exactly 1 parameter, 2 given /var/www/html/news/Application/Home/Controller/IndexController.class.php 第 56 行.
NOTIC: [2] strlen() expects exactly 1 parameter, 2 given /var/www/html/news/Application/Home/Controller/IndexController.class.php 第 56 行.
NOTIC: [2] strlen() expects exactly 1 parameter, 2 given /var/www/html/news/Application/Home/Controller/IndexController.class.php 第 56 行.
NOTIC: [2] strlen() expects exactly 1 parameter, 2 given /var/www/html/news/Application/Home/Controller/IndexController.class.php 第 56 行.
NOTIC: [2] strlen() expects exactly 1 parameter, 2 given /var/www/html/news/Application/Home/Controller/IndexController.class.php 第 56 行.
NOTIC: [2] strlen() expects exactly 1 parameter, 2 given /var/www/html/news/Application/Home/Controller/IndexController.class.php 第 56 行.
NOTIC: [2] strlen() expects exactly 1 parameter, 2 given /var/www/html/news/Application/Home/Controller/IndexController.class.php 第 56 行.
NOTIC: [2] strlen() expects exactly 1 parameter, 2 given /var/www/html/news/Application/Home/Controller/IndexController.class.php 第 56 行.

[ 2015-09-16T22:41:18+08:00 ] 222.128.188.156 /news/Home/Index/newsList
INFO: [ app_init ] --START--
INFO: Run Behavior\BuildLiteBehavior [ RunTime:0.000016s ]
INFO: [ app_init ] --END-- [ RunTime:0.000294s ]
INFO: [ app_begin ] --START--
INFO: Run Behavior\ReadHtmlCacheBehavior [ RunTime:0.000358s ]
INFO: [ app_begin ] --END-- [ RunTime:0.000419s ]
SQL: SHOW COLUMNS FROM `Data_Content_257` [ RunTime:0.0011s ]
SQL: SELECT * FROM `Data_Content_257` ORDER BY id desc LIMIT 0,10   [ RunTime:0.0015s ]
NOTIC: [2] strlen() expects exactly 1 parameter, 2 given /var/www/html/news/Application/Home/Controller/IndexController.class.php 第 56 行.
NOTIC: [2] strlen() expects exactly 1 parameter, 2 given /var/www/html/news/Application/Home/Controller/IndexController.class.php 第 56 行.
NOTIC: [2] strlen() expects exactly 1 parameter, 2 given /var/www/html/news/Application/Home/Controller/IndexController.class.php 第 56 行.
NOTIC: [2] strlen() expects exactly 1 parameter, 2 given /var/www/html/news/Application/Home/Controller/IndexController.class.php 第 56 行.
NOTIC: [2] strlen() expects exactly 1 parameter, 2 given /var/www/html/news/Application/Home/Controller/IndexController.class.php 第 56 行.
NOTIC: [2] strlen() expects exactly 1 parameter, 2 given /var/www/html/news/Application/Home/Controller/IndexController.class.php 第 56 行.
NOTIC: [2] strlen() expects exactly 1 parameter, 2 given /var/www/html/news/Application/Home/Controller/IndexController.class.php 第 56 行.
NOTIC: [2] strlen() expects exactly 1 parameter, 2 given /var/www/html/news/Application/Home/Controller/IndexController.class.php 第 56 行.
NOTIC: [2] strlen() expects exactly 1 parameter, 2 given /var/www/html/news/Application/Home/Controller/IndexController.class.php 第 56 行.
NOTIC: [2] strlen() expects exactly 1 parameter, 2 given /var/www/html/news/Application/Home/Controller/IndexController.class.php 第 56 行.

[ 2015-09-16T23:37:43+08:00 ] 117.73.42.41 /news/Home/Index/newsList
INFO: [ app_init ] --START--
INFO: Run Behavior\BuildLiteBehavior [ RunTime:0.000016s ]
INFO: [ app_init ] --END-- [ RunTime:0.000303s ]
INFO: [ app_begin ] --START--
INFO: Run Behavior\ReadHtmlCacheBehavior [ RunTime:0.000353s ]
INFO: [ app_begin ] --END-- [ RunTime:0.000412s ]
SQL: SHOW COLUMNS FROM `Data_Content_257` [ RunTime:0.0009s ]
SQL: SELECT * FROM `Data_Content_257` ORDER BY id desc LIMIT 0,10   [ RunTime:0.0014s ]
NOTIC: [2] strlen() expects exactly 1 parameter, 2 given /var/www/html/news/Application/Home/Controller/IndexController.class.php 第 56 行.
NOTIC: [2] strlen() expects exactly 1 parameter, 2 given /var/www/html/news/Application/Home/Controller/IndexController.class.php 第 56 行.
NOTIC: [2] strlen() expects exactly 1 parameter, 2 given /var/www/html/news/Application/Home/Controller/IndexController.class.php 第 56 行.
NOTIC: [2] strlen() expects exactly 1 parameter, 2 given /var/www/html/news/Application/Home/Controller/IndexController.class.php 第 56 行.
NOTIC: [2] strlen() expects exactly 1 parameter, 2 given /var/www/html/news/Application/Home/Controller/IndexController.class.php 第 56 行.
NOTIC: [2] strlen() expects exactly 1 parameter, 2 given /var/www/html/news/Application/Home/Controller/IndexController.class.php 第 56 行.
NOTIC: [2] strlen() expects exactly 1 parameter, 2 given /var/www/html/news/Application/Home/Controller/IndexController.class.php 第 56 行.
NOTIC: [2] strlen() expects exactly 1 parameter, 2 given /var/www/html/news/Application/Home/Controller/IndexController.class.php 第 56 行.
NOTIC: [2] strlen() expects exactly 1 parameter, 2 given /var/www/html/news/Application/Home/Controller/IndexController.class.php 第 56 行.
NOTIC: [2] strlen() expects exactly 1 parameter, 2 given /var/www/html/news/Application/Home/Controller/IndexController.class.php 第 56 行.

