[ 2015-09-19T15:21:27+08:00 ] 117.73.42.41 /news/Home/Index/newsList
INFO: [ app_init ] --START--
INFO: Run Behavior\BuildLiteBehavior [ RunTime:0.000015s ]
INFO: [ app_init ] --END-- [ RunTime:0.000285s ]
INFO: [ app_begin ] --START--
INFO: Run Behavior\ReadHtmlCacheBehavior [ RunTime:0.000334s ]
INFO: [ app_begin ] --END-- [ RunTime:0.000392s ]
SQL: SHOW COLUMNS FROM `Data_Content_257` [ RunTime:0.0016s ]
SQL: SELECT * FROM `Data_Content_257` ORDER BY id desc LIMIT 0,10   [ RunTime:0.0036s ]
NOTIC: [2] strlen() expects exactly 1 parameter, 2 given /var/www/html/news/Application/Home/Controller/IndexController.class.php 第 64 行.
NOTIC: [2] strlen() expects exactly 1 parameter, 2 given /var/www/html/news/Application/Home/Controller/IndexController.class.php 第 64 行.
NOTIC: [2] strlen() expects exactly 1 parameter, 2 given /var/www/html/news/Application/Home/Controller/IndexController.class.php 第 64 行.
NOTIC: [2] strlen() expects exactly 1 parameter, 2 given /var/www/html/news/Application/Home/Controller/IndexController.class.php 第 64 行.
NOTIC: [8] Undefined variable: data /var/www/html/news/Application/Home/Controller/IndexController.class.php 第 79 行.
NOTIC: [8] Undefined variable: img /var/www/html/news/Application/Home/Controller/IndexController.class.php 第 62 行.
NOTIC: [2] strlen() expects exactly 1 parameter, 2 given /var/www/html/news/Application/Home/Controller/IndexController.class.php 第 64 行.
NOTIC: [8] Undefined variable: data /var/www/html/news/Application/Home/Controller/IndexController.class.php 第 79 行.
NOTIC: [8] Undefined variable: img /var/www/html/news/Application/Home/Controller/IndexController.class.php 第 62 行.
NOTIC: [2] strlen() expects exactly 1 parameter, 2 given /var/www/html/news/Application/Home/Controller/IndexController.class.php 第 64 行.
NOTIC: [8] Undefined variable: data /var/www/html/news/Application/Home/Controller/IndexController.class.php 第 79 行.
NOTIC: [8] Undefined variable: img /var/www/html/news/Application/Home/Controller/IndexController.class.php 第 62 行.
NOTIC: [2] strlen() expects exactly 1 parameter, 2 given /var/www/html/news/Application/Home/Controller/IndexController.class.php 第 64 行.
NOTIC: [8] Undefined variable: data /var/www/html/news/Application/Home/Controller/IndexController.class.php 第 79 行.
NOTIC: [8] Undefined variable: img /var/www/html/news/Application/Home/Controller/IndexController.class.php 第 62 行.
NOTIC: [2] strlen() expects exactly 1 parameter, 2 given /var/www/html/news/Application/Home/Controller/IndexController.class.php 第 64 行.
NOTIC: [8] Undefined variable: data /var/www/html/news/Application/Home/Controller/IndexController.class.php 第 79 行.
NOTIC: [8] Undefined variable: img /var/www/html/news/Application/Home/Controller/IndexController.class.php 第 62 行.
NOTIC: [2] strlen() expects exactly 1 parameter, 2 given /var/www/html/news/Application/Home/Controller/IndexController.class.php 第 64 行.
NOTIC: [8] Undefined variable: data /var/www/html/news/Application/Home/Controller/IndexController.class.php 第 79 行.
NOTIC: [8] Undefined variable: img /var/www/html/news/Application/Home/Controller/IndexController.class.php 第 62 行.
NOTIC: [2] strlen() expects exactly 1 parameter, 2 given /var/www/html/news/Application/Home/Controller/IndexController.class.php 第 64 行.

[ 2015-09-19T15:21:56+08:00 ] 117.73.42.41 /news/Home/Index/newsList
INFO: [ app_init ] --START--
INFO: Run Behavior\BuildLiteBehavior [ RunTime:0.000016s ]
INFO: [ app_init ] --END-- [ RunTime:0.000268s ]
INFO: [ app_begin ] --START--
INFO: Run Behavior\ReadHtmlCacheBehavior [ RunTime:0.000335s ]
INFO: [ app_begin ] --END-- [ RunTime:0.000393s ]
SQL: SHOW COLUMNS FROM `Data_Content_257` [ RunTime:0.0011s ]
SQL: SELECT * FROM `Data_Content_257` ORDER BY id desc LIMIT 0,10   [ RunTime:0.0021s ]
NOTIC: [2] strlen() expects exactly 1 parameter, 2 given /var/www/html/news/Application/Home/Controller/IndexController.class.php 第 64 行.
NOTIC: [2] strlen() expects exactly 1 parameter, 2 given /var/www/html/news/Application/Home/Controller/IndexController.class.php 第 64 行.
NOTIC: [2] strlen() expects exactly 1 parameter, 2 given /var/www/html/news/Application/Home/Controller/IndexController.class.php 第 64 行.
NOTIC: [2] strlen() expects exactly 1 parameter, 2 given /var/www/html/news/Application/Home/Controller/IndexController.class.php 第 64 行.
NOTIC: [8] Undefined variable: data /var/www/html/news/Application/Home/Controller/IndexController.class.php 第 79 行.
NOTIC: [8] Undefined variable: img /var/www/html/news/Application/Home/Controller/IndexController.class.php 第 62 行.
NOTIC: [2] strlen() expects exactly 1 parameter, 2 given /var/www/html/news/Application/Home/Controller/IndexController.class.php 第 64 行.
NOTIC: [8] Undefined variable: data /var/www/html/news/Application/Home/Controller/IndexController.class.php 第 79 行.
NOTIC: [8] Undefined variable: img /var/www/html/news/Application/Home/Controller/IndexController.class.php 第 62 行.
NOTIC: [2] strlen() expects exactly 1 parameter, 2 given /var/www/html/news/Application/Home/Controller/IndexController.class.php 第 64 行.
NOTIC: [8] Undefined variable: data /var/www/html/news/Application/Home/Controller/IndexController.class.php 第 79 行.
NOTIC: [8] Undefined variable: img /var/www/html/news/Application/Home/Controller/IndexController.class.php 第 62 行.
NOTIC: [2] strlen() expects exactly 1 parameter, 2 given /var/www/html/news/Application/Home/Controller/IndexController.class.php 第 64 行.
NOTIC: [8] Undefined variable: data /var/www/html/news/Application/Home/Controller/IndexController.class.php 第 79 行.
NOTIC: [8] Undefined variable: img /var/www/html/news/Application/Home/Controller/IndexController.class.php 第 62 行.
NOTIC: [2] strlen() expects exactly 1 parameter, 2 given /var/www/html/news/Application/Home/Controller/IndexController.class.php 第 64 行.
NOTIC: [8] Undefined variable: data /var/www/html/news/Application/Home/Controller/IndexController.class.php 第 79 行.
NOTIC: [8] Undefined variable: img /var/www/html/news/Application/Home/Controller/IndexController.class.php 第 62 行.
NOTIC: [2] strlen() expects exactly 1 parameter, 2 given /var/www/html/news/Application/Home/Controller/IndexController.class.php 第 64 行.
NOTIC: [8] Undefined variable: data /var/www/html/news/Application/Home/Controller/IndexController.class.php 第 79 行.
NOTIC: [8] Undefined variable: img /var/www/html/news/Application/Home/Controller/IndexController.class.php 第 62 行.
NOTIC: [2] strlen() expects exactly 1 parameter, 2 given /var/www/html/news/Application/Home/Controller/IndexController.class.php 第 64 行.

[ 2015-09-19T15:22:44+08:00 ] 117.73.42.41 /news/Home/Index/newsList
INFO: [ app_init ] --START--
INFO: Run Behavior\BuildLiteBehavior [ RunTime:0.000018s ]
INFO: [ app_init ] --END-- [ RunTime:0.000270s ]
INFO: [ app_begin ] --START--
INFO: Run Behavior\ReadHtmlCacheBehavior [ RunTime:0.000381s ]
INFO: [ app_begin ] --END-- [ RunTime:0.000442s ]
SQL: SHOW COLUMNS FROM `Data_Content_257` [ RunTime:0.0010s ]
SQL: SELECT * FROM `Data_Content_257` ORDER BY id desc LIMIT 0,10   [ RunTime:0.0022s ]
NOTIC: [2] strlen() expects exactly 1 parameter, 2 given /var/www/html/news/Application/Home/Controller/IndexController.class.php 第 64 行.
NOTIC: [2] strlen() expects exactly 1 parameter, 2 given /var/www/html/news/Application/Home/Controller/IndexController.class.php 第 64 行.
NOTIC: [2] strlen() expects exactly 1 parameter, 2 given /var/www/html/news/Application/Home/Controller/IndexController.class.php 第 64 行.
NOTIC: [2] strlen() expects exactly 1 parameter, 2 given /var/www/html/news/Application/Home/Controller/IndexController.class.php 第 64 行.
NOTIC: [8] Undefined variable: data /var/www/html/news/Application/Home/Controller/IndexController.class.php 第 79 行.
NOTIC: [8] Undefined variable: img /var/www/html/news/Application/Home/Controller/IndexController.class.php 第 62 行.
NOTIC: [2] strlen() expects exactly 1 parameter, 2 given /var/www/html/news/Application/Home/Controller/IndexController.class.php 第 64 行.
NOTIC: [8] Undefined variable: data /var/www/html/news/Application/Home/Controller/IndexController.class.php 第 79 行.
NOTIC: [8] Undefined variable: img /var/www/html/news/Application/Home/Controller/IndexController.class.php 第 62 行.
NOTIC: [2] strlen() expects exactly 1 parameter, 2 given /var/www/html/news/Application/Home/Controller/IndexController.class.php 第 64 行.
NOTIC: [8] Undefined variable: data /var/www/html/news/Application/Home/Controller/IndexController.class.php 第 79 行.
NOTIC: [8] Undefined variable: img /var/www/html/news/Application/Home/Controller/IndexController.class.php 第 62 行.
NOTIC: [2] strlen() expects exactly 1 parameter, 2 given /var/www/html/news/Application/Home/Controller/IndexController.class.php 第 64 行.
NOTIC: [8] Undefined variable: data /var/www/html/news/Application/Home/Controller/IndexController.class.php 第 79 行.
NOTIC: [8] Undefined variable: img /var/www/html/news/Application/Home/Controller/IndexController.class.php 第 62 行.
NOTIC: [2] strlen() expects exactly 1 parameter, 2 given /var/www/html/news/Application/Home/Controller/IndexController.class.php 第 64 行.
NOTIC: [8] Undefined variable: data /var/www/html/news/Application/Home/Controller/IndexController.class.php 第 79 行.
NOTIC: [8] Undefined variable: img /var/www/html/news/Application/Home/Controller/IndexController.class.php 第 62 行.
NOTIC: [2] strlen() expects exactly 1 parameter, 2 given /var/www/html/news/Application/Home/Controller/IndexController.class.php 第 64 行.
NOTIC: [8] Undefined variable: data /var/www/html/news/Application/Home/Controller/IndexController.class.php 第 79 行.
NOTIC: [8] Undefined variable: img /var/www/html/news/Application/Home/Controller/IndexController.class.php 第 62 行.
NOTIC: [2] strlen() expects exactly 1 parameter, 2 given /var/www/html/news/Application/Home/Controller/IndexController.class.php 第 64 行.

[ 2015-09-19T15:22:50+08:00 ] 117.73.42.41 /news/Home/Index/newsList
INFO: [ app_init ] --START--
INFO: Run Behavior\BuildLiteBehavior [ RunTime:0.000015s ]
INFO: [ app_init ] --END-- [ RunTime:0.000260s ]
INFO: [ app_begin ] --START--
INFO: Run Behavior\ReadHtmlCacheBehavior [ RunTime:0.000325s ]
INFO: [ app_begin ] --END-- [ RunTime:0.000381s ]
SQL: SHOW COLUMNS FROM `Data_Content_257` [ RunTime:0.0010s ]
SQL: SELECT * FROM `Data_Content_257` ORDER BY id desc LIMIT 0,10   [ RunTime:0.0029s ]
NOTIC: [2] strlen() expects exactly 1 parameter, 2 given /var/www/html/news/Application/Home/Controller/IndexController.class.php 第 64 行.
NOTIC: [2] strlen() expects exactly 1 parameter, 2 given /var/www/html/news/Application/Home/Controller/IndexController.class.php 第 64 行.
NOTIC: [2] strlen() expects exactly 1 parameter, 2 given /var/www/html/news/Application/Home/Controller/IndexController.class.php 第 64 行.
NOTIC: [2] strlen() expects exactly 1 parameter, 2 given /var/www/html/news/Application/Home/Controller/IndexController.class.php 第 64 行.
NOTIC: [8] Undefined variable: data /var/www/html/news/Application/Home/Controller/IndexController.class.php 第 79 行.
NOTIC: [8] Undefined variable: img /var/www/html/news/Application/Home/Controller/IndexController.class.php 第 62 行.
NOTIC: [2] strlen() expects exactly 1 parameter, 2 given /var/www/html/news/Application/Home/Controller/IndexController.class.php 第 64 行.
NOTIC: [8] Undefined variable: data /var/www/html/news/Application/Home/Controller/IndexController.class.php 第 79 行.
NOTIC: [8] Undefined variable: img /var/www/html/news/Application/Home/Controller/IndexController.class.php 第 62 行.
NOTIC: [2] strlen() expects exactly 1 parameter, 2 given /var/www/html/news/Application/Home/Controller/IndexController.class.php 第 64 行.
NOTIC: [8] Undefined variable: data /var/www/html/news/Application/Home/Controller/IndexController.class.php 第 79 行.
NOTIC: [8] Undefined variable: img /var/www/html/news/Application/Home/Controller/IndexController.class.php 第 62 行.
NOTIC: [2] strlen() expects exactly 1 parameter, 2 given /var/www/html/news/Application/Home/Controller/IndexController.class.php 第 64 行.
NOTIC: [8] Undefined variable: data /var/www/html/news/Application/Home/Controller/IndexController.class.php 第 79 行.
NOTIC: [8] Undefined variable: img /var/www/html/news/Application/Home/Controller/IndexController.class.php 第 62 行.
NOTIC: [2] strlen() expects exactly 1 parameter, 2 given /var/www/html/news/Application/Home/Controller/IndexController.class.php 第 64 行.
NOTIC: [8] Undefined variable: data /var/www/html/news/Application/Home/Controller/IndexController.class.php 第 79 行.
NOTIC: [8] Undefined variable: img /var/www/html/news/Application/Home/Controller/IndexController.class.php 第 62 行.
NOTIC: [2] strlen() expects exactly 1 parameter, 2 given /var/www/html/news/Application/Home/Controller/IndexController.class.php 第 64 行.
NOTIC: [8] Undefined variable: data /var/www/html/news/Application/Home/Controller/IndexController.class.php 第 79 行.
NOTIC: [8] Undefined variable: img /var/www/html/news/Application/Home/Controller/IndexController.class.php 第 62 行.
NOTIC: [2] strlen() expects exactly 1 parameter, 2 given /var/www/html/news/Application/Home/Controller/IndexController.class.php 第 64 行.

[ 2015-09-19T15:23:06+08:00 ] 117.73.42.41 /news/Home/Index/newsList
INFO: [ app_init ] --START--
INFO: Run Behavior\BuildLiteBehavior [ RunTime:0.000016s ]
INFO: [ app_init ] --END-- [ RunTime:0.000279s ]
INFO: [ app_begin ] --START--
INFO: Run Behavior\ReadHtmlCacheBehavior [ RunTime:0.000345s ]
INFO: [ app_begin ] --END-- [ RunTime:0.000403s ]
SQL: SHOW COLUMNS FROM `Data_Content_257` [ RunTime:0.0011s ]
SQL: SELECT * FROM `Data_Content_257` ORDER BY id desc LIMIT 0,10   [ RunTime:0.0025s ]
NOTIC: [2] strlen() expects exactly 1 parameter, 2 given /var/www/html/news/Application/Home/Controller/IndexController.class.php 第 64 行.
NOTIC: [2] strlen() expects exactly 1 parameter, 2 given /var/www/html/news/Application/Home/Controller/IndexController.class.php 第 64 行.
NOTIC: [2] strlen() expects exactly 1 parameter, 2 given /var/www/html/news/Application/Home/Controller/IndexController.class.php 第 64 行.
NOTIC: [2] strlen() expects exactly 1 parameter, 2 given /var/www/html/news/Application/Home/Controller/IndexController.class.php 第 64 行.
NOTIC: [8] Undefined variable: data /var/www/html/news/Application/Home/Controller/IndexController.class.php 第 79 行.
NOTIC: [8] Undefined variable: img /var/www/html/news/Application/Home/Controller/IndexController.class.php 第 62 行.
NOTIC: [2] strlen() expects exactly 1 parameter, 2 given /var/www/html/news/Application/Home/Controller/IndexController.class.php 第 64 行.
NOTIC: [8] Undefined variable: data /var/www/html/news/Application/Home/Controller/IndexController.class.php 第 79 行.
NOTIC: [8] Undefined variable: img /var/www/html/news/Application/Home/Controller/IndexController.class.php 第 62 行.
NOTIC: [2] strlen() expects exactly 1 parameter, 2 given /var/www/html/news/Application/Home/Controller/IndexController.class.php 第 64 行.
NOTIC: [8] Undefined variable: data /var/www/html/news/Application/Home/Controller/IndexController.class.php 第 79 行.
NOTIC: [8] Undefined variable: img /var/www/html/news/Application/Home/Controller/IndexController.class.php 第 62 行.
NOTIC: [2] strlen() expects exactly 1 parameter, 2 given /var/www/html/news/Application/Home/Controller/IndexController.class.php 第 64 行.
NOTIC: [8] Undefined variable: data /var/www/html/news/Application/Home/Controller/IndexController.class.php 第 79 行.
NOTIC: [8] Undefined variable: img /var/www/html/news/Application/Home/Controller/IndexController.class.php 第 62 行.
NOTIC: [2] strlen() expects exactly 1 parameter, 2 given /var/www/html/news/Application/Home/Controller/IndexController.class.php 第 64 行.
NOTIC: [8] Undefined variable: data /var/www/html/news/Application/Home/Controller/IndexController.class.php 第 79 行.
NOTIC: [8] Undefined variable: img /var/www/html/news/Application/Home/Controller/IndexController.class.php 第 62 行.
NOTIC: [2] strlen() expects exactly 1 parameter, 2 given /var/www/html/news/Application/Home/Controller/IndexController.class.php 第 64 行.
NOTIC: [8] Undefined variable: data /var/www/html/news/Application/Home/Controller/IndexController.class.php 第 79 行.
NOTIC: [8] Undefined variable: img /var/www/html/news/Application/Home/Controller/IndexController.class.php 第 62 行.
NOTIC: [2] strlen() expects exactly 1 parameter, 2 given /var/www/html/news/Application/Home/Controller/IndexController.class.php 第 64 行.

[ 2015-09-19T15:23:11+08:00 ] 117.73.42.41 /news/Home/Index/newsList
INFO: [ app_init ] --START--
INFO: Run Behavior\BuildLiteBehavior [ RunTime:0.000020s ]
INFO: [ app_init ] --END-- [ RunTime:0.000313s ]
INFO: [ app_begin ] --START--
INFO: Run Behavior\ReadHtmlCacheBehavior [ RunTime:0.000359s ]
INFO: [ app_begin ] --END-- [ RunTime:0.000418s ]
SQL: SHOW COLUMNS FROM `Data_Content_257` [ RunTime:0.0011s ]
SQL: SELECT * FROM `Data_Content_257` ORDER BY id desc LIMIT 0,10   [ RunTime:0.0029s ]
NOTIC: [2] strlen() expects exactly 1 parameter, 2 given /var/www/html/news/Application/Home/Controller/IndexController.class.php 第 64 行.
NOTIC: [2] strlen() expects exactly 1 parameter, 2 given /var/www/html/news/Application/Home/Controller/IndexController.class.php 第 64 行.
NOTIC: [2] strlen() expects exactly 1 parameter, 2 given /var/www/html/news/Application/Home/Controller/IndexController.class.php 第 64 行.
NOTIC: [2] strlen() expects exactly 1 parameter, 2 given /var/www/html/news/Application/Home/Controller/IndexController.class.php 第 64 行.
NOTIC: [8] Undefined variable: data /var/www/html/news/Application/Home/Controller/IndexController.class.php 第 79 行.
NOTIC: [8] Undefined variable: img /var/www/html/news/Application/Home/Controller/IndexController.class.php 第 62 行.
NOTIC: [2] strlen() expects exactly 1 parameter, 2 given /var/www/html/news/Application/Home/Controller/IndexController.class.php 第 64 行.
NOTIC: [8] Undefined variable: data /var/www/html/news/Application/Home/Controller/IndexController.class.php 第 79 行.
NOTIC: [8] Undefined variable: img /var/www/html/news/Application/Home/Controller/IndexController.class.php 第 62 行.
NOTIC: [2] strlen() expects exactly 1 parameter, 2 given /var/www/html/news/Application/Home/Controller/IndexController.class.php 第 64 行.
NOTIC: [8] Undefined variable: data /var/www/html/news/Application/Home/Controller/IndexController.class.php 第 79 行.
NOTIC: [8] Undefined variable: img /var/www/html/news/Application/Home/Controller/IndexController.class.php 第 62 行.
NOTIC: [2] strlen() expects exactly 1 parameter, 2 given /var/www/html/news/Application/Home/Controller/IndexController.class.php 第 64 行.
NOTIC: [8] Undefined variable: data /var/www/html/news/Application/Home/Controller/IndexController.class.php 第 79 行.
NOTIC: [8] Undefined variable: img /var/www/html/news/Application/Home/Controller/IndexController.class.php 第 62 行.
NOTIC: [2] strlen() expects exactly 1 parameter, 2 given /var/www/html/news/Application/Home/Controller/IndexController.class.php 第 64 行.
NOTIC: [8] Undefined variable: data /var/www/html/news/Application/Home/Controller/IndexController.class.php 第 79 行.
NOTIC: [8] Undefined variable: img /var/www/html/news/Application/Home/Controller/IndexController.class.php 第 62 行.
NOTIC: [2] strlen() expects exactly 1 parameter, 2 given /var/www/html/news/Application/Home/Controller/IndexController.class.php 第 64 行.
NOTIC: [8] Undefined variable: data /var/www/html/news/Application/Home/Controller/IndexController.class.php 第 79 行.
NOTIC: [8] Undefined variable: img /var/www/html/news/Application/Home/Controller/IndexController.class.php 第 62 行.
NOTIC: [2] strlen() expects exactly 1 parameter, 2 given /var/www/html/news/Application/Home/Controller/IndexController.class.php 第 64 行.

