[ 2015-11-20T22:01:39+08:00 ] 117.73.144.22 /news/Home/Index/newsList
INFO: [ app_init ] --START--
INFO: Run Behavior\BuildLiteBehavior [ RunTime:0.000017s ]
INFO: [ app_init ] --END-- [ RunTime:0.000304s ]
INFO: [ app_begin ] --START--
INFO: Run Behavior\ReadHtmlCacheBehavior [ RunTime:0.000480s ]
INFO: [ app_begin ] --END-- [ RunTime:0.000592s ]
SQL: SHOW COLUMNS FROM `Data_Content_257` [ RunTime:0.0016s ]
SQL: SELECT * FROM `Data_Content_265` ORDER BY id desc LIMIT 0,10   [ RunTime:0.0016s ]
NOTIC: [2] strlen() expects exactly 1 parameter, 2 given /mnt/php-wzf/news/Application/Home/Controller/IndexController.class.php 第 64 行.
NOTIC: [2] strlen() expects exactly 1 parameter, 2 given /mnt/php-wzf/news/Application/Home/Controller/IndexController.class.php 第 64 行.
NOTIC: [2] strlen() expects exactly 1 parameter, 2 given /mnt/php-wzf/news/Application/Home/Controller/IndexController.class.php 第 64 行.
NOTIC: [2] strlen() expects exactly 1 parameter, 2 given /mnt/php-wzf/news/Application/Home/Controller/IndexController.class.php 第 64 行.
NOTIC: [2] strlen() expects exactly 1 parameter, 2 given /mnt/php-wzf/news/Application/Home/Controller/IndexController.class.php 第 64 行.
NOTIC: [2] strlen() expects exactly 1 parameter, 2 given /mnt/php-wzf/news/Application/Home/Controller/IndexController.class.php 第 64 行.
NOTIC: [2] strlen() expects exactly 1 parameter, 2 given /mnt/php-wzf/news/Application/Home/Controller/IndexController.class.php 第 64 行.
NOTIC: [2] strlen() expects exactly 1 parameter, 2 given /mnt/php-wzf/news/Application/Home/Controller/IndexController.class.php 第 64 行.
NOTIC: [2] strlen() expects exactly 1 parameter, 2 given /mnt/php-wzf/news/Application/Home/Controller/IndexController.class.php 第 64 行.
NOTIC: [2] strlen() expects exactly 1 parameter, 2 given /mnt/php-wzf/news/Application/Home/Controller/IndexController.class.php 第 64 行.

[ 2015-11-20T22:01:39+08:00 ] 117.73.144.22 /news/Home/Index/newsList
INFO: [ app_init ] --START--
INFO: Run Behavior\BuildLiteBehavior [ RunTime:0.000019s ]
INFO: [ app_init ] --END-- [ RunTime:0.000320s ]
INFO: [ app_begin ] --START--
INFO: Run Behavior\ReadHtmlCacheBehavior [ RunTime:0.000426s ]
INFO: [ app_begin ] --END-- [ RunTime:0.000519s ]
SQL: SHOW COLUMNS FROM `Data_Content_257` [ RunTime:0.0031s ]
SQL: SELECT * FROM `Data_Content_265` ORDER BY id desc LIMIT 0,10   [ RunTime:0.0011s ]
NOTIC: [2] strlen() expects exactly 1 parameter, 2 given /mnt/php-wzf/news/Application/Home/Controller/IndexController.class.php 第 64 行.
NOTIC: [2] strlen() expects exactly 1 parameter, 2 given /mnt/php-wzf/news/Application/Home/Controller/IndexController.class.php 第 64 行.
NOTIC: [2] strlen() expects exactly 1 parameter, 2 given /mnt/php-wzf/news/Application/Home/Controller/IndexController.class.php 第 64 行.
NOTIC: [2] strlen() expects exactly 1 parameter, 2 given /mnt/php-wzf/news/Application/Home/Controller/IndexController.class.php 第 64 行.
NOTIC: [2] strlen() expects exactly 1 parameter, 2 given /mnt/php-wzf/news/Application/Home/Controller/IndexController.class.php 第 64 行.
NOTIC: [2] strlen() expects exactly 1 parameter, 2 given /mnt/php-wzf/news/Application/Home/Controller/IndexController.class.php 第 64 行.
NOTIC: [2] strlen() expects exactly 1 parameter, 2 given /mnt/php-wzf/news/Application/Home/Controller/IndexController.class.php 第 64 行.
NOTIC: [2] strlen() expects exactly 1 parameter, 2 given /mnt/php-wzf/news/Application/Home/Controller/IndexController.class.php 第 64 行.
NOTIC: [2] strlen() expects exactly 1 parameter, 2 given /mnt/php-wzf/news/Application/Home/Controller/IndexController.class.php 第 64 行.
NOTIC: [2] strlen() expects exactly 1 parameter, 2 given /mnt/php-wzf/news/Application/Home/Controller/IndexController.class.php 第 64 行.

