[ 2015-11-26T13:38:23+08:00 ] 123.121.18.100 /news/Home/Index/newsList
INFO: [ app_init ] --START--
INFO: Run Behavior\BuildLiteBehavior [ RunTime:0.000020s ]
INFO: [ app_init ] --END-- [ RunTime:0.000343s ]
INFO: [ app_begin ] --START--
INFO: Run Behavior\ReadHtmlCacheBehavior [ RunTime:0.000381s ]
INFO: [ app_begin ] --END-- [ RunTime:0.000441s ]
SQL: SHOW COLUMNS FROM `Data_Content_257` [ RunTime:0.0013s ]
SQL: SELECT * FROM `Data_Content_265` ORDER BY id desc LIMIT 0,10   [ RunTime:0.0013s ]
NOTIC: [2] strlen() expects exactly 1 parameter, 2 given /mnt/php-wzf/news/Application/Home/Controller/IndexController.class.php 第 64 行.
NOTIC: [2] strlen() expects exactly 1 parameter, 2 given /mnt/php-wzf/news/Application/Home/Controller/IndexController.class.php 第 64 行.
NOTIC: [2] strlen() expects exactly 1 parameter, 2 given /mnt/php-wzf/news/Application/Home/Controller/IndexController.class.php 第 64 行.
NOTIC: [2] strlen() expects exactly 1 parameter, 2 given /mnt/php-wzf/news/Application/Home/Controller/IndexController.class.php 第 64 行.
NOTIC: [2] strlen() expects exactly 1 parameter, 2 given /mnt/php-wzf/news/Application/Home/Controller/IndexController.class.php 第 64 行.
NOTIC: [2] strlen() expects exactly 1 parameter, 2 given /mnt/php-wzf/news/Application/Home/Controller/IndexController.class.php 第 64 行.
NOTIC: [2] strlen() expects exactly 1 parameter, 2 given /mnt/php-wzf/news/Application/Home/Controller/IndexController.class.php 第 64 行.
NOTIC: [2] strlen() expects exactly 1 parameter, 2 given /mnt/php-wzf/news/Application/Home/Controller/IndexController.class.php 第 64 行.
NOTIC: [2] strlen() expects exactly 1 parameter, 2 given /mnt/php-wzf/news/Application/Home/Controller/IndexController.class.php 第 64 行.
NOTIC: [2] strlen() expects exactly 1 parameter, 2 given /mnt/php-wzf/news/Application/Home/Controller/IndexController.class.php 第 64 行.

[ 2015-11-26T13:38:25+08:00 ] 123.121.18.100 /news/Home/Index/newsList
INFO: [ app_init ] --START--
INFO: Run Behavior\BuildLiteBehavior [ RunTime:0.000021s ]
INFO: [ app_init ] --END-- [ RunTime:0.000282s ]
INFO: [ app_begin ] --START--
INFO: Run Behavior\ReadHtmlCacheBehavior [ RunTime:0.000429s ]
INFO: [ app_begin ] --END-- [ RunTime:0.000518s ]
SQL: SHOW COLUMNS FROM `Data_Content_257` [ RunTime:0.0010s ]
SQL: SELECT * FROM `Data_Content_265` ORDER BY id desc LIMIT 0,10   [ RunTime:0.0013s ]
NOTIC: [2] strlen() expects exactly 1 parameter, 2 given /mnt/php-wzf/news/Application/Home/Controller/IndexController.class.php 第 64 行.
NOTIC: [2] strlen() expects exactly 1 parameter, 2 given /mnt/php-wzf/news/Application/Home/Controller/IndexController.class.php 第 64 行.
NOTIC: [2] strlen() expects exactly 1 parameter, 2 given /mnt/php-wzf/news/Application/Home/Controller/IndexController.class.php 第 64 行.
NOTIC: [2] strlen() expects exactly 1 parameter, 2 given /mnt/php-wzf/news/Application/Home/Controller/IndexController.class.php 第 64 行.
NOTIC: [2] strlen() expects exactly 1 parameter, 2 given /mnt/php-wzf/news/Application/Home/Controller/IndexController.class.php 第 64 行.
NOTIC: [2] strlen() expects exactly 1 parameter, 2 given /mnt/php-wzf/news/Application/Home/Controller/IndexController.class.php 第 64 行.
NOTIC: [2] strlen() expects exactly 1 parameter, 2 given /mnt/php-wzf/news/Application/Home/Controller/IndexController.class.php 第 64 行.
NOTIC: [2] strlen() expects exactly 1 parameter, 2 given /mnt/php-wzf/news/Application/Home/Controller/IndexController.class.php 第 64 行.
NOTIC: [2] strlen() expects exactly 1 parameter, 2 given /mnt/php-wzf/news/Application/Home/Controller/IndexController.class.php 第 64 行.
NOTIC: [2] strlen() expects exactly 1 parameter, 2 given /mnt/php-wzf/news/Application/Home/Controller/IndexController.class.php 第 64 行.

[ 2015-11-26T14:41:13+08:00 ] 123.121.18.100 /news/Home/Index/newsList
INFO: [ app_init ] --START--
INFO: Run Behavior\BuildLiteBehavior [ RunTime:0.000016s ]
INFO: [ app_init ] --END-- [ RunTime:0.003347s ]
INFO: [ app_begin ] --START--
INFO: Run Behavior\ReadHtmlCacheBehavior [ RunTime:0.000356s ]
INFO: [ app_begin ] --END-- [ RunTime:0.000417s ]
SQL: SHOW COLUMNS FROM `Data_Content_257` [ RunTime:0.0015s ]
SQL: SELECT * FROM `Data_Content_265` ORDER BY id desc LIMIT 0,10   [ RunTime:0.0019s ]
NOTIC: [2] strlen() expects exactly 1 parameter, 2 given /mnt/php-wzf/news/Application/Home/Controller/IndexController.class.php 第 64 行.
NOTIC: [2] strlen() expects exactly 1 parameter, 2 given /mnt/php-wzf/news/Application/Home/Controller/IndexController.class.php 第 64 行.
NOTIC: [2] strlen() expects exactly 1 parameter, 2 given /mnt/php-wzf/news/Application/Home/Controller/IndexController.class.php 第 64 行.
NOTIC: [2] strlen() expects exactly 1 parameter, 2 given /mnt/php-wzf/news/Application/Home/Controller/IndexController.class.php 第 64 行.
NOTIC: [2] strlen() expects exactly 1 parameter, 2 given /mnt/php-wzf/news/Application/Home/Controller/IndexController.class.php 第 64 行.
NOTIC: [2] strlen() expects exactly 1 parameter, 2 given /mnt/php-wzf/news/Application/Home/Controller/IndexController.class.php 第 64 行.
NOTIC: [2] strlen() expects exactly 1 parameter, 2 given /mnt/php-wzf/news/Application/Home/Controller/IndexController.class.php 第 64 行.
NOTIC: [2] strlen() expects exactly 1 parameter, 2 given /mnt/php-wzf/news/Application/Home/Controller/IndexController.class.php 第 64 行.
NOTIC: [2] strlen() expects exactly 1 parameter, 2 given /mnt/php-wzf/news/Application/Home/Controller/IndexController.class.php 第 64 行.
NOTIC: [2] strlen() expects exactly 1 parameter, 2 given /mnt/php-wzf/news/Application/Home/Controller/IndexController.class.php 第 64 行.

[ 2015-11-26T14:41:14+08:00 ] 123.121.18.100 /news/Home/Index/newsList
INFO: [ app_init ] --START--
INFO: Run Behavior\BuildLiteBehavior [ RunTime:0.000019s ]
INFO: [ app_init ] --END-- [ RunTime:0.000277s ]
INFO: [ app_begin ] --START--
INFO: Run Behavior\ReadHtmlCacheBehavior [ RunTime:0.000331s ]
INFO: [ app_begin ] --END-- [ RunTime:0.000389s ]
SQL: SHOW COLUMNS FROM `Data_Content_257` [ RunTime:0.0010s ]
SQL: SELECT * FROM `Data_Content_265` ORDER BY id desc LIMIT 0,10   [ RunTime:0.0014s ]
NOTIC: [2] strlen() expects exactly 1 parameter, 2 given /mnt/php-wzf/news/Application/Home/Controller/IndexController.class.php 第 64 行.
NOTIC: [2] strlen() expects exactly 1 parameter, 2 given /mnt/php-wzf/news/Application/Home/Controller/IndexController.class.php 第 64 行.
NOTIC: [2] strlen() expects exactly 1 parameter, 2 given /mnt/php-wzf/news/Application/Home/Controller/IndexController.class.php 第 64 行.
NOTIC: [2] strlen() expects exactly 1 parameter, 2 given /mnt/php-wzf/news/Application/Home/Controller/IndexController.class.php 第 64 行.
NOTIC: [2] strlen() expects exactly 1 parameter, 2 given /mnt/php-wzf/news/Application/Home/Controller/IndexController.class.php 第 64 行.
NOTIC: [2] strlen() expects exactly 1 parameter, 2 given /mnt/php-wzf/news/Application/Home/Controller/IndexController.class.php 第 64 行.
NOTIC: [2] strlen() expects exactly 1 parameter, 2 given /mnt/php-wzf/news/Application/Home/Controller/IndexController.class.php 第 64 行.
NOTIC: [2] strlen() expects exactly 1 parameter, 2 given /mnt/php-wzf/news/Application/Home/Controller/IndexController.class.php 第 64 行.
NOTIC: [2] strlen() expects exactly 1 parameter, 2 given /mnt/php-wzf/news/Application/Home/Controller/IndexController.class.php 第 64 行.
NOTIC: [2] strlen() expects exactly 1 parameter, 2 given /mnt/php-wzf/news/Application/Home/Controller/IndexController.class.php 第 64 行.

[ 2015-11-26T15:00:52+08:00 ] 123.121.18.100 /news/Home/Index/newsList
INFO: [ app_init ] --START--
INFO: Run Behavior\BuildLiteBehavior [ RunTime:0.000015s ]
INFO: [ app_init ] --END-- [ RunTime:0.000267s ]
INFO: [ app_begin ] --START--
INFO: Run Behavior\ReadHtmlCacheBehavior [ RunTime:0.000326s ]
INFO: [ app_begin ] --END-- [ RunTime:0.000385s ]
SQL: SHOW COLUMNS FROM `Data_Content_257` [ RunTime:0.0009s ]
SQL: SELECT * FROM `Data_Content_265` ORDER BY id desc LIMIT 0,10   [ RunTime:0.0011s ]
NOTIC: [2] strlen() expects exactly 1 parameter, 2 given /mnt/php-wzf/news/Application/Home/Controller/IndexController.class.php 第 64 行.
NOTIC: [2] strlen() expects exactly 1 parameter, 2 given /mnt/php-wzf/news/Application/Home/Controller/IndexController.class.php 第 64 行.
NOTIC: [2] strlen() expects exactly 1 parameter, 2 given /mnt/php-wzf/news/Application/Home/Controller/IndexController.class.php 第 64 行.
NOTIC: [2] strlen() expects exactly 1 parameter, 2 given /mnt/php-wzf/news/Application/Home/Controller/IndexController.class.php 第 64 行.
NOTIC: [2] strlen() expects exactly 1 parameter, 2 given /mnt/php-wzf/news/Application/Home/Controller/IndexController.class.php 第 64 行.
NOTIC: [2] strlen() expects exactly 1 parameter, 2 given /mnt/php-wzf/news/Application/Home/Controller/IndexController.class.php 第 64 行.
NOTIC: [2] strlen() expects exactly 1 parameter, 2 given /mnt/php-wzf/news/Application/Home/Controller/IndexController.class.php 第 64 行.
NOTIC: [2] strlen() expects exactly 1 parameter, 2 given /mnt/php-wzf/news/Application/Home/Controller/IndexController.class.php 第 64 行.
NOTIC: [2] strlen() expects exactly 1 parameter, 2 given /mnt/php-wzf/news/Application/Home/Controller/IndexController.class.php 第 64 行.
NOTIC: [2] strlen() expects exactly 1 parameter, 2 given /mnt/php-wzf/news/Application/Home/Controller/IndexController.class.php 第 64 行.

[ 2015-11-26T15:00:52+08:00 ] 123.121.18.100 /news/Home/Index/newsList
INFO: [ app_init ] --START--
INFO: Run Behavior\BuildLiteBehavior [ RunTime:0.000015s ]
INFO: [ app_init ] --END-- [ RunTime:0.000270s ]
INFO: [ app_begin ] --START--
INFO: Run Behavior\ReadHtmlCacheBehavior [ RunTime:0.000411s ]
INFO: [ app_begin ] --END-- [ RunTime:0.000481s ]
SQL: SHOW COLUMNS FROM `Data_Content_257` [ RunTime:0.0010s ]
SQL: SELECT * FROM `Data_Content_265` ORDER BY id desc LIMIT 0,10   [ RunTime:0.0015s ]
NOTIC: [2] strlen() expects exactly 1 parameter, 2 given /mnt/php-wzf/news/Application/Home/Controller/IndexController.class.php 第 64 行.
NOTIC: [2] strlen() expects exactly 1 parameter, 2 given /mnt/php-wzf/news/Application/Home/Controller/IndexController.class.php 第 64 行.
NOTIC: [2] strlen() expects exactly 1 parameter, 2 given /mnt/php-wzf/news/Application/Home/Controller/IndexController.class.php 第 64 行.
NOTIC: [2] strlen() expects exactly 1 parameter, 2 given /mnt/php-wzf/news/Application/Home/Controller/IndexController.class.php 第 64 行.
NOTIC: [2] strlen() expects exactly 1 parameter, 2 given /mnt/php-wzf/news/Application/Home/Controller/IndexController.class.php 第 64 行.
NOTIC: [2] strlen() expects exactly 1 parameter, 2 given /mnt/php-wzf/news/Application/Home/Controller/IndexController.class.php 第 64 行.
NOTIC: [2] strlen() expects exactly 1 parameter, 2 given /mnt/php-wzf/news/Application/Home/Controller/IndexController.class.php 第 64 行.
NOTIC: [2] strlen() expects exactly 1 parameter, 2 given /mnt/php-wzf/news/Application/Home/Controller/IndexController.class.php 第 64 行.
NOTIC: [2] strlen() expects exactly 1 parameter, 2 given /mnt/php-wzf/news/Application/Home/Controller/IndexController.class.php 第 64 行.
NOTIC: [2] strlen() expects exactly 1 parameter, 2 given /mnt/php-wzf/news/Application/Home/Controller/IndexController.class.php 第 64 行.

[ 2015-11-26T15:01:51+08:00 ] 123.121.18.100 /news/Home/Index/newsList
INFO: [ app_init ] --START--
INFO: Run Behavior\BuildLiteBehavior [ RunTime:0.000015s ]
INFO: [ app_init ] --END-- [ RunTime:0.000270s ]
INFO: [ app_begin ] --START--
INFO: Run Behavior\ReadHtmlCacheBehavior [ RunTime:0.000329s ]
INFO: [ app_begin ] --END-- [ RunTime:0.000389s ]
SQL: SHOW COLUMNS FROM `Data_Content_257` [ RunTime:0.0013s ]
SQL: SELECT * FROM `Data_Content_265` ORDER BY id desc LIMIT 0,10   [ RunTime:0.0019s ]
NOTIC: [2] strlen() expects exactly 1 parameter, 2 given /mnt/php-wzf/news/Application/Home/Controller/IndexController.class.php 第 64 行.
NOTIC: [2] strlen() expects exactly 1 parameter, 2 given /mnt/php-wzf/news/Application/Home/Controller/IndexController.class.php 第 64 行.
NOTIC: [2] strlen() expects exactly 1 parameter, 2 given /mnt/php-wzf/news/Application/Home/Controller/IndexController.class.php 第 64 行.
NOTIC: [2] strlen() expects exactly 1 parameter, 2 given /mnt/php-wzf/news/Application/Home/Controller/IndexController.class.php 第 64 行.
NOTIC: [2] strlen() expects exactly 1 parameter, 2 given /mnt/php-wzf/news/Application/Home/Controller/IndexController.class.php 第 64 行.
NOTIC: [2] strlen() expects exactly 1 parameter, 2 given /mnt/php-wzf/news/Application/Home/Controller/IndexController.class.php 第 64 行.
NOTIC: [2] strlen() expects exactly 1 parameter, 2 given /mnt/php-wzf/news/Application/Home/Controller/IndexController.class.php 第 64 行.
NOTIC: [2] strlen() expects exactly 1 parameter, 2 given /mnt/php-wzf/news/Application/Home/Controller/IndexController.class.php 第 64 行.
NOTIC: [2] strlen() expects exactly 1 parameter, 2 given /mnt/php-wzf/news/Application/Home/Controller/IndexController.class.php 第 64 行.
NOTIC: [2] strlen() expects exactly 1 parameter, 2 given /mnt/php-wzf/news/Application/Home/Controller/IndexController.class.php 第 64 行.

[ 2015-11-26T15:01:54+08:00 ] 123.121.18.100 /news/Home/Index/newsList
INFO: [ app_init ] --START--
INFO: Run Behavior\BuildLiteBehavior [ RunTime:0.000015s ]
INFO: [ app_init ] --END-- [ RunTime:0.000276s ]
INFO: [ app_begin ] --START--
INFO: Run Behavior\ReadHtmlCacheBehavior [ RunTime:0.000393s ]
INFO: [ app_begin ] --END-- [ RunTime:0.000459s ]
SQL: SHOW COLUMNS FROM `Data_Content_257` [ RunTime:0.0009s ]
SQL: SELECT * FROM `Data_Content_265` ORDER BY id desc LIMIT 0,10   [ RunTime:0.0015s ]
NOTIC: [2] strlen() expects exactly 1 parameter, 2 given /mnt/php-wzf/news/Application/Home/Controller/IndexController.class.php 第 64 行.
NOTIC: [2] strlen() expects exactly 1 parameter, 2 given /mnt/php-wzf/news/Application/Home/Controller/IndexController.class.php 第 64 行.
NOTIC: [2] strlen() expects exactly 1 parameter, 2 given /mnt/php-wzf/news/Application/Home/Controller/IndexController.class.php 第 64 行.
NOTIC: [2] strlen() expects exactly 1 parameter, 2 given /mnt/php-wzf/news/Application/Home/Controller/IndexController.class.php 第 64 行.
NOTIC: [2] strlen() expects exactly 1 parameter, 2 given /mnt/php-wzf/news/Application/Home/Controller/IndexController.class.php 第 64 行.
NOTIC: [2] strlen() expects exactly 1 parameter, 2 given /mnt/php-wzf/news/Application/Home/Controller/IndexController.class.php 第 64 行.
NOTIC: [2] strlen() expects exactly 1 parameter, 2 given /mnt/php-wzf/news/Application/Home/Controller/IndexController.class.php 第 64 行.
NOTIC: [2] strlen() expects exactly 1 parameter, 2 given /mnt/php-wzf/news/Application/Home/Controller/IndexController.class.php 第 64 行.
NOTIC: [2] strlen() expects exactly 1 parameter, 2 given /mnt/php-wzf/news/Application/Home/Controller/IndexController.class.php 第 64 行.
NOTIC: [2] strlen() expects exactly 1 parameter, 2 given /mnt/php-wzf/news/Application/Home/Controller/IndexController.class.php 第 64 行.

[ 2015-11-26T15:03:10+08:00 ] 123.121.18.100 /news/Home/Index/newsList
INFO: [ app_init ] --START--
INFO: Run Behavior\BuildLiteBehavior [ RunTime:0.000013s ]
INFO: [ app_init ] --END-- [ RunTime:0.000276s ]
INFO: [ app_begin ] --START--
INFO: Run Behavior\ReadHtmlCacheBehavior [ RunTime:0.000325s ]
INFO: [ app_begin ] --END-- [ RunTime:0.000382s ]
SQL: SHOW COLUMNS FROM `Data_Content_257` [ RunTime:0.0012s ]
SQL: SELECT * FROM `Data_Content_265` ORDER BY id desc LIMIT 0,10   [ RunTime:0.0011s ]
NOTIC: [2] strlen() expects exactly 1 parameter, 2 given /mnt/php-wzf/news/Application/Home/Controller/IndexController.class.php 第 64 行.
NOTIC: [2] strlen() expects exactly 1 parameter, 2 given /mnt/php-wzf/news/Application/Home/Controller/IndexController.class.php 第 64 行.
NOTIC: [2] strlen() expects exactly 1 parameter, 2 given /mnt/php-wzf/news/Application/Home/Controller/IndexController.class.php 第 64 行.
NOTIC: [2] strlen() expects exactly 1 parameter, 2 given /mnt/php-wzf/news/Application/Home/Controller/IndexController.class.php 第 64 行.
NOTIC: [2] strlen() expects exactly 1 parameter, 2 given /mnt/php-wzf/news/Application/Home/Controller/IndexController.class.php 第 64 行.
NOTIC: [2] strlen() expects exactly 1 parameter, 2 given /mnt/php-wzf/news/Application/Home/Controller/IndexController.class.php 第 64 行.
NOTIC: [2] strlen() expects exactly 1 parameter, 2 given /mnt/php-wzf/news/Application/Home/Controller/IndexController.class.php 第 64 行.
NOTIC: [2] strlen() expects exactly 1 parameter, 2 given /mnt/php-wzf/news/Application/Home/Controller/IndexController.class.php 第 64 行.
NOTIC: [2] strlen() expects exactly 1 parameter, 2 given /mnt/php-wzf/news/Application/Home/Controller/IndexController.class.php 第 64 行.
NOTIC: [2] strlen() expects exactly 1 parameter, 2 given /mnt/php-wzf/news/Application/Home/Controller/IndexController.class.php 第 64 行.

[ 2015-11-26T15:03:11+08:00 ] 123.121.18.100 /news/Home/Index/newsList
INFO: [ app_init ] --START--
INFO: Run Behavior\BuildLiteBehavior [ RunTime:0.000017s ]
INFO: [ app_init ] --END-- [ RunTime:0.000283s ]
INFO: [ app_begin ] --START--
INFO: Run Behavior\ReadHtmlCacheBehavior [ RunTime:0.000335s ]
INFO: [ app_begin ] --END-- [ RunTime:0.000397s ]
SQL: SHOW COLUMNS FROM `Data_Content_257` [ RunTime:0.0014s ]
SQL: SELECT * FROM `Data_Content_265` ORDER BY id desc LIMIT 0,10   [ RunTime:0.0015s ]
NOTIC: [2] strlen() expects exactly 1 parameter, 2 given /mnt/php-wzf/news/Application/Home/Controller/IndexController.class.php 第 64 行.
NOTIC: [2] strlen() expects exactly 1 parameter, 2 given /mnt/php-wzf/news/Application/Home/Controller/IndexController.class.php 第 64 行.
NOTIC: [2] strlen() expects exactly 1 parameter, 2 given /mnt/php-wzf/news/Application/Home/Controller/IndexController.class.php 第 64 行.
NOTIC: [2] strlen() expects exactly 1 parameter, 2 given /mnt/php-wzf/news/Application/Home/Controller/IndexController.class.php 第 64 行.
NOTIC: [2] strlen() expects exactly 1 parameter, 2 given /mnt/php-wzf/news/Application/Home/Controller/IndexController.class.php 第 64 行.
NOTIC: [2] strlen() expects exactly 1 parameter, 2 given /mnt/php-wzf/news/Application/Home/Controller/IndexController.class.php 第 64 行.
NOTIC: [2] strlen() expects exactly 1 parameter, 2 given /mnt/php-wzf/news/Application/Home/Controller/IndexController.class.php 第 64 行.
NOTIC: [2] strlen() expects exactly 1 parameter, 2 given /mnt/php-wzf/news/Application/Home/Controller/IndexController.class.php 第 64 行.
NOTIC: [2] strlen() expects exactly 1 parameter, 2 given /mnt/php-wzf/news/Application/Home/Controller/IndexController.class.php 第 64 行.
NOTIC: [2] strlen() expects exactly 1 parameter, 2 given /mnt/php-wzf/news/Application/Home/Controller/IndexController.class.php 第 64 行.

[ 2015-11-26T15:21:42+08:00 ] 123.121.18.100 /news/Home/Index/newsList
INFO: [ app_init ] --START--
INFO: Run Behavior\BuildLiteBehavior [ RunTime:0.000016s ]
INFO: [ app_init ] --END-- [ RunTime:0.000269s ]
INFO: [ app_begin ] --START--
INFO: Run Behavior\ReadHtmlCacheBehavior [ RunTime:0.000323s ]
INFO: [ app_begin ] --END-- [ RunTime:0.000380s ]
SQL: SHOW COLUMNS FROM `Data_Content_257` [ RunTime:0.0009s ]
SQL: SELECT * FROM `Data_Content_265` ORDER BY id desc LIMIT 0,10   [ RunTime:0.0014s ]
NOTIC: [2] strlen() expects exactly 1 parameter, 2 given /mnt/php-wzf/news/Application/Home/Controller/IndexController.class.php 第 64 行.
NOTIC: [2] strlen() expects exactly 1 parameter, 2 given /mnt/php-wzf/news/Application/Home/Controller/IndexController.class.php 第 64 行.
NOTIC: [2] strlen() expects exactly 1 parameter, 2 given /mnt/php-wzf/news/Application/Home/Controller/IndexController.class.php 第 64 行.
NOTIC: [2] strlen() expects exactly 1 parameter, 2 given /mnt/php-wzf/news/Application/Home/Controller/IndexController.class.php 第 64 行.
NOTIC: [2] strlen() expects exactly 1 parameter, 2 given /mnt/php-wzf/news/Application/Home/Controller/IndexController.class.php 第 64 行.
NOTIC: [2] strlen() expects exactly 1 parameter, 2 given /mnt/php-wzf/news/Application/Home/Controller/IndexController.class.php 第 64 行.
NOTIC: [2] strlen() expects exactly 1 parameter, 2 given /mnt/php-wzf/news/Application/Home/Controller/IndexController.class.php 第 64 行.
NOTIC: [2] strlen() expects exactly 1 parameter, 2 given /mnt/php-wzf/news/Application/Home/Controller/IndexController.class.php 第 64 行.
NOTIC: [2] strlen() expects exactly 1 parameter, 2 given /mnt/php-wzf/news/Application/Home/Controller/IndexController.class.php 第 64 行.
NOTIC: [2] strlen() expects exactly 1 parameter, 2 given /mnt/php-wzf/news/Application/Home/Controller/IndexController.class.php 第 64 行.

[ 2015-11-26T15:21:43+08:00 ] 123.121.18.100 /news/Home/Index/newsList
INFO: [ app_init ] --START--
INFO: Run Behavior\BuildLiteBehavior [ RunTime:0.000015s ]
INFO: [ app_init ] --END-- [ RunTime:0.000269s ]
INFO: [ app_begin ] --START--
INFO: Run Behavior\ReadHtmlCacheBehavior [ RunTime:0.000406s ]
INFO: [ app_begin ] --END-- [ RunTime:0.000475s ]
SQL: SHOW COLUMNS FROM `Data_Content_257` [ RunTime:0.0013s ]
SQL: SELECT * FROM `Data_Content_265` ORDER BY id desc LIMIT 0,10   [ RunTime:0.0019s ]
NOTIC: [2] strlen() expects exactly 1 parameter, 2 given /mnt/php-wzf/news/Application/Home/Controller/IndexController.class.php 第 64 行.
NOTIC: [2] strlen() expects exactly 1 parameter, 2 given /mnt/php-wzf/news/Application/Home/Controller/IndexController.class.php 第 64 行.
NOTIC: [2] strlen() expects exactly 1 parameter, 2 given /mnt/php-wzf/news/Application/Home/Controller/IndexController.class.php 第 64 行.
NOTIC: [2] strlen() expects exactly 1 parameter, 2 given /mnt/php-wzf/news/Application/Home/Controller/IndexController.class.php 第 64 行.
NOTIC: [2] strlen() expects exactly 1 parameter, 2 given /mnt/php-wzf/news/Application/Home/Controller/IndexController.class.php 第 64 行.
NOTIC: [2] strlen() expects exactly 1 parameter, 2 given /mnt/php-wzf/news/Application/Home/Controller/IndexController.class.php 第 64 行.
NOTIC: [2] strlen() expects exactly 1 parameter, 2 given /mnt/php-wzf/news/Application/Home/Controller/IndexController.class.php 第 64 行.
NOTIC: [2] strlen() expects exactly 1 parameter, 2 given /mnt/php-wzf/news/Application/Home/Controller/IndexController.class.php 第 64 行.
NOTIC: [2] strlen() expects exactly 1 parameter, 2 given /mnt/php-wzf/news/Application/Home/Controller/IndexController.class.php 第 64 行.
NOTIC: [2] strlen() expects exactly 1 parameter, 2 given /mnt/php-wzf/news/Application/Home/Controller/IndexController.class.php 第 64 行.

[ 2015-11-26T15:22:51+08:00 ] 123.121.18.100 /news/Home/Index/newsList
INFO: [ app_init ] --START--
INFO: Run Behavior\BuildLiteBehavior [ RunTime:0.000015s ]
INFO: [ app_init ] --END-- [ RunTime:0.000264s ]
INFO: [ app_begin ] --START--
INFO: Run Behavior\ReadHtmlCacheBehavior [ RunTime:0.000325s ]
INFO: [ app_begin ] --END-- [ RunTime:0.000385s ]
SQL: SHOW COLUMNS FROM `Data_Content_257` [ RunTime:0.0010s ]
SQL: SELECT * FROM `Data_Content_265` ORDER BY id desc LIMIT 0,10   [ RunTime:0.0014s ]
NOTIC: [2] strlen() expects exactly 1 parameter, 2 given /mnt/php-wzf/news/Application/Home/Controller/IndexController.class.php 第 64 行.
NOTIC: [2] strlen() expects exactly 1 parameter, 2 given /mnt/php-wzf/news/Application/Home/Controller/IndexController.class.php 第 64 行.
NOTIC: [2] strlen() expects exactly 1 parameter, 2 given /mnt/php-wzf/news/Application/Home/Controller/IndexController.class.php 第 64 行.
NOTIC: [2] strlen() expects exactly 1 parameter, 2 given /mnt/php-wzf/news/Application/Home/Controller/IndexController.class.php 第 64 行.
NOTIC: [2] strlen() expects exactly 1 parameter, 2 given /mnt/php-wzf/news/Application/Home/Controller/IndexController.class.php 第 64 行.
NOTIC: [2] strlen() expects exactly 1 parameter, 2 given /mnt/php-wzf/news/Application/Home/Controller/IndexController.class.php 第 64 行.
NOTIC: [2] strlen() expects exactly 1 parameter, 2 given /mnt/php-wzf/news/Application/Home/Controller/IndexController.class.php 第 64 行.
NOTIC: [2] strlen() expects exactly 1 parameter, 2 given /mnt/php-wzf/news/Application/Home/Controller/IndexController.class.php 第 64 行.
NOTIC: [2] strlen() expects exactly 1 parameter, 2 given /mnt/php-wzf/news/Application/Home/Controller/IndexController.class.php 第 64 行.
NOTIC: [2] strlen() expects exactly 1 parameter, 2 given /mnt/php-wzf/news/Application/Home/Controller/IndexController.class.php 第 64 行.

[ 2015-11-26T15:22:51+08:00 ] 123.121.18.100 /news/Home/Index/newsList
INFO: [ app_init ] --START--
INFO: Run Behavior\BuildLiteBehavior [ RunTime:0.000017s ]
INFO: [ app_init ] --END-- [ RunTime:0.000316s ]
INFO: [ app_begin ] --START--
INFO: Run Behavior\ReadHtmlCacheBehavior [ RunTime:0.000383s ]
INFO: [ app_begin ] --END-- [ RunTime:0.000443s ]
SQL: SHOW COLUMNS FROM `Data_Content_257` [ RunTime:0.0010s ]
SQL: SELECT * FROM `Data_Content_265` ORDER BY id desc LIMIT 0,10   [ RunTime:0.0016s ]
NOTIC: [2] strlen() expects exactly 1 parameter, 2 given /mnt/php-wzf/news/Application/Home/Controller/IndexController.class.php 第 64 行.
NOTIC: [2] strlen() expects exactly 1 parameter, 2 given /mnt/php-wzf/news/Application/Home/Controller/IndexController.class.php 第 64 行.
NOTIC: [2] strlen() expects exactly 1 parameter, 2 given /mnt/php-wzf/news/Application/Home/Controller/IndexController.class.php 第 64 行.
NOTIC: [2] strlen() expects exactly 1 parameter, 2 given /mnt/php-wzf/news/Application/Home/Controller/IndexController.class.php 第 64 行.
NOTIC: [2] strlen() expects exactly 1 parameter, 2 given /mnt/php-wzf/news/Application/Home/Controller/IndexController.class.php 第 64 行.
NOTIC: [2] strlen() expects exactly 1 parameter, 2 given /mnt/php-wzf/news/Application/Home/Controller/IndexController.class.php 第 64 行.
NOTIC: [2] strlen() expects exactly 1 parameter, 2 given /mnt/php-wzf/news/Application/Home/Controller/IndexController.class.php 第 64 行.
NOTIC: [2] strlen() expects exactly 1 parameter, 2 given /mnt/php-wzf/news/Application/Home/Controller/IndexController.class.php 第 64 行.
NOTIC: [2] strlen() expects exactly 1 parameter, 2 given /mnt/php-wzf/news/Application/Home/Controller/IndexController.class.php 第 64 行.
NOTIC: [2] strlen() expects exactly 1 parameter, 2 given /mnt/php-wzf/news/Application/Home/Controller/IndexController.class.php 第 64 行.

[ 2015-11-26T15:42:30+08:00 ] 123.121.18.100 /news/Home/Index/newsList
INFO: [ app_init ] --START--
INFO: Run Behavior\BuildLiteBehavior [ RunTime:0.000016s ]
INFO: [ app_init ] --END-- [ RunTime:0.000290s ]
INFO: [ app_begin ] --START--
INFO: Run Behavior\ReadHtmlCacheBehavior [ RunTime:0.000356s ]
INFO: [ app_begin ] --END-- [ RunTime:0.000414s ]
SQL: SHOW COLUMNS FROM `Data_Content_257` [ RunTime:0.0010s ]
SQL: SELECT * FROM `Data_Content_265` ORDER BY id desc LIMIT 0,10   [ RunTime:0.0015s ]
NOTIC: [2] strlen() expects exactly 1 parameter, 2 given /mnt/php-wzf/news/Application/Home/Controller/IndexController.class.php 第 64 行.
NOTIC: [2] strlen() expects exactly 1 parameter, 2 given /mnt/php-wzf/news/Application/Home/Controller/IndexController.class.php 第 64 行.
NOTIC: [2] strlen() expects exactly 1 parameter, 2 given /mnt/php-wzf/news/Application/Home/Controller/IndexController.class.php 第 64 行.
NOTIC: [2] strlen() expects exactly 1 parameter, 2 given /mnt/php-wzf/news/Application/Home/Controller/IndexController.class.php 第 64 行.
NOTIC: [2] strlen() expects exactly 1 parameter, 2 given /mnt/php-wzf/news/Application/Home/Controller/IndexController.class.php 第 64 行.
NOTIC: [2] strlen() expects exactly 1 parameter, 2 given /mnt/php-wzf/news/Application/Home/Controller/IndexController.class.php 第 64 行.
NOTIC: [2] strlen() expects exactly 1 parameter, 2 given /mnt/php-wzf/news/Application/Home/Controller/IndexController.class.php 第 64 行.
NOTIC: [2] strlen() expects exactly 1 parameter, 2 given /mnt/php-wzf/news/Application/Home/Controller/IndexController.class.php 第 64 行.
NOTIC: [2] strlen() expects exactly 1 parameter, 2 given /mnt/php-wzf/news/Application/Home/Controller/IndexController.class.php 第 64 行.
NOTIC: [2] strlen() expects exactly 1 parameter, 2 given /mnt/php-wzf/news/Application/Home/Controller/IndexController.class.php 第 64 行.

[ 2015-11-26T15:42:31+08:00 ] 123.121.18.100 /news/Home/Index/newsList
INFO: [ app_init ] --START--
INFO: Run Behavior\BuildLiteBehavior [ RunTime:0.000015s ]
INFO: [ app_init ] --END-- [ RunTime:0.000269s ]
INFO: [ app_begin ] --START--
INFO: Run Behavior\ReadHtmlCacheBehavior [ RunTime:0.000324s ]
INFO: [ app_begin ] --END-- [ RunTime:0.000381s ]
SQL: SHOW COLUMNS FROM `Data_Content_257` [ RunTime:0.0010s ]
SQL: SELECT * FROM `Data_Content_265` ORDER BY id desc LIMIT 0,10   [ RunTime:0.0015s ]
NOTIC: [2] strlen() expects exactly 1 parameter, 2 given /mnt/php-wzf/news/Application/Home/Controller/IndexController.class.php 第 64 行.
NOTIC: [2] strlen() expects exactly 1 parameter, 2 given /mnt/php-wzf/news/Application/Home/Controller/IndexController.class.php 第 64 行.
NOTIC: [2] strlen() expects exactly 1 parameter, 2 given /mnt/php-wzf/news/Application/Home/Controller/IndexController.class.php 第 64 行.
NOTIC: [2] strlen() expects exactly 1 parameter, 2 given /mnt/php-wzf/news/Application/Home/Controller/IndexController.class.php 第 64 行.
NOTIC: [2] strlen() expects exactly 1 parameter, 2 given /mnt/php-wzf/news/Application/Home/Controller/IndexController.class.php 第 64 行.
NOTIC: [2] strlen() expects exactly 1 parameter, 2 given /mnt/php-wzf/news/Application/Home/Controller/IndexController.class.php 第 64 行.
NOTIC: [2] strlen() expects exactly 1 parameter, 2 given /mnt/php-wzf/news/Application/Home/Controller/IndexController.class.php 第 64 行.
NOTIC: [2] strlen() expects exactly 1 parameter, 2 given /mnt/php-wzf/news/Application/Home/Controller/IndexController.class.php 第 64 行.
NOTIC: [2] strlen() expects exactly 1 parameter, 2 given /mnt/php-wzf/news/Application/Home/Controller/IndexController.class.php 第 64 行.
NOTIC: [2] strlen() expects exactly 1 parameter, 2 given /mnt/php-wzf/news/Application/Home/Controller/IndexController.class.php 第 64 行.

[ 2015-11-26T16:25:47+08:00 ] 123.121.18.100 /news/Home/Index/newsList
INFO: [ app_init ] --START--
INFO: Run Behavior\BuildLiteBehavior [ RunTime:0.000016s ]
INFO: [ app_init ] --END-- [ RunTime:0.000260s ]
INFO: [ app_begin ] --START--
INFO: Run Behavior\ReadHtmlCacheBehavior [ RunTime:0.000329s ]
INFO: [ app_begin ] --END-- [ RunTime:0.000384s ]
SQL: SHOW COLUMNS FROM `Data_Content_257` [ RunTime:0.0012s ]
SQL: SELECT * FROM `Data_Content_265` ORDER BY id desc LIMIT 0,10   [ RunTime:0.0012s ]
NOTIC: [2] strlen() expects exactly 1 parameter, 2 given /mnt/php-wzf/news/Application/Home/Controller/IndexController.class.php 第 64 行.
NOTIC: [2] strlen() expects exactly 1 parameter, 2 given /mnt/php-wzf/news/Application/Home/Controller/IndexController.class.php 第 64 行.
NOTIC: [2] strlen() expects exactly 1 parameter, 2 given /mnt/php-wzf/news/Application/Home/Controller/IndexController.class.php 第 64 行.
NOTIC: [2] strlen() expects exactly 1 parameter, 2 given /mnt/php-wzf/news/Application/Home/Controller/IndexController.class.php 第 64 行.
NOTIC: [2] strlen() expects exactly 1 parameter, 2 given /mnt/php-wzf/news/Application/Home/Controller/IndexController.class.php 第 64 行.
NOTIC: [2] strlen() expects exactly 1 parameter, 2 given /mnt/php-wzf/news/Application/Home/Controller/IndexController.class.php 第 64 行.
NOTIC: [2] strlen() expects exactly 1 parameter, 2 given /mnt/php-wzf/news/Application/Home/Controller/IndexController.class.php 第 64 行.
NOTIC: [2] strlen() expects exactly 1 parameter, 2 given /mnt/php-wzf/news/Application/Home/Controller/IndexController.class.php 第 64 行.
NOTIC: [2] strlen() expects exactly 1 parameter, 2 given /mnt/php-wzf/news/Application/Home/Controller/IndexController.class.php 第 64 行.
NOTIC: [2] strlen() expects exactly 1 parameter, 2 given /mnt/php-wzf/news/Application/Home/Controller/IndexController.class.php 第 64 行.

[ 2015-11-26T16:25:47+08:00 ] 123.121.18.100 /news/Home/Index/newsList
INFO: [ app_init ] --START--
INFO: Run Behavior\BuildLiteBehavior [ RunTime:0.000017s ]
INFO: [ app_init ] --END-- [ RunTime:0.000338s ]
INFO: [ app_begin ] --START--
INFO: Run Behavior\ReadHtmlCacheBehavior [ RunTime:0.000356s ]
INFO: [ app_begin ] --END-- [ RunTime:0.000428s ]
SQL: SHOW COLUMNS FROM `Data_Content_257` [ RunTime:0.0009s ]
SQL: SELECT * FROM `Data_Content_265` ORDER BY id desc LIMIT 0,10   [ RunTime:0.0010s ]
NOTIC: [2] strlen() expects exactly 1 parameter, 2 given /mnt/php-wzf/news/Application/Home/Controller/IndexController.class.php 第 64 行.
NOTIC: [2] strlen() expects exactly 1 parameter, 2 given /mnt/php-wzf/news/Application/Home/Controller/IndexController.class.php 第 64 行.
NOTIC: [2] strlen() expects exactly 1 parameter, 2 given /mnt/php-wzf/news/Application/Home/Controller/IndexController.class.php 第 64 行.
NOTIC: [2] strlen() expects exactly 1 parameter, 2 given /mnt/php-wzf/news/Application/Home/Controller/IndexController.class.php 第 64 行.
NOTIC: [2] strlen() expects exactly 1 parameter, 2 given /mnt/php-wzf/news/Application/Home/Controller/IndexController.class.php 第 64 行.
NOTIC: [2] strlen() expects exactly 1 parameter, 2 given /mnt/php-wzf/news/Application/Home/Controller/IndexController.class.php 第 64 行.
NOTIC: [2] strlen() expects exactly 1 parameter, 2 given /mnt/php-wzf/news/Application/Home/Controller/IndexController.class.php 第 64 行.
NOTIC: [2] strlen() expects exactly 1 parameter, 2 given /mnt/php-wzf/news/Application/Home/Controller/IndexController.class.php 第 64 行.
NOTIC: [2] strlen() expects exactly 1 parameter, 2 given /mnt/php-wzf/news/Application/Home/Controller/IndexController.class.php 第 64 行.
NOTIC: [2] strlen() expects exactly 1 parameter, 2 given /mnt/php-wzf/news/Application/Home/Controller/IndexController.class.php 第 64 行.

[ 2015-11-26T16:49:57+08:00 ] 123.121.18.100 /news/Home/Index/newsList
INFO: [ app_init ] --START--
INFO: Run Behavior\BuildLiteBehavior [ RunTime:0.000014s ]
INFO: [ app_init ] --END-- [ RunTime:0.000260s ]
INFO: [ app_begin ] --START--
INFO: Run Behavior\ReadHtmlCacheBehavior [ RunTime:0.000384s ]
INFO: [ app_begin ] --END-- [ RunTime:0.000444s ]
SQL: SHOW COLUMNS FROM `Data_Content_257` [ RunTime:0.0009s ]
SQL: SELECT * FROM `Data_Content_265` ORDER BY id desc LIMIT 0,10   [ RunTime:0.0009s ]
NOTIC: [2] strlen() expects exactly 1 parameter, 2 given /mnt/php-wzf/news/Application/Home/Controller/IndexController.class.php 第 64 行.
NOTIC: [2] strlen() expects exactly 1 parameter, 2 given /mnt/php-wzf/news/Application/Home/Controller/IndexController.class.php 第 64 行.
NOTIC: [2] strlen() expects exactly 1 parameter, 2 given /mnt/php-wzf/news/Application/Home/Controller/IndexController.class.php 第 64 行.
NOTIC: [2] strlen() expects exactly 1 parameter, 2 given /mnt/php-wzf/news/Application/Home/Controller/IndexController.class.php 第 64 行.
NOTIC: [2] strlen() expects exactly 1 parameter, 2 given /mnt/php-wzf/news/Application/Home/Controller/IndexController.class.php 第 64 行.
NOTIC: [2] strlen() expects exactly 1 parameter, 2 given /mnt/php-wzf/news/Application/Home/Controller/IndexController.class.php 第 64 行.
NOTIC: [2] strlen() expects exactly 1 parameter, 2 given /mnt/php-wzf/news/Application/Home/Controller/IndexController.class.php 第 64 行.
NOTIC: [2] strlen() expects exactly 1 parameter, 2 given /mnt/php-wzf/news/Application/Home/Controller/IndexController.class.php 第 64 行.
NOTIC: [2] strlen() expects exactly 1 parameter, 2 given /mnt/php-wzf/news/Application/Home/Controller/IndexController.class.php 第 64 行.
NOTIC: [2] strlen() expects exactly 1 parameter, 2 given /mnt/php-wzf/news/Application/Home/Controller/IndexController.class.php 第 64 行.

[ 2015-11-26T16:49:58+08:00 ] 123.121.18.100 /news/Home/Index/newsList
INFO: [ app_init ] --START--
INFO: Run Behavior\BuildLiteBehavior [ RunTime:0.000018s ]
INFO: [ app_init ] --END-- [ RunTime:0.000331s ]
INFO: [ app_begin ] --START--
INFO: Run Behavior\ReadHtmlCacheBehavior [ RunTime:0.000338s ]
INFO: [ app_begin ] --END-- [ RunTime:0.000397s ]
SQL: SHOW COLUMNS FROM `Data_Content_257` [ RunTime:0.0009s ]
SQL: SELECT * FROM `Data_Content_265` ORDER BY id desc LIMIT 0,10   [ RunTime:0.0012s ]
NOTIC: [2] strlen() expects exactly 1 parameter, 2 given /mnt/php-wzf/news/Application/Home/Controller/IndexController.class.php 第 64 行.
NOTIC: [2] strlen() expects exactly 1 parameter, 2 given /mnt/php-wzf/news/Application/Home/Controller/IndexController.class.php 第 64 行.
NOTIC: [2] strlen() expects exactly 1 parameter, 2 given /mnt/php-wzf/news/Application/Home/Controller/IndexController.class.php 第 64 行.
NOTIC: [2] strlen() expects exactly 1 parameter, 2 given /mnt/php-wzf/news/Application/Home/Controller/IndexController.class.php 第 64 行.
NOTIC: [2] strlen() expects exactly 1 parameter, 2 given /mnt/php-wzf/news/Application/Home/Controller/IndexController.class.php 第 64 行.
NOTIC: [2] strlen() expects exactly 1 parameter, 2 given /mnt/php-wzf/news/Application/Home/Controller/IndexController.class.php 第 64 行.
NOTIC: [2] strlen() expects exactly 1 parameter, 2 given /mnt/php-wzf/news/Application/Home/Controller/IndexController.class.php 第 64 行.
NOTIC: [2] strlen() expects exactly 1 parameter, 2 given /mnt/php-wzf/news/Application/Home/Controller/IndexController.class.php 第 64 行.
NOTIC: [2] strlen() expects exactly 1 parameter, 2 given /mnt/php-wzf/news/Application/Home/Controller/IndexController.class.php 第 64 行.
NOTIC: [2] strlen() expects exactly 1 parameter, 2 given /mnt/php-wzf/news/Application/Home/Controller/IndexController.class.php 第 64 行.

[ 2015-11-26T17:04:55+08:00 ] 123.121.18.100 /news/Home/Index/newsList
INFO: [ app_init ] --START--
INFO: Run Behavior\BuildLiteBehavior [ RunTime:0.000014s ]
INFO: [ app_init ] --END-- [ RunTime:0.000262s ]
INFO: [ app_begin ] --START--
INFO: Run Behavior\ReadHtmlCacheBehavior [ RunTime:0.000350s ]
INFO: [ app_begin ] --END-- [ RunTime:0.000408s ]
SQL: SHOW COLUMNS FROM `Data_Content_257` [ RunTime:0.0009s ]
SQL: SELECT * FROM `Data_Content_265` ORDER BY id desc LIMIT 0,10   [ RunTime:0.0014s ]
NOTIC: [2] strlen() expects exactly 1 parameter, 2 given /mnt/php-wzf/news/Application/Home/Controller/IndexController.class.php 第 64 行.
NOTIC: [2] strlen() expects exactly 1 parameter, 2 given /mnt/php-wzf/news/Application/Home/Controller/IndexController.class.php 第 64 行.
NOTIC: [2] strlen() expects exactly 1 parameter, 2 given /mnt/php-wzf/news/Application/Home/Controller/IndexController.class.php 第 64 行.
NOTIC: [2] strlen() expects exactly 1 parameter, 2 given /mnt/php-wzf/news/Application/Home/Controller/IndexController.class.php 第 64 行.
NOTIC: [2] strlen() expects exactly 1 parameter, 2 given /mnt/php-wzf/news/Application/Home/Controller/IndexController.class.php 第 64 行.
NOTIC: [2] strlen() expects exactly 1 parameter, 2 given /mnt/php-wzf/news/Application/Home/Controller/IndexController.class.php 第 64 行.
NOTIC: [2] strlen() expects exactly 1 parameter, 2 given /mnt/php-wzf/news/Application/Home/Controller/IndexController.class.php 第 64 行.
NOTIC: [2] strlen() expects exactly 1 parameter, 2 given /mnt/php-wzf/news/Application/Home/Controller/IndexController.class.php 第 64 行.
NOTIC: [2] strlen() expects exactly 1 parameter, 2 given /mnt/php-wzf/news/Application/Home/Controller/IndexController.class.php 第 64 行.
NOTIC: [2] strlen() expects exactly 1 parameter, 2 given /mnt/php-wzf/news/Application/Home/Controller/IndexController.class.php 第 64 行.

[ 2015-11-26T17:04:55+08:00 ] 123.121.18.100 /news/Home/Index/newsList
INFO: [ app_init ] --START--
INFO: Run Behavior\BuildLiteBehavior [ RunTime:0.000016s ]
INFO: [ app_init ] --END-- [ RunTime:0.000293s ]
INFO: [ app_begin ] --START--
INFO: Run Behavior\ReadHtmlCacheBehavior [ RunTime:0.000325s ]
INFO: [ app_begin ] --END-- [ RunTime:0.000403s ]
SQL: SHOW COLUMNS FROM `Data_Content_257` [ RunTime:0.0009s ]
SQL: SELECT * FROM `Data_Content_265` ORDER BY id desc LIMIT 0,10   [ RunTime:0.0013s ]
NOTIC: [2] strlen() expects exactly 1 parameter, 2 given /mnt/php-wzf/news/Application/Home/Controller/IndexController.class.php 第 64 行.
NOTIC: [2] strlen() expects exactly 1 parameter, 2 given /mnt/php-wzf/news/Application/Home/Controller/IndexController.class.php 第 64 行.
NOTIC: [2] strlen() expects exactly 1 parameter, 2 given /mnt/php-wzf/news/Application/Home/Controller/IndexController.class.php 第 64 行.
NOTIC: [2] strlen() expects exactly 1 parameter, 2 given /mnt/php-wzf/news/Application/Home/Controller/IndexController.class.php 第 64 行.
NOTIC: [2] strlen() expects exactly 1 parameter, 2 given /mnt/php-wzf/news/Application/Home/Controller/IndexController.class.php 第 64 行.
NOTIC: [2] strlen() expects exactly 1 parameter, 2 given /mnt/php-wzf/news/Application/Home/Controller/IndexController.class.php 第 64 行.
NOTIC: [2] strlen() expects exactly 1 parameter, 2 given /mnt/php-wzf/news/Application/Home/Controller/IndexController.class.php 第 64 行.
NOTIC: [2] strlen() expects exactly 1 parameter, 2 given /mnt/php-wzf/news/Application/Home/Controller/IndexController.class.php 第 64 行.
NOTIC: [2] strlen() expects exactly 1 parameter, 2 given /mnt/php-wzf/news/Application/Home/Controller/IndexController.class.php 第 64 行.
NOTIC: [2] strlen() expects exactly 1 parameter, 2 given /mnt/php-wzf/news/Application/Home/Controller/IndexController.class.php 第 64 行.

[ 2015-11-26T17:07:21+08:00 ] 123.121.18.100 /news/Home/Index/newsList
INFO: [ app_init ] --START--
INFO: Run Behavior\BuildLiteBehavior [ RunTime:0.000022s ]
INFO: [ app_init ] --END-- [ RunTime:0.000320s ]
INFO: [ app_begin ] --START--
INFO: Run Behavior\ReadHtmlCacheBehavior [ RunTime:0.000671s ]
INFO: [ app_begin ] --END-- [ RunTime:0.000784s ]
SQL: SHOW COLUMNS FROM `Data_Content_257` [ RunTime:0.0010s ]
SQL: SELECT * FROM `Data_Content_265` ORDER BY id desc LIMIT 0,10   [ RunTime:0.0011s ]
NOTIC: [2] strlen() expects exactly 1 parameter, 2 given /mnt/php-wzf/news/Application/Home/Controller/IndexController.class.php 第 64 行.
NOTIC: [2] strlen() expects exactly 1 parameter, 2 given /mnt/php-wzf/news/Application/Home/Controller/IndexController.class.php 第 64 行.
NOTIC: [2] strlen() expects exactly 1 parameter, 2 given /mnt/php-wzf/news/Application/Home/Controller/IndexController.class.php 第 64 行.
NOTIC: [2] strlen() expects exactly 1 parameter, 2 given /mnt/php-wzf/news/Application/Home/Controller/IndexController.class.php 第 64 行.
NOTIC: [2] strlen() expects exactly 1 parameter, 2 given /mnt/php-wzf/news/Application/Home/Controller/IndexController.class.php 第 64 行.
NOTIC: [2] strlen() expects exactly 1 parameter, 2 given /mnt/php-wzf/news/Application/Home/Controller/IndexController.class.php 第 64 行.
NOTIC: [2] strlen() expects exactly 1 parameter, 2 given /mnt/php-wzf/news/Application/Home/Controller/IndexController.class.php 第 64 行.
NOTIC: [2] strlen() expects exactly 1 parameter, 2 given /mnt/php-wzf/news/Application/Home/Controller/IndexController.class.php 第 64 行.
NOTIC: [2] strlen() expects exactly 1 parameter, 2 given /mnt/php-wzf/news/Application/Home/Controller/IndexController.class.php 第 64 行.
NOTIC: [2] strlen() expects exactly 1 parameter, 2 given /mnt/php-wzf/news/Application/Home/Controller/IndexController.class.php 第 64 行.

[ 2015-11-26T17:07:22+08:00 ] 123.121.18.100 /news/Home/Index/newsList
INFO: [ app_init ] --START--
INFO: Run Behavior\BuildLiteBehavior [ RunTime:0.000016s ]
INFO: [ app_init ] --END-- [ RunTime:0.000298s ]
INFO: [ app_begin ] --START--
INFO: Run Behavior\ReadHtmlCacheBehavior [ RunTime:0.000348s ]
INFO: [ app_begin ] --END-- [ RunTime:0.000419s ]
SQL: SHOW COLUMNS FROM `Data_Content_257` [ RunTime:0.0011s ]
SQL: SELECT * FROM `Data_Content_265` ORDER BY id desc LIMIT 0,10   [ RunTime:0.0015s ]
NOTIC: [2] strlen() expects exactly 1 parameter, 2 given /mnt/php-wzf/news/Application/Home/Controller/IndexController.class.php 第 64 行.
NOTIC: [2] strlen() expects exactly 1 parameter, 2 given /mnt/php-wzf/news/Application/Home/Controller/IndexController.class.php 第 64 行.
NOTIC: [2] strlen() expects exactly 1 parameter, 2 given /mnt/php-wzf/news/Application/Home/Controller/IndexController.class.php 第 64 行.
NOTIC: [2] strlen() expects exactly 1 parameter, 2 given /mnt/php-wzf/news/Application/Home/Controller/IndexController.class.php 第 64 行.
NOTIC: [2] strlen() expects exactly 1 parameter, 2 given /mnt/php-wzf/news/Application/Home/Controller/IndexController.class.php 第 64 行.
NOTIC: [2] strlen() expects exactly 1 parameter, 2 given /mnt/php-wzf/news/Application/Home/Controller/IndexController.class.php 第 64 行.
NOTIC: [2] strlen() expects exactly 1 parameter, 2 given /mnt/php-wzf/news/Application/Home/Controller/IndexController.class.php 第 64 行.
NOTIC: [2] strlen() expects exactly 1 parameter, 2 given /mnt/php-wzf/news/Application/Home/Controller/IndexController.class.php 第 64 行.
NOTIC: [2] strlen() expects exactly 1 parameter, 2 given /mnt/php-wzf/news/Application/Home/Controller/IndexController.class.php 第 64 行.
NOTIC: [2] strlen() expects exactly 1 parameter, 2 given /mnt/php-wzf/news/Application/Home/Controller/IndexController.class.php 第 64 行.

[ 2015-11-26T17:07:50+08:00 ] 123.121.18.100 /news/Home/Index/newsList
INFO: [ app_init ] --START--
INFO: Run Behavior\BuildLiteBehavior [ RunTime:0.000018s ]
INFO: [ app_init ] --END-- [ RunTime:0.000361s ]
INFO: [ app_begin ] --START--
INFO: Run Behavior\ReadHtmlCacheBehavior [ RunTime:0.000378s ]
INFO: [ app_begin ] --END-- [ RunTime:0.000444s ]
SQL: SHOW COLUMNS FROM `Data_Content_257` [ RunTime:0.0009s ]
SQL: SELECT * FROM `Data_Content_265` ORDER BY id desc LIMIT 0,10   [ RunTime:0.0013s ]
NOTIC: [2] strlen() expects exactly 1 parameter, 2 given /mnt/php-wzf/news/Application/Home/Controller/IndexController.class.php 第 64 行.
NOTIC: [2] strlen() expects exactly 1 parameter, 2 given /mnt/php-wzf/news/Application/Home/Controller/IndexController.class.php 第 64 行.
NOTIC: [2] strlen() expects exactly 1 parameter, 2 given /mnt/php-wzf/news/Application/Home/Controller/IndexController.class.php 第 64 行.
NOTIC: [2] strlen() expects exactly 1 parameter, 2 given /mnt/php-wzf/news/Application/Home/Controller/IndexController.class.php 第 64 行.
NOTIC: [2] strlen() expects exactly 1 parameter, 2 given /mnt/php-wzf/news/Application/Home/Controller/IndexController.class.php 第 64 行.
NOTIC: [2] strlen() expects exactly 1 parameter, 2 given /mnt/php-wzf/news/Application/Home/Controller/IndexController.class.php 第 64 行.
NOTIC: [2] strlen() expects exactly 1 parameter, 2 given /mnt/php-wzf/news/Application/Home/Controller/IndexController.class.php 第 64 行.
NOTIC: [2] strlen() expects exactly 1 parameter, 2 given /mnt/php-wzf/news/Application/Home/Controller/IndexController.class.php 第 64 行.
NOTIC: [2] strlen() expects exactly 1 parameter, 2 given /mnt/php-wzf/news/Application/Home/Controller/IndexController.class.php 第 64 行.
NOTIC: [2] strlen() expects exactly 1 parameter, 2 given /mnt/php-wzf/news/Application/Home/Controller/IndexController.class.php 第 64 行.

[ 2015-11-26T17:07:53+08:00 ] 123.121.18.100 /news/Home/Index/newsList
INFO: [ app_init ] --START--
INFO: Run Behavior\BuildLiteBehavior [ RunTime:0.000018s ]
INFO: [ app_init ] --END-- [ RunTime:0.000392s ]
INFO: [ app_begin ] --START--
INFO: Run Behavior\ReadHtmlCacheBehavior [ RunTime:0.000364s ]
INFO: [ app_begin ] --END-- [ RunTime:0.000423s ]
SQL: SHOW COLUMNS FROM `Data_Content_257` [ RunTime:0.0010s ]
SQL: SELECT * FROM `Data_Content_265` ORDER BY id desc LIMIT 0,10   [ RunTime:0.0011s ]
NOTIC: [2] strlen() expects exactly 1 parameter, 2 given /mnt/php-wzf/news/Application/Home/Controller/IndexController.class.php 第 64 行.
NOTIC: [2] strlen() expects exactly 1 parameter, 2 given /mnt/php-wzf/news/Application/Home/Controller/IndexController.class.php 第 64 行.
NOTIC: [2] strlen() expects exactly 1 parameter, 2 given /mnt/php-wzf/news/Application/Home/Controller/IndexController.class.php 第 64 行.
NOTIC: [2] strlen() expects exactly 1 parameter, 2 given /mnt/php-wzf/news/Application/Home/Controller/IndexController.class.php 第 64 行.
NOTIC: [2] strlen() expects exactly 1 parameter, 2 given /mnt/php-wzf/news/Application/Home/Controller/IndexController.class.php 第 64 行.
NOTIC: [2] strlen() expects exactly 1 parameter, 2 given /mnt/php-wzf/news/Application/Home/Controller/IndexController.class.php 第 64 行.
NOTIC: [2] strlen() expects exactly 1 parameter, 2 given /mnt/php-wzf/news/Application/Home/Controller/IndexController.class.php 第 64 行.
NOTIC: [2] strlen() expects exactly 1 parameter, 2 given /mnt/php-wzf/news/Application/Home/Controller/IndexController.class.php 第 64 行.
NOTIC: [2] strlen() expects exactly 1 parameter, 2 given /mnt/php-wzf/news/Application/Home/Controller/IndexController.class.php 第 64 行.
NOTIC: [2] strlen() expects exactly 1 parameter, 2 given /mnt/php-wzf/news/Application/Home/Controller/IndexController.class.php 第 64 行.

[ 2015-11-26T17:08:28+08:00 ] 123.121.18.100 /news/Home/Index/newsList
INFO: [ app_init ] --START--
INFO: Run Behavior\BuildLiteBehavior [ RunTime:0.000016s ]
INFO: [ app_init ] --END-- [ RunTime:0.000283s ]
INFO: [ app_begin ] --START--
INFO: Run Behavior\ReadHtmlCacheBehavior [ RunTime:0.000343s ]
INFO: [ app_begin ] --END-- [ RunTime:0.000403s ]
SQL: SHOW COLUMNS FROM `Data_Content_257` [ RunTime:0.0009s ]
SQL: SELECT * FROM `Data_Content_265` ORDER BY id desc LIMIT 0,10   [ RunTime:0.0010s ]
NOTIC: [2] strlen() expects exactly 1 parameter, 2 given /mnt/php-wzf/news/Application/Home/Controller/IndexController.class.php 第 64 行.
NOTIC: [2] strlen() expects exactly 1 parameter, 2 given /mnt/php-wzf/news/Application/Home/Controller/IndexController.class.php 第 64 行.
NOTIC: [2] strlen() expects exactly 1 parameter, 2 given /mnt/php-wzf/news/Application/Home/Controller/IndexController.class.php 第 64 行.
NOTIC: [2] strlen() expects exactly 1 parameter, 2 given /mnt/php-wzf/news/Application/Home/Controller/IndexController.class.php 第 64 行.
NOTIC: [2] strlen() expects exactly 1 parameter, 2 given /mnt/php-wzf/news/Application/Home/Controller/IndexController.class.php 第 64 行.
NOTIC: [2] strlen() expects exactly 1 parameter, 2 given /mnt/php-wzf/news/Application/Home/Controller/IndexController.class.php 第 64 行.
NOTIC: [2] strlen() expects exactly 1 parameter, 2 given /mnt/php-wzf/news/Application/Home/Controller/IndexController.class.php 第 64 行.
NOTIC: [2] strlen() expects exactly 1 parameter, 2 given /mnt/php-wzf/news/Application/Home/Controller/IndexController.class.php 第 64 行.
NOTIC: [2] strlen() expects exactly 1 parameter, 2 given /mnt/php-wzf/news/Application/Home/Controller/IndexController.class.php 第 64 行.
NOTIC: [2] strlen() expects exactly 1 parameter, 2 given /mnt/php-wzf/news/Application/Home/Controller/IndexController.class.php 第 64 行.

[ 2015-11-26T17:08:31+08:00 ] 123.121.18.100 /news/Home/Index/newsList
INFO: [ app_init ] --START--
INFO: Run Behavior\BuildLiteBehavior [ RunTime:0.000016s ]
INFO: [ app_init ] --END-- [ RunTime:0.000297s ]
INFO: [ app_begin ] --START--
INFO: Run Behavior\ReadHtmlCacheBehavior [ RunTime:0.000373s ]
INFO: [ app_begin ] --END-- [ RunTime:0.000430s ]
SQL: SHOW COLUMNS FROM `Data_Content_257` [ RunTime:0.0009s ]
SQL: SELECT * FROM `Data_Content_265` ORDER BY id desc LIMIT 0,10   [ RunTime:0.0013s ]
NOTIC: [2] strlen() expects exactly 1 parameter, 2 given /mnt/php-wzf/news/Application/Home/Controller/IndexController.class.php 第 64 行.
NOTIC: [2] strlen() expects exactly 1 parameter, 2 given /mnt/php-wzf/news/Application/Home/Controller/IndexController.class.php 第 64 行.
NOTIC: [2] strlen() expects exactly 1 parameter, 2 given /mnt/php-wzf/news/Application/Home/Controller/IndexController.class.php 第 64 行.
NOTIC: [2] strlen() expects exactly 1 parameter, 2 given /mnt/php-wzf/news/Application/Home/Controller/IndexController.class.php 第 64 行.
NOTIC: [2] strlen() expects exactly 1 parameter, 2 given /mnt/php-wzf/news/Application/Home/Controller/IndexController.class.php 第 64 行.
NOTIC: [2] strlen() expects exactly 1 parameter, 2 given /mnt/php-wzf/news/Application/Home/Controller/IndexController.class.php 第 64 行.
NOTIC: [2] strlen() expects exactly 1 parameter, 2 given /mnt/php-wzf/news/Application/Home/Controller/IndexController.class.php 第 64 行.
NOTIC: [2] strlen() expects exactly 1 parameter, 2 given /mnt/php-wzf/news/Application/Home/Controller/IndexController.class.php 第 64 行.
NOTIC: [2] strlen() expects exactly 1 parameter, 2 given /mnt/php-wzf/news/Application/Home/Controller/IndexController.class.php 第 64 行.
NOTIC: [2] strlen() expects exactly 1 parameter, 2 given /mnt/php-wzf/news/Application/Home/Controller/IndexController.class.php 第 64 行.

[ 2015-11-26T17:10:34+08:00 ] 123.121.18.100 /news/Home/Index/newsList
INFO: [ app_init ] --START--
INFO: Run Behavior\BuildLiteBehavior [ RunTime:0.000015s ]
INFO: [ app_init ] --END-- [ RunTime:0.000296s ]
INFO: [ app_begin ] --START--
INFO: Run Behavior\ReadHtmlCacheBehavior [ RunTime:0.000326s ]
INFO: [ app_begin ] --END-- [ RunTime:0.000384s ]
SQL: SHOW COLUMNS FROM `Data_Content_257` [ RunTime:0.0009s ]
SQL: SELECT * FROM `Data_Content_265` ORDER BY id desc LIMIT 0,10   [ RunTime:0.0012s ]
NOTIC: [2] strlen() expects exactly 1 parameter, 2 given /mnt/php-wzf/news/Application/Home/Controller/IndexController.class.php 第 64 行.
NOTIC: [2] strlen() expects exactly 1 parameter, 2 given /mnt/php-wzf/news/Application/Home/Controller/IndexController.class.php 第 64 行.
NOTIC: [2] strlen() expects exactly 1 parameter, 2 given /mnt/php-wzf/news/Application/Home/Controller/IndexController.class.php 第 64 行.
NOTIC: [2] strlen() expects exactly 1 parameter, 2 given /mnt/php-wzf/news/Application/Home/Controller/IndexController.class.php 第 64 行.
NOTIC: [2] strlen() expects exactly 1 parameter, 2 given /mnt/php-wzf/news/Application/Home/Controller/IndexController.class.php 第 64 行.
NOTIC: [2] strlen() expects exactly 1 parameter, 2 given /mnt/php-wzf/news/Application/Home/Controller/IndexController.class.php 第 64 行.
NOTIC: [2] strlen() expects exactly 1 parameter, 2 given /mnt/php-wzf/news/Application/Home/Controller/IndexController.class.php 第 64 行.
NOTIC: [2] strlen() expects exactly 1 parameter, 2 given /mnt/php-wzf/news/Application/Home/Controller/IndexController.class.php 第 64 行.
NOTIC: [2] strlen() expects exactly 1 parameter, 2 given /mnt/php-wzf/news/Application/Home/Controller/IndexController.class.php 第 64 行.
NOTIC: [2] strlen() expects exactly 1 parameter, 2 given /mnt/php-wzf/news/Application/Home/Controller/IndexController.class.php 第 64 行.

[ 2015-11-26T17:10:35+08:00 ] 123.121.18.100 /news/Home/Index/newsList
INFO: [ app_init ] --START--
INFO: Run Behavior\BuildLiteBehavior [ RunTime:0.000015s ]
INFO: [ app_init ] --END-- [ RunTime:0.000294s ]
INFO: [ app_begin ] --START--
INFO: Run Behavior\ReadHtmlCacheBehavior [ RunTime:0.000362s ]
INFO: [ app_begin ] --END-- [ RunTime:0.000425s ]
SQL: SHOW COLUMNS FROM `Data_Content_257` [ RunTime:0.0010s ]
SQL: SELECT * FROM `Data_Content_265` ORDER BY id desc LIMIT 0,10   [ RunTime:0.0011s ]
NOTIC: [2] strlen() expects exactly 1 parameter, 2 given /mnt/php-wzf/news/Application/Home/Controller/IndexController.class.php 第 64 行.
NOTIC: [2] strlen() expects exactly 1 parameter, 2 given /mnt/php-wzf/news/Application/Home/Controller/IndexController.class.php 第 64 行.
NOTIC: [2] strlen() expects exactly 1 parameter, 2 given /mnt/php-wzf/news/Application/Home/Controller/IndexController.class.php 第 64 行.
NOTIC: [2] strlen() expects exactly 1 parameter, 2 given /mnt/php-wzf/news/Application/Home/Controller/IndexController.class.php 第 64 行.
NOTIC: [2] strlen() expects exactly 1 parameter, 2 given /mnt/php-wzf/news/Application/Home/Controller/IndexController.class.php 第 64 行.
NOTIC: [2] strlen() expects exactly 1 parameter, 2 given /mnt/php-wzf/news/Application/Home/Controller/IndexController.class.php 第 64 行.
NOTIC: [2] strlen() expects exactly 1 parameter, 2 given /mnt/php-wzf/news/Application/Home/Controller/IndexController.class.php 第 64 行.
NOTIC: [2] strlen() expects exactly 1 parameter, 2 given /mnt/php-wzf/news/Application/Home/Controller/IndexController.class.php 第 64 行.
NOTIC: [2] strlen() expects exactly 1 parameter, 2 given /mnt/php-wzf/news/Application/Home/Controller/IndexController.class.php 第 64 行.
NOTIC: [2] strlen() expects exactly 1 parameter, 2 given /mnt/php-wzf/news/Application/Home/Controller/IndexController.class.php 第 64 行.

[ 2015-11-26T18:02:58+08:00 ] 123.121.18.100 /news/Home/Index/newsList
INFO: [ app_init ] --START--
INFO: Run Behavior\BuildLiteBehavior [ RunTime:0.000017s ]
INFO: [ app_init ] --END-- [ RunTime:0.000304s ]
INFO: [ app_begin ] --START--
INFO: Run Behavior\ReadHtmlCacheBehavior [ RunTime:0.000384s ]
INFO: [ app_begin ] --END-- [ RunTime:0.000444s ]
SQL: SHOW COLUMNS FROM `Data_Content_257` [ RunTime:0.0011s ]
SQL: SELECT * FROM `Data_Content_265` ORDER BY id desc LIMIT 0,10   [ RunTime:0.0015s ]
NOTIC: [2] strlen() expects exactly 1 parameter, 2 given /mnt/php-wzf/news/Application/Home/Controller/IndexController.class.php 第 64 行.
NOTIC: [2] strlen() expects exactly 1 parameter, 2 given /mnt/php-wzf/news/Application/Home/Controller/IndexController.class.php 第 64 行.
NOTIC: [2] strlen() expects exactly 1 parameter, 2 given /mnt/php-wzf/news/Application/Home/Controller/IndexController.class.php 第 64 行.
NOTIC: [2] strlen() expects exactly 1 parameter, 2 given /mnt/php-wzf/news/Application/Home/Controller/IndexController.class.php 第 64 行.
NOTIC: [2] strlen() expects exactly 1 parameter, 2 given /mnt/php-wzf/news/Application/Home/Controller/IndexController.class.php 第 64 行.
NOTIC: [2] strlen() expects exactly 1 parameter, 2 given /mnt/php-wzf/news/Application/Home/Controller/IndexController.class.php 第 64 行.
NOTIC: [2] strlen() expects exactly 1 parameter, 2 given /mnt/php-wzf/news/Application/Home/Controller/IndexController.class.php 第 64 行.
NOTIC: [2] strlen() expects exactly 1 parameter, 2 given /mnt/php-wzf/news/Application/Home/Controller/IndexController.class.php 第 64 行.
NOTIC: [2] strlen() expects exactly 1 parameter, 2 given /mnt/php-wzf/news/Application/Home/Controller/IndexController.class.php 第 64 行.
NOTIC: [2] strlen() expects exactly 1 parameter, 2 given /mnt/php-wzf/news/Application/Home/Controller/IndexController.class.php 第 64 行.

[ 2015-11-26T18:02:59+08:00 ] 123.121.18.100 /news/Home/Index/newsList
INFO: [ app_init ] --START--
INFO: Run Behavior\BuildLiteBehavior [ RunTime:0.000017s ]
INFO: [ app_init ] --END-- [ RunTime:0.000330s ]
INFO: [ app_begin ] --START--
INFO: Run Behavior\ReadHtmlCacheBehavior [ RunTime:0.000398s ]
INFO: [ app_begin ] --END-- [ RunTime:0.000456s ]
SQL: SHOW COLUMNS FROM `Data_Content_257` [ RunTime:0.0009s ]
SQL: SELECT * FROM `Data_Content_265` ORDER BY id desc LIMIT 0,10   [ RunTime:0.0013s ]
NOTIC: [2] strlen() expects exactly 1 parameter, 2 given /mnt/php-wzf/news/Application/Home/Controller/IndexController.class.php 第 64 行.
NOTIC: [2] strlen() expects exactly 1 parameter, 2 given /mnt/php-wzf/news/Application/Home/Controller/IndexController.class.php 第 64 行.
NOTIC: [2] strlen() expects exactly 1 parameter, 2 given /mnt/php-wzf/news/Application/Home/Controller/IndexController.class.php 第 64 行.
NOTIC: [2] strlen() expects exactly 1 parameter, 2 given /mnt/php-wzf/news/Application/Home/Controller/IndexController.class.php 第 64 行.
NOTIC: [2] strlen() expects exactly 1 parameter, 2 given /mnt/php-wzf/news/Application/Home/Controller/IndexController.class.php 第 64 行.
NOTIC: [2] strlen() expects exactly 1 parameter, 2 given /mnt/php-wzf/news/Application/Home/Controller/IndexController.class.php 第 64 行.
NOTIC: [2] strlen() expects exactly 1 parameter, 2 given /mnt/php-wzf/news/Application/Home/Controller/IndexController.class.php 第 64 行.
NOTIC: [2] strlen() expects exactly 1 parameter, 2 given /mnt/php-wzf/news/Application/Home/Controller/IndexController.class.php 第 64 行.
NOTIC: [2] strlen() expects exactly 1 parameter, 2 given /mnt/php-wzf/news/Application/Home/Controller/IndexController.class.php 第 64 行.
NOTIC: [2] strlen() expects exactly 1 parameter, 2 given /mnt/php-wzf/news/Application/Home/Controller/IndexController.class.php 第 64 行.

[ 2015-11-26T18:30:59+08:00 ] 123.121.18.100 /news/Home/Index/newsList
INFO: [ app_init ] --START--
INFO: Run Behavior\BuildLiteBehavior [ RunTime:0.000017s ]
INFO: [ app_init ] --END-- [ RunTime:0.000303s ]
INFO: [ app_begin ] --START--
INFO: Run Behavior\ReadHtmlCacheBehavior [ RunTime:0.000364s ]
INFO: [ app_begin ] --END-- [ RunTime:0.000423s ]
SQL: SHOW COLUMNS FROM `Data_Content_257` [ RunTime:0.0011s ]
SQL: SELECT * FROM `Data_Content_265` ORDER BY id desc LIMIT 0,10   [ RunTime:0.0014s ]
NOTIC: [2] strlen() expects exactly 1 parameter, 2 given /mnt/php-wzf/news/Application/Home/Controller/IndexController.class.php 第 64 行.
NOTIC: [2] strlen() expects exactly 1 parameter, 2 given /mnt/php-wzf/news/Application/Home/Controller/IndexController.class.php 第 64 行.
NOTIC: [2] strlen() expects exactly 1 parameter, 2 given /mnt/php-wzf/news/Application/Home/Controller/IndexController.class.php 第 64 行.
NOTIC: [2] strlen() expects exactly 1 parameter, 2 given /mnt/php-wzf/news/Application/Home/Controller/IndexController.class.php 第 64 行.
NOTIC: [2] strlen() expects exactly 1 parameter, 2 given /mnt/php-wzf/news/Application/Home/Controller/IndexController.class.php 第 64 行.
NOTIC: [2] strlen() expects exactly 1 parameter, 2 given /mnt/php-wzf/news/Application/Home/Controller/IndexController.class.php 第 64 行.
NOTIC: [2] strlen() expects exactly 1 parameter, 2 given /mnt/php-wzf/news/Application/Home/Controller/IndexController.class.php 第 64 行.
NOTIC: [2] strlen() expects exactly 1 parameter, 2 given /mnt/php-wzf/news/Application/Home/Controller/IndexController.class.php 第 64 行.
NOTIC: [2] strlen() expects exactly 1 parameter, 2 given /mnt/php-wzf/news/Application/Home/Controller/IndexController.class.php 第 64 行.
NOTIC: [2] strlen() expects exactly 1 parameter, 2 given /mnt/php-wzf/news/Application/Home/Controller/IndexController.class.php 第 64 行.

[ 2015-11-26T18:31:00+08:00 ] 123.121.18.100 /news/Home/Index/newsList
INFO: [ app_init ] --START--
INFO: Run Behavior\BuildLiteBehavior [ RunTime:0.000016s ]
INFO: [ app_init ] --END-- [ RunTime:0.000270s ]
INFO: [ app_begin ] --START--
INFO: Run Behavior\ReadHtmlCacheBehavior [ RunTime:0.000375s ]
INFO: [ app_begin ] --END-- [ RunTime:0.000433s ]
SQL: SHOW COLUMNS FROM `Data_Content_257` [ RunTime:0.0009s ]
SQL: SELECT * FROM `Data_Content_265` ORDER BY id desc LIMIT 0,10   [ RunTime:0.0014s ]
NOTIC: [2] strlen() expects exactly 1 parameter, 2 given /mnt/php-wzf/news/Application/Home/Controller/IndexController.class.php 第 64 行.
NOTIC: [2] strlen() expects exactly 1 parameter, 2 given /mnt/php-wzf/news/Application/Home/Controller/IndexController.class.php 第 64 行.
NOTIC: [2] strlen() expects exactly 1 parameter, 2 given /mnt/php-wzf/news/Application/Home/Controller/IndexController.class.php 第 64 行.
NOTIC: [2] strlen() expects exactly 1 parameter, 2 given /mnt/php-wzf/news/Application/Home/Controller/IndexController.class.php 第 64 行.
NOTIC: [2] strlen() expects exactly 1 parameter, 2 given /mnt/php-wzf/news/Application/Home/Controller/IndexController.class.php 第 64 行.
NOTIC: [2] strlen() expects exactly 1 parameter, 2 given /mnt/php-wzf/news/Application/Home/Controller/IndexController.class.php 第 64 行.
NOTIC: [2] strlen() expects exactly 1 parameter, 2 given /mnt/php-wzf/news/Application/Home/Controller/IndexController.class.php 第 64 行.
NOTIC: [2] strlen() expects exactly 1 parameter, 2 given /mnt/php-wzf/news/Application/Home/Controller/IndexController.class.php 第 64 行.
NOTIC: [2] strlen() expects exactly 1 parameter, 2 given /mnt/php-wzf/news/Application/Home/Controller/IndexController.class.php 第 64 行.
NOTIC: [2] strlen() expects exactly 1 parameter, 2 given /mnt/php-wzf/news/Application/Home/Controller/IndexController.class.php 第 64 行.

[ 2015-11-26T18:32:10+08:00 ] 123.121.18.100 /news/Home/Index/newsList
INFO: [ app_init ] --START--
INFO: Run Behavior\BuildLiteBehavior [ RunTime:0.000019s ]
INFO: [ app_init ] --END-- [ RunTime:0.000333s ]
INFO: [ app_begin ] --START--
INFO: Run Behavior\ReadHtmlCacheBehavior [ RunTime:0.000397s ]
INFO: [ app_begin ] --END-- [ RunTime:0.000483s ]
SQL: SHOW COLUMNS FROM `Data_Content_257` [ RunTime:0.0010s ]
SQL: SELECT * FROM `Data_Content_265` ORDER BY id desc LIMIT 0,10   [ RunTime:0.0013s ]
NOTIC: [2] strlen() expects exactly 1 parameter, 2 given /mnt/php-wzf/news/Application/Home/Controller/IndexController.class.php 第 64 行.
NOTIC: [2] strlen() expects exactly 1 parameter, 2 given /mnt/php-wzf/news/Application/Home/Controller/IndexController.class.php 第 64 行.
NOTIC: [2] strlen() expects exactly 1 parameter, 2 given /mnt/php-wzf/news/Application/Home/Controller/IndexController.class.php 第 64 行.
NOTIC: [2] strlen() expects exactly 1 parameter, 2 given /mnt/php-wzf/news/Application/Home/Controller/IndexController.class.php 第 64 行.
NOTIC: [2] strlen() expects exactly 1 parameter, 2 given /mnt/php-wzf/news/Application/Home/Controller/IndexController.class.php 第 64 行.
NOTIC: [2] strlen() expects exactly 1 parameter, 2 given /mnt/php-wzf/news/Application/Home/Controller/IndexController.class.php 第 64 行.
NOTIC: [2] strlen() expects exactly 1 parameter, 2 given /mnt/php-wzf/news/Application/Home/Controller/IndexController.class.php 第 64 行.
NOTIC: [2] strlen() expects exactly 1 parameter, 2 given /mnt/php-wzf/news/Application/Home/Controller/IndexController.class.php 第 64 行.
NOTIC: [2] strlen() expects exactly 1 parameter, 2 given /mnt/php-wzf/news/Application/Home/Controller/IndexController.class.php 第 64 行.
NOTIC: [2] strlen() expects exactly 1 parameter, 2 given /mnt/php-wzf/news/Application/Home/Controller/IndexController.class.php 第 64 行.

[ 2015-11-26T18:32:11+08:00 ] 123.121.18.100 /news/Home/Index/newsList
INFO: [ app_init ] --START--
INFO: Run Behavior\BuildLiteBehavior [ RunTime:0.000018s ]
INFO: [ app_init ] --END-- [ RunTime:0.000293s ]
INFO: [ app_begin ] --START--
INFO: Run Behavior\ReadHtmlCacheBehavior [ RunTime:0.000505s ]
INFO: [ app_begin ] --END-- [ RunTime:0.000564s ]
SQL: SHOW COLUMNS FROM `Data_Content_257` [ RunTime:0.0012s ]
SQL: SELECT * FROM `Data_Content_265` ORDER BY id desc LIMIT 0,10   [ RunTime:0.0018s ]
NOTIC: [2] strlen() expects exactly 1 parameter, 2 given /mnt/php-wzf/news/Application/Home/Controller/IndexController.class.php 第 64 行.
NOTIC: [2] strlen() expects exactly 1 parameter, 2 given /mnt/php-wzf/news/Application/Home/Controller/IndexController.class.php 第 64 行.
NOTIC: [2] strlen() expects exactly 1 parameter, 2 given /mnt/php-wzf/news/Application/Home/Controller/IndexController.class.php 第 64 行.
NOTIC: [2] strlen() expects exactly 1 parameter, 2 given /mnt/php-wzf/news/Application/Home/Controller/IndexController.class.php 第 64 行.
NOTIC: [2] strlen() expects exactly 1 parameter, 2 given /mnt/php-wzf/news/Application/Home/Controller/IndexController.class.php 第 64 行.
NOTIC: [2] strlen() expects exactly 1 parameter, 2 given /mnt/php-wzf/news/Application/Home/Controller/IndexController.class.php 第 64 行.
NOTIC: [2] strlen() expects exactly 1 parameter, 2 given /mnt/php-wzf/news/Application/Home/Controller/IndexController.class.php 第 64 行.
NOTIC: [2] strlen() expects exactly 1 parameter, 2 given /mnt/php-wzf/news/Application/Home/Controller/IndexController.class.php 第 64 行.
NOTIC: [2] strlen() expects exactly 1 parameter, 2 given /mnt/php-wzf/news/Application/Home/Controller/IndexController.class.php 第 64 行.
NOTIC: [2] strlen() expects exactly 1 parameter, 2 given /mnt/php-wzf/news/Application/Home/Controller/IndexController.class.php 第 64 行.

[ 2015-11-26T18:34:20+08:00 ] 123.121.18.100 /news/Home/Index/newsList
INFO: [ app_init ] --START--
INFO: Run Behavior\BuildLiteBehavior [ RunTime:0.000016s ]
INFO: [ app_init ] --END-- [ RunTime:0.000272s ]
INFO: [ app_begin ] --START--
INFO: Run Behavior\ReadHtmlCacheBehavior [ RunTime:0.000330s ]
INFO: [ app_begin ] --END-- [ RunTime:0.000387s ]
SQL: SHOW COLUMNS FROM `Data_Content_257` [ RunTime:0.0012s ]
SQL: SELECT * FROM `Data_Content_265` ORDER BY id desc LIMIT 0,10   [ RunTime:0.0014s ]
NOTIC: [2] strlen() expects exactly 1 parameter, 2 given /mnt/php-wzf/news/Application/Home/Controller/IndexController.class.php 第 64 行.
NOTIC: [2] strlen() expects exactly 1 parameter, 2 given /mnt/php-wzf/news/Application/Home/Controller/IndexController.class.php 第 64 行.
NOTIC: [2] strlen() expects exactly 1 parameter, 2 given /mnt/php-wzf/news/Application/Home/Controller/IndexController.class.php 第 64 行.
NOTIC: [2] strlen() expects exactly 1 parameter, 2 given /mnt/php-wzf/news/Application/Home/Controller/IndexController.class.php 第 64 行.
NOTIC: [2] strlen() expects exactly 1 parameter, 2 given /mnt/php-wzf/news/Application/Home/Controller/IndexController.class.php 第 64 行.
NOTIC: [2] strlen() expects exactly 1 parameter, 2 given /mnt/php-wzf/news/Application/Home/Controller/IndexController.class.php 第 64 行.
NOTIC: [2] strlen() expects exactly 1 parameter, 2 given /mnt/php-wzf/news/Application/Home/Controller/IndexController.class.php 第 64 行.
NOTIC: [2] strlen() expects exactly 1 parameter, 2 given /mnt/php-wzf/news/Application/Home/Controller/IndexController.class.php 第 64 行.
NOTIC: [2] strlen() expects exactly 1 parameter, 2 given /mnt/php-wzf/news/Application/Home/Controller/IndexController.class.php 第 64 行.
NOTIC: [2] strlen() expects exactly 1 parameter, 2 given /mnt/php-wzf/news/Application/Home/Controller/IndexController.class.php 第 64 行.

[ 2015-11-26T18:34:20+08:00 ] 123.121.18.100 /news/Home/Index/newsList
INFO: [ app_init ] --START--
INFO: Run Behavior\BuildLiteBehavior [ RunTime:0.000015s ]
INFO: [ app_init ] --END-- [ RunTime:0.000307s ]
INFO: [ app_begin ] --START--
INFO: Run Behavior\ReadHtmlCacheBehavior [ RunTime:0.000371s ]
INFO: [ app_begin ] --END-- [ RunTime:0.000439s ]
SQL: SHOW COLUMNS FROM `Data_Content_257` [ RunTime:0.0011s ]
SQL: SELECT * FROM `Data_Content_265` ORDER BY id desc LIMIT 0,10   [ RunTime:0.0016s ]
NOTIC: [2] strlen() expects exactly 1 parameter, 2 given /mnt/php-wzf/news/Application/Home/Controller/IndexController.class.php 第 64 行.
NOTIC: [2] strlen() expects exactly 1 parameter, 2 given /mnt/php-wzf/news/Application/Home/Controller/IndexController.class.php 第 64 行.
NOTIC: [2] strlen() expects exactly 1 parameter, 2 given /mnt/php-wzf/news/Application/Home/Controller/IndexController.class.php 第 64 行.
NOTIC: [2] strlen() expects exactly 1 parameter, 2 given /mnt/php-wzf/news/Application/Home/Controller/IndexController.class.php 第 64 行.
NOTIC: [2] strlen() expects exactly 1 parameter, 2 given /mnt/php-wzf/news/Application/Home/Controller/IndexController.class.php 第 64 行.
NOTIC: [2] strlen() expects exactly 1 parameter, 2 given /mnt/php-wzf/news/Application/Home/Controller/IndexController.class.php 第 64 行.
NOTIC: [2] strlen() expects exactly 1 parameter, 2 given /mnt/php-wzf/news/Application/Home/Controller/IndexController.class.php 第 64 行.
NOTIC: [2] strlen() expects exactly 1 parameter, 2 given /mnt/php-wzf/news/Application/Home/Controller/IndexController.class.php 第 64 行.
NOTIC: [2] strlen() expects exactly 1 parameter, 2 given /mnt/php-wzf/news/Application/Home/Controller/IndexController.class.php 第 64 行.
NOTIC: [2] strlen() expects exactly 1 parameter, 2 given /mnt/php-wzf/news/Application/Home/Controller/IndexController.class.php 第 64 行.

[ 2015-11-26T18:38:32+08:00 ] 123.121.18.100 /news/Home/Index/newsList
INFO: [ app_init ] --START--
INFO: Run Behavior\BuildLiteBehavior [ RunTime:0.000014s ]
INFO: [ app_init ] --END-- [ RunTime:0.000309s ]
INFO: [ app_begin ] --START--
INFO: Run Behavior\ReadHtmlCacheBehavior [ RunTime:0.000393s ]
INFO: [ app_begin ] --END-- [ RunTime:0.000462s ]
SQL: SHOW COLUMNS FROM `Data_Content_257` [ RunTime:0.0014s ]
SQL: SELECT * FROM `Data_Content_265` ORDER BY id desc LIMIT 0,10   [ RunTime:0.0014s ]
NOTIC: [2] strlen() expects exactly 1 parameter, 2 given /mnt/php-wzf/news/Application/Home/Controller/IndexController.class.php 第 64 行.
NOTIC: [2] strlen() expects exactly 1 parameter, 2 given /mnt/php-wzf/news/Application/Home/Controller/IndexController.class.php 第 64 行.
NOTIC: [2] strlen() expects exactly 1 parameter, 2 given /mnt/php-wzf/news/Application/Home/Controller/IndexController.class.php 第 64 行.
NOTIC: [2] strlen() expects exactly 1 parameter, 2 given /mnt/php-wzf/news/Application/Home/Controller/IndexController.class.php 第 64 行.
NOTIC: [2] strlen() expects exactly 1 parameter, 2 given /mnt/php-wzf/news/Application/Home/Controller/IndexController.class.php 第 64 行.
NOTIC: [2] strlen() expects exactly 1 parameter, 2 given /mnt/php-wzf/news/Application/Home/Controller/IndexController.class.php 第 64 行.
NOTIC: [2] strlen() expects exactly 1 parameter, 2 given /mnt/php-wzf/news/Application/Home/Controller/IndexController.class.php 第 64 行.
NOTIC: [2] strlen() expects exactly 1 parameter, 2 given /mnt/php-wzf/news/Application/Home/Controller/IndexController.class.php 第 64 行.
NOTIC: [2] strlen() expects exactly 1 parameter, 2 given /mnt/php-wzf/news/Application/Home/Controller/IndexController.class.php 第 64 行.
NOTIC: [2] strlen() expects exactly 1 parameter, 2 given /mnt/php-wzf/news/Application/Home/Controller/IndexController.class.php 第 64 行.

[ 2015-11-26T18:38:33+08:00 ] 123.121.18.100 /news/Home/Index/newsList
INFO: [ app_init ] --START--
INFO: Run Behavior\BuildLiteBehavior [ RunTime:0.000016s ]
INFO: [ app_init ] --END-- [ RunTime:0.000263s ]
INFO: [ app_begin ] --START--
INFO: Run Behavior\ReadHtmlCacheBehavior [ RunTime:0.000327s ]
INFO: [ app_begin ] --END-- [ RunTime:0.000386s ]
SQL: SHOW COLUMNS FROM `Data_Content_257` [ RunTime:0.0013s ]
SQL: SELECT * FROM `Data_Content_265` ORDER BY id desc LIMIT 0,10   [ RunTime:0.0017s ]
NOTIC: [2] strlen() expects exactly 1 parameter, 2 given /mnt/php-wzf/news/Application/Home/Controller/IndexController.class.php 第 64 行.
NOTIC: [2] strlen() expects exactly 1 parameter, 2 given /mnt/php-wzf/news/Application/Home/Controller/IndexController.class.php 第 64 行.
NOTIC: [2] strlen() expects exactly 1 parameter, 2 given /mnt/php-wzf/news/Application/Home/Controller/IndexController.class.php 第 64 行.
NOTIC: [2] strlen() expects exactly 1 parameter, 2 given /mnt/php-wzf/news/Application/Home/Controller/IndexController.class.php 第 64 行.
NOTIC: [2] strlen() expects exactly 1 parameter, 2 given /mnt/php-wzf/news/Application/Home/Controller/IndexController.class.php 第 64 行.
NOTIC: [2] strlen() expects exactly 1 parameter, 2 given /mnt/php-wzf/news/Application/Home/Controller/IndexController.class.php 第 64 行.
NOTIC: [2] strlen() expects exactly 1 parameter, 2 given /mnt/php-wzf/news/Application/Home/Controller/IndexController.class.php 第 64 行.
NOTIC: [2] strlen() expects exactly 1 parameter, 2 given /mnt/php-wzf/news/Application/Home/Controller/IndexController.class.php 第 64 行.
NOTIC: [2] strlen() expects exactly 1 parameter, 2 given /mnt/php-wzf/news/Application/Home/Controller/IndexController.class.php 第 64 行.
NOTIC: [2] strlen() expects exactly 1 parameter, 2 given /mnt/php-wzf/news/Application/Home/Controller/IndexController.class.php 第 64 行.

