[ 2015-11-01T08:13:17+08:00 ] 116.243.175.127 /news/Home/Index/newsList
INFO: [ app_init ] --START--
INFO: Run Behavior\BuildLiteBehavior [ RunTime:0.000017s ]
INFO: [ app_init ] --END-- [ RunTime:0.000310s ]
INFO: [ app_begin ] --START--
INFO: Run Behavior\ReadHtmlCacheBehavior [ RunTime:0.000360s ]
INFO: [ app_begin ] --END-- [ RunTime:0.000421s ]
SQL: SHOW COLUMNS FROM `Data_Content_257` [ RunTime:0.0011s ]
SQL: SELECT * FROM `Data_Content_265` ORDER BY id desc LIMIT 0,10   [ RunTime:0.0012s ]
NOTIC: [2] strlen() expects exactly 1 parameter, 2 given /var/www/html/news/Application/Home/Controller/IndexController.class.php 第 64 行.
NOTIC: [2] strlen() expects exactly 1 parameter, 2 given /var/www/html/news/Application/Home/Controller/IndexController.class.php 第 64 行.
NOTIC: [2] strlen() expects exactly 1 parameter, 2 given /var/www/html/news/Application/Home/Controller/IndexController.class.php 第 64 行.
NOTIC: [2] strlen() expects exactly 1 parameter, 2 given /var/www/html/news/Application/Home/Controller/IndexController.class.php 第 64 行.
NOTIC: [2] strlen() expects exactly 1 parameter, 2 given /var/www/html/news/Application/Home/Controller/IndexController.class.php 第 64 行.
NOTIC: [2] strlen() expects exactly 1 parameter, 2 given /var/www/html/news/Application/Home/Controller/IndexController.class.php 第 64 行.
NOTIC: [2] strlen() expects exactly 1 parameter, 2 given /var/www/html/news/Application/Home/Controller/IndexController.class.php 第 64 行.
NOTIC: [2] strlen() expects exactly 1 parameter, 2 given /var/www/html/news/Application/Home/Controller/IndexController.class.php 第 64 行.
NOTIC: [2] strlen() expects exactly 1 parameter, 2 given /var/www/html/news/Application/Home/Controller/IndexController.class.php 第 64 行.
NOTIC: [2] strlen() expects exactly 1 parameter, 2 given /var/www/html/news/Application/Home/Controller/IndexController.class.php 第 64 行.

[ 2015-11-01T08:13:18+08:00 ] 116.243.175.127 /news/Home/Index/newsList
INFO: [ app_init ] --START--
INFO: Run Behavior\BuildLiteBehavior [ RunTime:0.000015s ]
INFO: [ app_init ] --END-- [ RunTime:0.000268s ]
INFO: [ app_begin ] --START--
INFO: Run Behavior\ReadHtmlCacheBehavior [ RunTime:0.000342s ]
INFO: [ app_begin ] --END-- [ RunTime:0.000400s ]
SQL: SHOW COLUMNS FROM `Data_Content_257` [ RunTime:0.0010s ]
SQL: SELECT * FROM `Data_Content_265` ORDER BY id desc LIMIT 0,10   [ RunTime:0.0013s ]
NOTIC: [2] strlen() expects exactly 1 parameter, 2 given /var/www/html/news/Application/Home/Controller/IndexController.class.php 第 64 行.
NOTIC: [2] strlen() expects exactly 1 parameter, 2 given /var/www/html/news/Application/Home/Controller/IndexController.class.php 第 64 行.
NOTIC: [2] strlen() expects exactly 1 parameter, 2 given /var/www/html/news/Application/Home/Controller/IndexController.class.php 第 64 行.
NOTIC: [2] strlen() expects exactly 1 parameter, 2 given /var/www/html/news/Application/Home/Controller/IndexController.class.php 第 64 行.
NOTIC: [2] strlen() expects exactly 1 parameter, 2 given /var/www/html/news/Application/Home/Controller/IndexController.class.php 第 64 行.
NOTIC: [2] strlen() expects exactly 1 parameter, 2 given /var/www/html/news/Application/Home/Controller/IndexController.class.php 第 64 行.
NOTIC: [2] strlen() expects exactly 1 parameter, 2 given /var/www/html/news/Application/Home/Controller/IndexController.class.php 第 64 行.
NOTIC: [2] strlen() expects exactly 1 parameter, 2 given /var/www/html/news/Application/Home/Controller/IndexController.class.php 第 64 行.
NOTIC: [2] strlen() expects exactly 1 parameter, 2 given /var/www/html/news/Application/Home/Controller/IndexController.class.php 第 64 行.
NOTIC: [2] strlen() expects exactly 1 parameter, 2 given /var/www/html/news/Application/Home/Controller/IndexController.class.php 第 64 行.

