[ 2015-11-18T10:57:50+08:00 ] 123.121.11.91 /news/Home/Index/newsList
INFO: [ app_init ] --START--
INFO: Run Behavior\BuildLiteBehavior [ RunTime:0.000014s ]
INFO: [ app_init ] --END-- [ RunTime:0.000271s ]
INFO: [ app_begin ] --START--
INFO: Run Behavior\ReadHtmlCacheBehavior [ RunTime:0.000344s ]
INFO: [ app_begin ] --END-- [ RunTime:0.000405s ]
SQL: SHOW COLUMNS FROM `Data_Content_257` [ RunTime:0.0012s ]
SQL: SELECT * FROM `Data_Content_265` ORDER BY id desc LIMIT 0,10   [ RunTime:0.0015s ]
NOTIC: [2] strlen() expects exactly 1 parameter, 2 given /mnt/php-wzf/news/Application/Home/Controller/IndexController.class.php 第 64 行.
NOTIC: [2] strlen() expects exactly 1 parameter, 2 given /mnt/php-wzf/news/Application/Home/Controller/IndexController.class.php 第 64 行.
NOTIC: [2] strlen() expects exactly 1 parameter, 2 given /mnt/php-wzf/news/Application/Home/Controller/IndexController.class.php 第 64 行.
NOTIC: [2] strlen() expects exactly 1 parameter, 2 given /mnt/php-wzf/news/Application/Home/Controller/IndexController.class.php 第 64 行.
NOTIC: [2] strlen() expects exactly 1 parameter, 2 given /mnt/php-wzf/news/Application/Home/Controller/IndexController.class.php 第 64 行.
NOTIC: [2] strlen() expects exactly 1 parameter, 2 given /mnt/php-wzf/news/Application/Home/Controller/IndexController.class.php 第 64 行.
NOTIC: [2] strlen() expects exactly 1 parameter, 2 given /mnt/php-wzf/news/Application/Home/Controller/IndexController.class.php 第 64 行.
NOTIC: [2] strlen() expects exactly 1 parameter, 2 given /mnt/php-wzf/news/Application/Home/Controller/IndexController.class.php 第 64 行.
NOTIC: [2] strlen() expects exactly 1 parameter, 2 given /mnt/php-wzf/news/Application/Home/Controller/IndexController.class.php 第 64 行.
NOTIC: [2] strlen() expects exactly 1 parameter, 2 given /mnt/php-wzf/news/Application/Home/Controller/IndexController.class.php 第 64 行.

[ 2015-11-18T10:57:51+08:00 ] 123.121.11.91 /news/Home/Index/newsList
INFO: [ app_init ] --START--
INFO: Run Behavior\BuildLiteBehavior [ RunTime:0.000016s ]
INFO: [ app_init ] --END-- [ RunTime:0.000275s ]
INFO: [ app_begin ] --START--
INFO: Run Behavior\ReadHtmlCacheBehavior [ RunTime:0.000353s ]
INFO: [ app_begin ] --END-- [ RunTime:0.000412s ]
SQL: SHOW COLUMNS FROM `Data_Content_257` [ RunTime:0.0012s ]
SQL: SELECT * FROM `Data_Content_265` ORDER BY id desc LIMIT 0,10   [ RunTime:0.0013s ]
NOTIC: [2] strlen() expects exactly 1 parameter, 2 given /mnt/php-wzf/news/Application/Home/Controller/IndexController.class.php 第 64 行.
NOTIC: [2] strlen() expects exactly 1 parameter, 2 given /mnt/php-wzf/news/Application/Home/Controller/IndexController.class.php 第 64 行.
NOTIC: [2] strlen() expects exactly 1 parameter, 2 given /mnt/php-wzf/news/Application/Home/Controller/IndexController.class.php 第 64 行.
NOTIC: [2] strlen() expects exactly 1 parameter, 2 given /mnt/php-wzf/news/Application/Home/Controller/IndexController.class.php 第 64 行.
NOTIC: [2] strlen() expects exactly 1 parameter, 2 given /mnt/php-wzf/news/Application/Home/Controller/IndexController.class.php 第 64 行.
NOTIC: [2] strlen() expects exactly 1 parameter, 2 given /mnt/php-wzf/news/Application/Home/Controller/IndexController.class.php 第 64 行.
NOTIC: [2] strlen() expects exactly 1 parameter, 2 given /mnt/php-wzf/news/Application/Home/Controller/IndexController.class.php 第 64 行.
NOTIC: [2] strlen() expects exactly 1 parameter, 2 given /mnt/php-wzf/news/Application/Home/Controller/IndexController.class.php 第 64 行.
NOTIC: [2] strlen() expects exactly 1 parameter, 2 given /mnt/php-wzf/news/Application/Home/Controller/IndexController.class.php 第 64 行.
NOTIC: [2] strlen() expects exactly 1 parameter, 2 given /mnt/php-wzf/news/Application/Home/Controller/IndexController.class.php 第 64 行.

[ 2015-11-18T11:01:34+08:00 ] 123.121.11.91 /news/Home/Index/newsList
INFO: [ app_init ] --START--
INFO: Run Behavior\BuildLiteBehavior [ RunTime:0.000015s ]
INFO: [ app_init ] --END-- [ RunTime:0.000273s ]
INFO: [ app_begin ] --START--
INFO: Run Behavior\ReadHtmlCacheBehavior [ RunTime:0.000356s ]
INFO: [ app_begin ] --END-- [ RunTime:0.000414s ]
SQL: SHOW COLUMNS FROM `Data_Content_257` [ RunTime:0.0043s ]
SQL: SELECT * FROM `Data_Content_265` ORDER BY id desc LIMIT 0,10   [ RunTime:0.0011s ]
NOTIC: [2] strlen() expects exactly 1 parameter, 2 given /mnt/php-wzf/news/Application/Home/Controller/IndexController.class.php 第 64 行.
NOTIC: [2] strlen() expects exactly 1 parameter, 2 given /mnt/php-wzf/news/Application/Home/Controller/IndexController.class.php 第 64 行.
NOTIC: [2] strlen() expects exactly 1 parameter, 2 given /mnt/php-wzf/news/Application/Home/Controller/IndexController.class.php 第 64 行.
NOTIC: [2] strlen() expects exactly 1 parameter, 2 given /mnt/php-wzf/news/Application/Home/Controller/IndexController.class.php 第 64 行.
NOTIC: [2] strlen() expects exactly 1 parameter, 2 given /mnt/php-wzf/news/Application/Home/Controller/IndexController.class.php 第 64 行.
NOTIC: [2] strlen() expects exactly 1 parameter, 2 given /mnt/php-wzf/news/Application/Home/Controller/IndexController.class.php 第 64 行.
NOTIC: [2] strlen() expects exactly 1 parameter, 2 given /mnt/php-wzf/news/Application/Home/Controller/IndexController.class.php 第 64 行.
NOTIC: [2] strlen() expects exactly 1 parameter, 2 given /mnt/php-wzf/news/Application/Home/Controller/IndexController.class.php 第 64 行.
NOTIC: [2] strlen() expects exactly 1 parameter, 2 given /mnt/php-wzf/news/Application/Home/Controller/IndexController.class.php 第 64 行.
NOTIC: [2] strlen() expects exactly 1 parameter, 2 given /mnt/php-wzf/news/Application/Home/Controller/IndexController.class.php 第 64 行.

[ 2015-11-18T11:01:35+08:00 ] 123.121.11.91 /news/Home/Index/newsList
INFO: [ app_init ] --START--
INFO: Run Behavior\BuildLiteBehavior [ RunTime:0.000016s ]
INFO: [ app_init ] --END-- [ RunTime:0.000294s ]
INFO: [ app_begin ] --START--
INFO: Run Behavior\ReadHtmlCacheBehavior [ RunTime:0.000405s ]
INFO: [ app_begin ] --END-- [ RunTime:0.000465s ]
SQL: SHOW COLUMNS FROM `Data_Content_257` [ RunTime:0.0010s ]
SQL: SELECT * FROM `Data_Content_265` ORDER BY id desc LIMIT 0,10   [ RunTime:0.0015s ]
NOTIC: [2] strlen() expects exactly 1 parameter, 2 given /mnt/php-wzf/news/Application/Home/Controller/IndexController.class.php 第 64 行.
NOTIC: [2] strlen() expects exactly 1 parameter, 2 given /mnt/php-wzf/news/Application/Home/Controller/IndexController.class.php 第 64 行.
NOTIC: [2] strlen() expects exactly 1 parameter, 2 given /mnt/php-wzf/news/Application/Home/Controller/IndexController.class.php 第 64 行.
NOTIC: [2] strlen() expects exactly 1 parameter, 2 given /mnt/php-wzf/news/Application/Home/Controller/IndexController.class.php 第 64 行.
NOTIC: [2] strlen() expects exactly 1 parameter, 2 given /mnt/php-wzf/news/Application/Home/Controller/IndexController.class.php 第 64 行.
NOTIC: [2] strlen() expects exactly 1 parameter, 2 given /mnt/php-wzf/news/Application/Home/Controller/IndexController.class.php 第 64 行.
NOTIC: [2] strlen() expects exactly 1 parameter, 2 given /mnt/php-wzf/news/Application/Home/Controller/IndexController.class.php 第 64 行.
NOTIC: [2] strlen() expects exactly 1 parameter, 2 given /mnt/php-wzf/news/Application/Home/Controller/IndexController.class.php 第 64 行.
NOTIC: [2] strlen() expects exactly 1 parameter, 2 given /mnt/php-wzf/news/Application/Home/Controller/IndexController.class.php 第 64 行.
NOTIC: [2] strlen() expects exactly 1 parameter, 2 given /mnt/php-wzf/news/Application/Home/Controller/IndexController.class.php 第 64 行.

[ 2015-11-18T11:02:13+08:00 ] 123.121.11.91 /news/Home/Index/newsList
INFO: [ app_init ] --START--
INFO: Run Behavior\BuildLiteBehavior [ RunTime:0.000015s ]
INFO: [ app_init ] --END-- [ RunTime:0.000265s ]
INFO: [ app_begin ] --START--
INFO: Run Behavior\ReadHtmlCacheBehavior [ RunTime:0.000332s ]
INFO: [ app_begin ] --END-- [ RunTime:0.000390s ]
SQL: SHOW COLUMNS FROM `Data_Content_257` [ RunTime:0.0009s ]
SQL: SELECT * FROM `Data_Content_265` ORDER BY id desc LIMIT 0,10   [ RunTime:0.0013s ]
NOTIC: [2] strlen() expects exactly 1 parameter, 2 given /mnt/php-wzf/news/Application/Home/Controller/IndexController.class.php 第 64 行.
NOTIC: [2] strlen() expects exactly 1 parameter, 2 given /mnt/php-wzf/news/Application/Home/Controller/IndexController.class.php 第 64 行.
NOTIC: [2] strlen() expects exactly 1 parameter, 2 given /mnt/php-wzf/news/Application/Home/Controller/IndexController.class.php 第 64 行.
NOTIC: [2] strlen() expects exactly 1 parameter, 2 given /mnt/php-wzf/news/Application/Home/Controller/IndexController.class.php 第 64 行.
NOTIC: [2] strlen() expects exactly 1 parameter, 2 given /mnt/php-wzf/news/Application/Home/Controller/IndexController.class.php 第 64 行.
NOTIC: [2] strlen() expects exactly 1 parameter, 2 given /mnt/php-wzf/news/Application/Home/Controller/IndexController.class.php 第 64 行.
NOTIC: [2] strlen() expects exactly 1 parameter, 2 given /mnt/php-wzf/news/Application/Home/Controller/IndexController.class.php 第 64 行.
NOTIC: [2] strlen() expects exactly 1 parameter, 2 given /mnt/php-wzf/news/Application/Home/Controller/IndexController.class.php 第 64 行.
NOTIC: [2] strlen() expects exactly 1 parameter, 2 given /mnt/php-wzf/news/Application/Home/Controller/IndexController.class.php 第 64 行.
NOTIC: [2] strlen() expects exactly 1 parameter, 2 given /mnt/php-wzf/news/Application/Home/Controller/IndexController.class.php 第 64 行.

[ 2015-11-18T13:14:25+08:00 ] 101.40.21.144 /news/Home/Index/newsList
INFO: [ app_init ] --START--
INFO: Run Behavior\BuildLiteBehavior [ RunTime:0.000015s ]
INFO: [ app_init ] --END-- [ RunTime:0.000300s ]
INFO: [ app_begin ] --START--
INFO: Run Behavior\ReadHtmlCacheBehavior [ RunTime:0.000355s ]
INFO: [ app_begin ] --END-- [ RunTime:0.000414s ]
SQL: SHOW COLUMNS FROM `Data_Content_257` [ RunTime:0.0010s ]
SQL: SELECT * FROM `Data_Content_265` ORDER BY id desc LIMIT 0,10   [ RunTime:0.0015s ]
NOTIC: [2] strlen() expects exactly 1 parameter, 2 given /mnt/php-wzf/news/Application/Home/Controller/IndexController.class.php 第 64 行.
NOTIC: [2] strlen() expects exactly 1 parameter, 2 given /mnt/php-wzf/news/Application/Home/Controller/IndexController.class.php 第 64 行.
NOTIC: [2] strlen() expects exactly 1 parameter, 2 given /mnt/php-wzf/news/Application/Home/Controller/IndexController.class.php 第 64 行.
NOTIC: [2] strlen() expects exactly 1 parameter, 2 given /mnt/php-wzf/news/Application/Home/Controller/IndexController.class.php 第 64 行.
NOTIC: [2] strlen() expects exactly 1 parameter, 2 given /mnt/php-wzf/news/Application/Home/Controller/IndexController.class.php 第 64 行.
NOTIC: [2] strlen() expects exactly 1 parameter, 2 given /mnt/php-wzf/news/Application/Home/Controller/IndexController.class.php 第 64 行.
NOTIC: [2] strlen() expects exactly 1 parameter, 2 given /mnt/php-wzf/news/Application/Home/Controller/IndexController.class.php 第 64 行.
NOTIC: [2] strlen() expects exactly 1 parameter, 2 given /mnt/php-wzf/news/Application/Home/Controller/IndexController.class.php 第 64 行.
NOTIC: [2] strlen() expects exactly 1 parameter, 2 given /mnt/php-wzf/news/Application/Home/Controller/IndexController.class.php 第 64 行.
NOTIC: [2] strlen() expects exactly 1 parameter, 2 given /mnt/php-wzf/news/Application/Home/Controller/IndexController.class.php 第 64 行.

[ 2015-11-18T13:14:39+08:00 ] 101.40.21.144 /news/Home/Index/newsList
INFO: [ app_init ] --START--
INFO: Run Behavior\BuildLiteBehavior [ RunTime:0.000015s ]
INFO: [ app_init ] --END-- [ RunTime:0.000280s ]
INFO: [ app_begin ] --START--
INFO: Run Behavior\ReadHtmlCacheBehavior [ RunTime:0.000338s ]
INFO: [ app_begin ] --END-- [ RunTime:0.000397s ]
SQL: SHOW COLUMNS FROM `Data_Content_257` [ RunTime:0.0010s ]
SQL: SELECT * FROM `Data_Content_265` ORDER BY id desc LIMIT 0,10   [ RunTime:0.0015s ]
NOTIC: [2] strlen() expects exactly 1 parameter, 2 given /mnt/php-wzf/news/Application/Home/Controller/IndexController.class.php 第 64 行.
NOTIC: [2] strlen() expects exactly 1 parameter, 2 given /mnt/php-wzf/news/Application/Home/Controller/IndexController.class.php 第 64 行.
NOTIC: [2] strlen() expects exactly 1 parameter, 2 given /mnt/php-wzf/news/Application/Home/Controller/IndexController.class.php 第 64 行.
NOTIC: [2] strlen() expects exactly 1 parameter, 2 given /mnt/php-wzf/news/Application/Home/Controller/IndexController.class.php 第 64 行.
NOTIC: [2] strlen() expects exactly 1 parameter, 2 given /mnt/php-wzf/news/Application/Home/Controller/IndexController.class.php 第 64 行.
NOTIC: [2] strlen() expects exactly 1 parameter, 2 given /mnt/php-wzf/news/Application/Home/Controller/IndexController.class.php 第 64 行.
NOTIC: [2] strlen() expects exactly 1 parameter, 2 given /mnt/php-wzf/news/Application/Home/Controller/IndexController.class.php 第 64 行.
NOTIC: [2] strlen() expects exactly 1 parameter, 2 given /mnt/php-wzf/news/Application/Home/Controller/IndexController.class.php 第 64 行.
NOTIC: [2] strlen() expects exactly 1 parameter, 2 given /mnt/php-wzf/news/Application/Home/Controller/IndexController.class.php 第 64 行.
NOTIC: [2] strlen() expects exactly 1 parameter, 2 given /mnt/php-wzf/news/Application/Home/Controller/IndexController.class.php 第 64 行.

[ 2015-11-18T19:43:45+08:00 ] 101.40.21.144 /news/Home/Index/newsList
INFO: [ app_init ] --START--
INFO: Run Behavior\BuildLiteBehavior [ RunTime:0.000017s ]
INFO: [ app_init ] --END-- [ RunTime:0.000304s ]
INFO: [ app_begin ] --START--
INFO: Run Behavior\ReadHtmlCacheBehavior [ RunTime:0.000350s ]
INFO: [ app_begin ] --END-- [ RunTime:0.000422s ]
SQL: SHOW COLUMNS FROM `Data_Content_257` [ RunTime:0.0010s ]
SQL: SELECT * FROM `Data_Content_265` ORDER BY id desc LIMIT 0,10   [ RunTime:0.0015s ]
NOTIC: [2] strlen() expects exactly 1 parameter, 2 given /mnt/php-wzf/news/Application/Home/Controller/IndexController.class.php 第 64 行.
NOTIC: [2] strlen() expects exactly 1 parameter, 2 given /mnt/php-wzf/news/Application/Home/Controller/IndexController.class.php 第 64 行.
NOTIC: [2] strlen() expects exactly 1 parameter, 2 given /mnt/php-wzf/news/Application/Home/Controller/IndexController.class.php 第 64 行.
NOTIC: [2] strlen() expects exactly 1 parameter, 2 given /mnt/php-wzf/news/Application/Home/Controller/IndexController.class.php 第 64 行.
NOTIC: [2] strlen() expects exactly 1 parameter, 2 given /mnt/php-wzf/news/Application/Home/Controller/IndexController.class.php 第 64 行.
NOTIC: [2] strlen() expects exactly 1 parameter, 2 given /mnt/php-wzf/news/Application/Home/Controller/IndexController.class.php 第 64 行.
NOTIC: [2] strlen() expects exactly 1 parameter, 2 given /mnt/php-wzf/news/Application/Home/Controller/IndexController.class.php 第 64 行.
NOTIC: [2] strlen() expects exactly 1 parameter, 2 given /mnt/php-wzf/news/Application/Home/Controller/IndexController.class.php 第 64 行.
NOTIC: [2] strlen() expects exactly 1 parameter, 2 given /mnt/php-wzf/news/Application/Home/Controller/IndexController.class.php 第 64 行.
NOTIC: [2] strlen() expects exactly 1 parameter, 2 given /mnt/php-wzf/news/Application/Home/Controller/IndexController.class.php 第 64 行.

[ 2015-11-18T19:43:46+08:00 ] 101.40.21.144 /news/Home/Index/newsList
INFO: [ app_init ] --START--
INFO: Run Behavior\BuildLiteBehavior [ RunTime:0.000016s ]
INFO: [ app_init ] --END-- [ RunTime:0.000273s ]
INFO: [ app_begin ] --START--
INFO: Run Behavior\ReadHtmlCacheBehavior [ RunTime:0.000354s ]
INFO: [ app_begin ] --END-- [ RunTime:0.000413s ]
SQL: SHOW COLUMNS FROM `Data_Content_257` [ RunTime:0.0010s ]
SQL: SELECT * FROM `Data_Content_265` ORDER BY id desc LIMIT 0,10   [ RunTime:0.0015s ]
NOTIC: [2] strlen() expects exactly 1 parameter, 2 given /mnt/php-wzf/news/Application/Home/Controller/IndexController.class.php 第 64 行.
NOTIC: [2] strlen() expects exactly 1 parameter, 2 given /mnt/php-wzf/news/Application/Home/Controller/IndexController.class.php 第 64 行.
NOTIC: [2] strlen() expects exactly 1 parameter, 2 given /mnt/php-wzf/news/Application/Home/Controller/IndexController.class.php 第 64 行.
NOTIC: [2] strlen() expects exactly 1 parameter, 2 given /mnt/php-wzf/news/Application/Home/Controller/IndexController.class.php 第 64 行.
NOTIC: [2] strlen() expects exactly 1 parameter, 2 given /mnt/php-wzf/news/Application/Home/Controller/IndexController.class.php 第 64 行.
NOTIC: [2] strlen() expects exactly 1 parameter, 2 given /mnt/php-wzf/news/Application/Home/Controller/IndexController.class.php 第 64 行.
NOTIC: [2] strlen() expects exactly 1 parameter, 2 given /mnt/php-wzf/news/Application/Home/Controller/IndexController.class.php 第 64 行.
NOTIC: [2] strlen() expects exactly 1 parameter, 2 given /mnt/php-wzf/news/Application/Home/Controller/IndexController.class.php 第 64 行.
NOTIC: [2] strlen() expects exactly 1 parameter, 2 given /mnt/php-wzf/news/Application/Home/Controller/IndexController.class.php 第 64 行.
NOTIC: [2] strlen() expects exactly 1 parameter, 2 given /mnt/php-wzf/news/Application/Home/Controller/IndexController.class.php 第 64 行.

[ 2015-11-18T19:47:43+08:00 ] 101.40.21.144 /news/Home/Index/newsList
INFO: [ app_init ] --START--
INFO: Run Behavior\BuildLiteBehavior [ RunTime:0.000022s ]
INFO: [ app_init ] --END-- [ RunTime:0.000326s ]
INFO: [ app_begin ] --START--
INFO: Run Behavior\ReadHtmlCacheBehavior [ RunTime:0.000367s ]
INFO: [ app_begin ] --END-- [ RunTime:0.000439s ]
SQL: SHOW COLUMNS FROM `Data_Content_257` [ RunTime:0.0010s ]
SQL: SELECT * FROM `Data_Content_265` ORDER BY id desc LIMIT 0,10   [ RunTime:0.0012s ]
NOTIC: [2] strlen() expects exactly 1 parameter, 2 given /mnt/php-wzf/news/Application/Home/Controller/IndexController.class.php 第 64 行.
NOTIC: [2] strlen() expects exactly 1 parameter, 2 given /mnt/php-wzf/news/Application/Home/Controller/IndexController.class.php 第 64 行.
NOTIC: [2] strlen() expects exactly 1 parameter, 2 given /mnt/php-wzf/news/Application/Home/Controller/IndexController.class.php 第 64 行.
NOTIC: [2] strlen() expects exactly 1 parameter, 2 given /mnt/php-wzf/news/Application/Home/Controller/IndexController.class.php 第 64 行.
NOTIC: [2] strlen() expects exactly 1 parameter, 2 given /mnt/php-wzf/news/Application/Home/Controller/IndexController.class.php 第 64 行.
NOTIC: [2] strlen() expects exactly 1 parameter, 2 given /mnt/php-wzf/news/Application/Home/Controller/IndexController.class.php 第 64 行.
NOTIC: [2] strlen() expects exactly 1 parameter, 2 given /mnt/php-wzf/news/Application/Home/Controller/IndexController.class.php 第 64 行.
NOTIC: [2] strlen() expects exactly 1 parameter, 2 given /mnt/php-wzf/news/Application/Home/Controller/IndexController.class.php 第 64 行.
NOTIC: [2] strlen() expects exactly 1 parameter, 2 given /mnt/php-wzf/news/Application/Home/Controller/IndexController.class.php 第 64 行.
NOTIC: [2] strlen() expects exactly 1 parameter, 2 given /mnt/php-wzf/news/Application/Home/Controller/IndexController.class.php 第 64 行.

[ 2015-11-18T19:47:44+08:00 ] 101.40.21.144 /news/Home/Index/newsList
INFO: [ app_init ] --START--
INFO: Run Behavior\BuildLiteBehavior [ RunTime:0.000015s ]
INFO: [ app_init ] --END-- [ RunTime:0.000266s ]
INFO: [ app_begin ] --START--
INFO: Run Behavior\ReadHtmlCacheBehavior [ RunTime:0.000399s ]
INFO: [ app_begin ] --END-- [ RunTime:0.000458s ]
SQL: SHOW COLUMNS FROM `Data_Content_257` [ RunTime:0.0011s ]
SQL: SELECT * FROM `Data_Content_265` ORDER BY id desc LIMIT 0,10   [ RunTime:0.0014s ]
NOTIC: [2] strlen() expects exactly 1 parameter, 2 given /mnt/php-wzf/news/Application/Home/Controller/IndexController.class.php 第 64 行.
NOTIC: [2] strlen() expects exactly 1 parameter, 2 given /mnt/php-wzf/news/Application/Home/Controller/IndexController.class.php 第 64 行.
NOTIC: [2] strlen() expects exactly 1 parameter, 2 given /mnt/php-wzf/news/Application/Home/Controller/IndexController.class.php 第 64 行.
NOTIC: [2] strlen() expects exactly 1 parameter, 2 given /mnt/php-wzf/news/Application/Home/Controller/IndexController.class.php 第 64 行.
NOTIC: [2] strlen() expects exactly 1 parameter, 2 given /mnt/php-wzf/news/Application/Home/Controller/IndexController.class.php 第 64 行.
NOTIC: [2] strlen() expects exactly 1 parameter, 2 given /mnt/php-wzf/news/Application/Home/Controller/IndexController.class.php 第 64 行.
NOTIC: [2] strlen() expects exactly 1 parameter, 2 given /mnt/php-wzf/news/Application/Home/Controller/IndexController.class.php 第 64 行.
NOTIC: [2] strlen() expects exactly 1 parameter, 2 given /mnt/php-wzf/news/Application/Home/Controller/IndexController.class.php 第 64 行.
NOTIC: [2] strlen() expects exactly 1 parameter, 2 given /mnt/php-wzf/news/Application/Home/Controller/IndexController.class.php 第 64 行.
NOTIC: [2] strlen() expects exactly 1 parameter, 2 given /mnt/php-wzf/news/Application/Home/Controller/IndexController.class.php 第 64 行.

