[ 2015-12-18T10:14:44+08:00 ] 123.121.2.180 /news/Home/Index/newsList
INFO: [ app_init ] --START--
INFO: Run Behavior\BuildLiteBehavior [ RunTime:0.000018s ]
INFO: [ app_init ] --END-- [ RunTime:0.000311s ]
INFO: [ app_begin ] --START--
INFO: Run Behavior\ReadHtmlCacheBehavior [ RunTime:0.000376s ]
INFO: [ app_begin ] --END-- [ RunTime:0.000435s ]
SQL: SHOW COLUMNS FROM `Data_Content_257` [ RunTime:0.0013s ]
SQL: SELECT * FROM `Data_Content_265` ORDER BY id desc LIMIT 0,10   [ RunTime:0.0017s ]
NOTIC: [2] strlen() expects exactly 1 parameter, 2 given /mnt/php-wzf/news/Application/Home/Controller/IndexController.class.php 第 64 行.
NOTIC: [2] strlen() expects exactly 1 parameter, 2 given /mnt/php-wzf/news/Application/Home/Controller/IndexController.class.php 第 64 行.
NOTIC: [2] strlen() expects exactly 1 parameter, 2 given /mnt/php-wzf/news/Application/Home/Controller/IndexController.class.php 第 64 行.
NOTIC: [2] strlen() expects exactly 1 parameter, 2 given /mnt/php-wzf/news/Application/Home/Controller/IndexController.class.php 第 64 行.
NOTIC: [2] strlen() expects exactly 1 parameter, 2 given /mnt/php-wzf/news/Application/Home/Controller/IndexController.class.php 第 64 行.
NOTIC: [2] strlen() expects exactly 1 parameter, 2 given /mnt/php-wzf/news/Application/Home/Controller/IndexController.class.php 第 64 行.
NOTIC: [2] strlen() expects exactly 1 parameter, 2 given /mnt/php-wzf/news/Application/Home/Controller/IndexController.class.php 第 64 行.
NOTIC: [2] strlen() expects exactly 1 parameter, 2 given /mnt/php-wzf/news/Application/Home/Controller/IndexController.class.php 第 64 行.
NOTIC: [2] strlen() expects exactly 1 parameter, 2 given /mnt/php-wzf/news/Application/Home/Controller/IndexController.class.php 第 64 行.
NOTIC: [2] strlen() expects exactly 1 parameter, 2 given /mnt/php-wzf/news/Application/Home/Controller/IndexController.class.php 第 64 行.

[ 2015-12-18T13:35:17+08:00 ] 123.121.2.180 /news/Home/Index/newsList
INFO: [ app_init ] --START--
INFO: Run Behavior\BuildLiteBehavior [ RunTime:0.000019s ]
INFO: [ app_init ] --END-- [ RunTime:0.000297s ]
INFO: [ app_begin ] --START--
INFO: Run Behavior\ReadHtmlCacheBehavior [ RunTime:0.000459s ]
INFO: [ app_begin ] --END-- [ RunTime:0.000527s ]
SQL: SHOW COLUMNS FROM `Data_Content_257` [ RunTime:0.0011s ]
SQL: SELECT * FROM `Data_Content_265` ORDER BY id desc LIMIT 0,10   [ RunTime:0.0016s ]
NOTIC: [2] strlen() expects exactly 1 parameter, 2 given /mnt/php-wzf/news/Application/Home/Controller/IndexController.class.php 第 64 行.
NOTIC: [2] strlen() expects exactly 1 parameter, 2 given /mnt/php-wzf/news/Application/Home/Controller/IndexController.class.php 第 64 行.
NOTIC: [2] strlen() expects exactly 1 parameter, 2 given /mnt/php-wzf/news/Application/Home/Controller/IndexController.class.php 第 64 行.
NOTIC: [2] strlen() expects exactly 1 parameter, 2 given /mnt/php-wzf/news/Application/Home/Controller/IndexController.class.php 第 64 行.
NOTIC: [2] strlen() expects exactly 1 parameter, 2 given /mnt/php-wzf/news/Application/Home/Controller/IndexController.class.php 第 64 行.
NOTIC: [2] strlen() expects exactly 1 parameter, 2 given /mnt/php-wzf/news/Application/Home/Controller/IndexController.class.php 第 64 行.
NOTIC: [2] strlen() expects exactly 1 parameter, 2 given /mnt/php-wzf/news/Application/Home/Controller/IndexController.class.php 第 64 行.
NOTIC: [2] strlen() expects exactly 1 parameter, 2 given /mnt/php-wzf/news/Application/Home/Controller/IndexController.class.php 第 64 行.
NOTIC: [2] strlen() expects exactly 1 parameter, 2 given /mnt/php-wzf/news/Application/Home/Controller/IndexController.class.php 第 64 行.
NOTIC: [2] strlen() expects exactly 1 parameter, 2 given /mnt/php-wzf/news/Application/Home/Controller/IndexController.class.php 第 64 行.

[ 2015-12-18T13:38:53+08:00 ] 123.121.2.180 /news/Home/Index/newsList
INFO: [ app_init ] --START--
INFO: Run Behavior\BuildLiteBehavior [ RunTime:0.004922s ]
INFO: [ app_init ] --END-- [ RunTime:0.005317s ]
INFO: [ app_begin ] --START--
INFO: Run Behavior\ReadHtmlCacheBehavior [ RunTime:0.000355s ]
INFO: [ app_begin ] --END-- [ RunTime:0.000439s ]
SQL: SHOW COLUMNS FROM `Data_Content_257` [ RunTime:0.0010s ]
SQL: SELECT * FROM `Data_Content_265` ORDER BY id desc LIMIT 0,10   [ RunTime:0.0014s ]
NOTIC: [2] strlen() expects exactly 1 parameter, 2 given /mnt/php-wzf/news/Application/Home/Controller/IndexController.class.php 第 64 行.
NOTIC: [2] strlen() expects exactly 1 parameter, 2 given /mnt/php-wzf/news/Application/Home/Controller/IndexController.class.php 第 64 行.
NOTIC: [2] strlen() expects exactly 1 parameter, 2 given /mnt/php-wzf/news/Application/Home/Controller/IndexController.class.php 第 64 行.
NOTIC: [2] strlen() expects exactly 1 parameter, 2 given /mnt/php-wzf/news/Application/Home/Controller/IndexController.class.php 第 64 行.
NOTIC: [2] strlen() expects exactly 1 parameter, 2 given /mnt/php-wzf/news/Application/Home/Controller/IndexController.class.php 第 64 行.
NOTIC: [2] strlen() expects exactly 1 parameter, 2 given /mnt/php-wzf/news/Application/Home/Controller/IndexController.class.php 第 64 行.
NOTIC: [2] strlen() expects exactly 1 parameter, 2 given /mnt/php-wzf/news/Application/Home/Controller/IndexController.class.php 第 64 行.
NOTIC: [2] strlen() expects exactly 1 parameter, 2 given /mnt/php-wzf/news/Application/Home/Controller/IndexController.class.php 第 64 行.
NOTIC: [2] strlen() expects exactly 1 parameter, 2 given /mnt/php-wzf/news/Application/Home/Controller/IndexController.class.php 第 64 行.
NOTIC: [2] strlen() expects exactly 1 parameter, 2 given /mnt/php-wzf/news/Application/Home/Controller/IndexController.class.php 第 64 行.

